2025-04-09 14:26:35.168 [info] [main] Log level: Info
2025-04-09 14:26:35.168 [info] [main] Validating found git in: "git"
2025-04-09 14:26:35.168 [info] [main] Using git "2.47.2" from "git"
2025-04-09 14:26:35.168 [info] [Model][doInitialScan] Initial repository scan started
2025-04-09 14:26:35.168 [info] > git rev-parse --show-toplevel [17ms]
2025-04-09 14:26:35.168 [info] fatal: not a git repository (or any of the parent directories): .git
2025-04-09 14:26:35.168 [info] > git rev-parse --show-toplevel [774ms]
2025-04-09 14:26:35.168 [info] fatal: not a git repository (or any of the parent directories): .git
2025-04-09 14:26:35.168 [info] [Model][doInitialScan] Initial repository scan completed - repositories (0), closed repositories (0), parent repositories (0), unsafe repositories (0)
2025-04-09 14:26:35.168 [info] > git rev-parse --show-toplevel [7ms]
2025-04-09 14:26:35.168 [info] fatal: not a git repository (or any of the parent directories): .git
2025-04-09 14:26:35.210 [info] > git rev-parse --show-toplevel [27ms]
2025-04-09 14:26:35.210 [info] fatal: not a git repository (or any of the parent directories): .git
2025-04-09 14:26:36.114 [info] > git rev-parse --show-toplevel [2ms]
2025-04-09 14:26:36.114 [info] fatal: not a git repository (or any of the parent directories): .git
2025-04-09 14:26:36.620 [info] > git rev-parse --show-toplevel [2ms]
2025-04-09 14:26:36.620 [info] fatal: not a git repository (or any of the parent directories): .git
2025-04-09 14:26:38.110 [info] > git rev-parse --show-toplevel [1ms]
2025-04-09 14:26:38.110 [info] fatal: not a git repository (or any of the parent directories): .git
2025-04-09 14:27:04.064 [info] > git rev-parse --show-toplevel [1ms]
2025-04-09 14:27:04.064 [info] fatal: not a git repository (or any of the parent directories): .git
2025-04-09 14:27:05.589 [info] > git rev-parse --show-toplevel [1ms]
2025-04-09 14:27:05.589 [info] fatal: not a git repository (or any of the parent directories): .git
