2025-04-10 05:53:10.779 [info] [main] Log level: Info
2025-04-10 05:53:10.779 [info] [main] Validating found git in: "git"
2025-04-10 05:53:10.779 [info] [main] Using git "2.49.0" from "git"
2025-04-10 05:53:10.779 [info] [Model][doInitialScan] Initial repository scan started
2025-04-10 05:53:10.779 [info] > git rev-parse --show-toplevel [4ms]
2025-04-10 05:53:10.780 [info] > git rev-parse --git-dir --git-common-dir [1ms]
2025-04-10 05:53:10.786 [info] [Model][openRepository] Opened repository: /home/roxor/android
2025-04-10 05:53:10.796 [info] > git rev-parse --show-toplevel [2ms]
2025-04-10 05:53:10.796 [info] [Model][doInitialScan] Initial repository scan completed - repositories (1), closed repositories (0), parent repositories (0), unsafe repositories (0)
2025-04-10 05:53:10.797 [info] > git config --get commit.template [7ms]
2025-04-10 05:53:10.820 [info] > git for-each-ref --format=%(refname)%00%(upstream:short)%00%(objectname)%00%(upstream:track)%00%(upstream:remotename)%00%(upstream:remoteref) refs/heads/15.0 refs/remotes/15.0 [17ms]
2025-04-10 05:53:10.831 [warning] [Git][revParse] Unable to read file: ENOENT: no such file or directory, open '/home/roxor/android/.git/refs/remotes/origin/15.0'
2025-04-10 05:53:10.833 [info] > git rev-parse refs/remotes/origin/15.0 [2ms]
2025-04-10 05:53:10.842 [info] > git status -z -uall [5ms]
2025-04-10 05:53:10.843 [info] > git for-each-ref --sort -committerdate --format %(refname)%00%(objectname)%00%(*objectname) [2ms]
2025-04-10 05:53:10.868 [info] > git config --get commit.template [4ms]
2025-04-10 05:53:10.868 [info] > git for-each-ref --format=%(refname)%00%(upstream:short)%00%(objectname)%00%(upstream:track)%00%(upstream:remotename)%00%(upstream:remoteref) refs/heads/15.0 refs/remotes/15.0 [9ms]
2025-04-10 05:53:10.891 [info] > git config --get --local branch.15.0.vscode-merge-base [19ms]
2025-04-10 05:53:10.891 [warning] [Git][config] git config failed: Failed to execute git
2025-04-10 05:53:10.897 [info] > git reflog 15.0 --grep-reflog=branch: Created from *. [2ms]
2025-04-10 05:53:10.902 [info] > git for-each-ref --format=%(refname)%00%(upstream:short)%00%(objectname)%00%(upstream:track)%00%(upstream:remotename)%00%(upstream:remoteref) refs/heads/15.0 refs/remotes/15.0 [12ms]
2025-04-10 05:53:10.906 [warning] [Git][revParse] Unable to read file: ENOENT: no such file or directory, open '/home/roxor/android/.git/refs/remotes/origin/15.0'
2025-04-10 05:53:10.908 [info] > git rev-parse refs/remotes/origin/15.0 [2ms]
2025-04-10 05:53:10.916 [info] > git symbolic-ref --short refs/remotes/origin/HEAD [14ms]
2025-04-10 05:53:10.920 [info] > git status -z -uall [8ms]
2025-04-10 05:53:10.920 [info] > git for-each-ref --sort -committerdate --format %(refname)%00%(objectname)%00%(*objectname) [4ms]
2025-04-10 05:53:10.928 [info] > git for-each-ref --format=%(refname)%00%(upstream:short)%00%(objectname)%00%(upstream:track)%00%(upstream:remotename)%00%(upstream:remoteref) refs/heads/origin/15.0 refs/remotes/origin/15.0 [9ms]
2025-04-10 05:53:10.933 [info] > git for-each-ref --format=%(refname)%00%(upstream:short)%00%(objectname)%00%(upstream:track)%00%(upstream:remotename)%00%(upstream:remoteref) refs/heads/15.0 refs/remotes/15.0 [7ms]
2025-04-10 05:53:10.938 [info] > git config --add --local branch.15.0.vscode-merge-base origin/15.0 [6ms]
2025-04-10 05:53:10.942 [info] > git config --get --local branch.15.0.vscode-merge-base [5ms]
2025-04-10 05:53:10.946 [info] > git config --get commit.template [4ms]
2025-04-10 05:53:10.950 [info] > git for-each-ref --format=%(refname)%00%(upstream:short)%00%(objectname)%00%(upstream:track)%00%(upstream:remotename)%00%(upstream:remoteref) refs/heads/origin/15.0 refs/remotes/origin/15.0 [4ms]
2025-04-10 05:53:10.954 [info] > git for-each-ref --format=%(refname)%00%(upstream:short)%00%(objectname)%00%(upstream:track)%00%(upstream:remotename)%00%(upstream:remoteref) refs/heads/15.0 refs/remotes/15.0 [4ms]
2025-04-10 05:53:10.958 [warning] [Git][revParse] Unable to read file: ENOENT: no such file or directory, open '/home/roxor/android/.git/refs/remotes/origin/15.0'
2025-04-10 05:53:10.959 [info] > git merge-base refs/heads/15.0 refs/remotes/origin/15.0 [5ms]
2025-04-10 05:53:10.963 [info] > git rev-parse refs/remotes/origin/15.0 [5ms]
2025-04-10 05:53:10.971 [info] > git status -z -uall [5ms]
2025-04-10 05:53:10.971 [info] > git diff --name-status -z --diff-filter=ADMR 5e71a36314d212a793ca48250d3a4b932f53cb11...refs/remotes/origin/15.0 [8ms]
2025-04-10 05:53:10.972 [info] > git for-each-ref --sort -committerdate --format %(refname)%00%(objectname)%00%(*objectname) [2ms]
2025-04-10 05:53:11.311 [info] > git check-ignore -v -z --stdin [1ms]
2025-04-10 05:53:13.137 [info] > git config --get commit.template [5ms]
2025-04-10 05:53:13.138 [info] > git for-each-ref --format=%(refname)%00%(upstream:short)%00%(objectname)%00%(upstream:track)%00%(upstream:remotename)%00%(upstream:remoteref) refs/heads/15.0 refs/remotes/15.0 [1ms]
2025-04-10 05:53:13.142 [warning] [Git][revParse] Unable to read file: ENOENT: no such file or directory, open '/home/roxor/android/.git/refs/remotes/origin/15.0'
2025-04-10 05:53:13.143 [info] > git rev-parse refs/remotes/origin/15.0 [1ms]
2025-04-10 05:53:13.151 [info] > git status -z -uall [4ms]
2025-04-10 05:53:13.153 [info] > git for-each-ref --sort -committerdate --format %(refname)%00%(objectname)%00%(*objectname) [2ms]
2025-04-10 05:53:17.452 [info] > git check-ignore -v -z --stdin [1ms]
2025-04-10 05:53:18.769 [info] > git show --textconv :snippets/matrixx.xml [4ms]
2025-04-10 05:53:18.770 [info] > git ls-files --stage -- snippets/matrixx.xml [1ms]
2025-04-10 05:53:18.775 [info] > git cat-file -s 565bc8c3941379881602a1ab1635fecd2084cf13 [1ms]
2025-04-10 05:53:20.377 [info] > git show --textconv :snippets/crdroid.xml [5ms]
2025-04-10 05:53:20.378 [info] > git ls-files --stage -- snippets/crdroid.xml [2ms]
2025-04-10 05:53:20.383 [info] > git cat-file -s 03ed667ec36a03ecf377f9f53a62a2a49f7b3c68 [1ms]
2025-04-10 05:53:23.353 [info] > git show --textconv :snippets/matrixx.xml [5ms]
2025-04-10 05:53:23.354 [info] > git ls-files --stage -- snippets/matrixx.xml [1ms]
2025-04-10 05:53:23.359 [info] > git cat-file -s 565bc8c3941379881602a1ab1635fecd2084cf13 [1ms]
2025-04-10 05:53:28.608 [info] > git show --textconv :snippets/matrixx.xml [5ms]
2025-04-10 05:53:28.609 [info] > git ls-files --stage -- snippets/matrixx.xml [1ms]
2025-04-10 05:53:28.614 [info] > git cat-file -s 565bc8c3941379881602a1ab1635fecd2084cf13 [1ms]
2025-04-10 05:53:45.747 [info] > git blame --root --incremental 2400555c60406014cf8fa52973cf00f70e657f2f -- snippets/matrixx.xml [3ms]
2025-04-10 05:53:48.121 [info] > git blame --root --incremental 2400555c60406014cf8fa52973cf00f70e657f2f -- snippets/crdroid.xml [5ms]
2025-04-10 05:58:20.817 [info] > git config --get commit.template [5ms]
2025-04-10 05:58:20.818 [info] > git for-each-ref --format=%(refname)%00%(upstream:short)%00%(objectname)%00%(upstream:track)%00%(upstream:remotename)%00%(upstream:remoteref) refs/heads/15.0 refs/remotes/15.0 [2ms]
2025-04-10 05:58:20.821 [warning] [Git][revParse] Unable to read file: ENOENT: no such file or directory, open '/home/roxor/android/.git/refs/remotes/origin/15.0'
2025-04-10 05:58:20.822 [info] > git rev-parse refs/remotes/origin/15.0 [1ms]
2025-04-10 05:58:20.831 [info] > git status -z -uall [5ms]
2025-04-10 05:58:20.831 [info] > git for-each-ref --sort -committerdate --format %(refname)%00%(objectname)%00%(*objectname) [1ms]
2025-04-10 05:59:26.095 [info] > git config --get commit.template [5ms]
2025-04-10 05:59:26.100 [info] > git ls-files --stage -- snippets/matrixx.xml [6ms]
2025-04-10 05:59:26.103 [info] > git for-each-ref --format=%(refname)%00%(upstream:short)%00%(objectname)%00%(upstream:track)%00%(upstream:remotename)%00%(upstream:remoteref) refs/heads/15.0 refs/remotes/15.0 [4ms]
2025-04-10 05:59:26.107 [warning] [Git][revParse] Unable to read file: ENOENT: no such file or directory, open '/home/roxor/android/.git/refs/remotes/origin/15.0'
2025-04-10 05:59:26.107 [info] > git cat-file -s 565bc8c3941379881602a1ab1635fecd2084cf13 [4ms]
2025-04-10 05:59:26.108 [info] > git rev-parse refs/remotes/origin/15.0 [1ms]
2025-04-10 05:59:26.117 [info] > git status -z -uall [5ms]
2025-04-10 05:59:26.122 [info] > git for-each-ref --sort -committerdate --format %(refname)%00%(objectname)%00%(*objectname) [5ms]
2025-04-10 05:59:26.125 [info] > git show --textconv :snippets/matrixx.xml [4ms]
2025-04-10 05:59:29.753 [info] > git show --textconv :snippets/crdroid.xml [4ms]
2025-04-10 05:59:29.754 [info] > git ls-files --stage -- snippets/crdroid.xml [1ms]
2025-04-10 05:59:29.758 [info] > git cat-file -s 03ed667ec36a03ecf377f9f53a62a2a49f7b3c68 [1ms]
2025-04-10 05:59:31.135 [info] > git config --get commit.template [4ms]
2025-04-10 05:59:31.136 [info] > git for-each-ref --format=%(refname)%00%(upstream:short)%00%(objectname)%00%(upstream:track)%00%(upstream:remotename)%00%(upstream:remoteref) refs/heads/15.0 refs/remotes/15.0 [1ms]
2025-04-10 05:59:31.140 [warning] [Git][revParse] Unable to read file: ENOENT: no such file or directory, open '/home/roxor/android/.git/refs/remotes/origin/15.0'
2025-04-10 05:59:31.141 [info] > git rev-parse refs/remotes/origin/15.0 [1ms]
2025-04-10 05:59:31.148 [info] > git status -z -uall [4ms]
2025-04-10 05:59:31.149 [info] > git for-each-ref --sort -committerdate --format %(refname)%00%(objectname)%00%(*objectname) [1ms]
2025-04-10 05:59:41.691 [info] > git show --textconv :snippets/matrixx.xml [5ms]
2025-04-10 05:59:41.692 [info] > git ls-files --stage -- snippets/matrixx.xml [1ms]
2025-04-10 05:59:41.696 [info] > git cat-file -s 565bc8c3941379881602a1ab1635fecd2084cf13 [0ms]
2025-04-10 05:59:42.621 [info] > git show --textconv :snippets/crdroid.xml [6ms]
2025-04-10 05:59:42.621 [info] > git ls-files --stage -- snippets/crdroid.xml [1ms]
2025-04-10 05:59:42.626 [info] > git cat-file -s 03ed667ec36a03ecf377f9f53a62a2a49f7b3c68 [1ms]
2025-04-10 06:00:28.359 [info] > git config --get commit.template [4ms]
2025-04-10 06:00:28.361 [info] > git for-each-ref --format=%(refname)%00%(upstream:short)%00%(objectname)%00%(upstream:track)%00%(upstream:remotename)%00%(upstream:remoteref) refs/heads/15.0 refs/remotes/15.0 [2ms]
2025-04-10 06:00:28.364 [warning] [Git][revParse] Unable to read file: ENOENT: no such file or directory, open '/home/roxor/android/.git/refs/remotes/origin/15.0'
2025-04-10 06:00:28.365 [info] > git rev-parse refs/remotes/origin/15.0 [1ms]
2025-04-10 06:00:28.374 [info] > git status -z -uall [5ms]
2025-04-10 06:00:28.375 [info] > git for-each-ref --sort -committerdate --format %(refname)%00%(objectname)%00%(*objectname) [2ms]
2025-04-10 06:00:46.139 [info] > git config --get commit.template [6ms]
2025-04-10 06:00:46.140 [info] > git for-each-ref --format=%(refname)%00%(upstream:short)%00%(objectname)%00%(upstream:track)%00%(upstream:remotename)%00%(upstream:remoteref) refs/heads/15.0 refs/remotes/15.0 [2ms]
2025-04-10 06:00:46.144 [warning] [Git][revParse] Unable to read file: ENOENT: no such file or directory, open '/home/roxor/android/.git/refs/remotes/origin/15.0'
2025-04-10 06:00:46.145 [info] > git rev-parse refs/remotes/origin/15.0 [1ms]
2025-04-10 06:00:46.153 [info] > git status -z -uall [4ms]
2025-04-10 06:00:46.154 [info] > git for-each-ref --sort -committerdate --format %(refname)%00%(objectname)%00%(*objectname) [1ms]
2025-04-10 06:00:47.199 [info] > git show --textconv :snippets/crdroid.xml [5ms]
2025-04-10 06:00:47.200 [info] > git ls-files --stage -- snippets/crdroid.xml [2ms]
2025-04-10 06:00:47.204 [info] > git cat-file -s 03ed667ec36a03ecf377f9f53a62a2a49f7b3c68 [1ms]
2025-04-10 06:01:13.943 [info] > git config --get commit.template [5ms]
2025-04-10 06:01:13.944 [info] > git for-each-ref --format=%(refname)%00%(upstream:short)%00%(objectname)%00%(upstream:track)%00%(upstream:remotename)%00%(upstream:remoteref) refs/heads/15.0 refs/remotes/15.0 [1ms]
2025-04-10 06:01:13.949 [warning] [Git][revParse] Unable to read file: ENOENT: no such file or directory, open '/home/roxor/android/.git/refs/remotes/origin/15.0'
2025-04-10 06:01:13.950 [info] > git rev-parse refs/remotes/origin/15.0 [2ms]
2025-04-10 06:01:13.958 [info] > git status -z -uall [4ms]
2025-04-10 06:01:13.959 [info] > git for-each-ref --sort -committerdate --format %(refname)%00%(objectname)%00%(*objectname) [2ms]
2025-04-10 06:01:27.320 [info] > git config --get commit.template [5ms]
2025-04-10 06:01:27.321 [info] > git for-each-ref --format=%(refname)%00%(upstream:short)%00%(objectname)%00%(upstream:track)%00%(upstream:remotename)%00%(upstream:remoteref) refs/heads/15.0 refs/remotes/15.0 [2ms]
2025-04-10 06:01:27.326 [warning] [Git][revParse] Unable to read file: ENOENT: no such file or directory, open '/home/roxor/android/.git/refs/remotes/origin/15.0'
2025-04-10 06:01:27.327 [info] > git rev-parse refs/remotes/origin/15.0 [1ms]
2025-04-10 06:01:27.335 [info] > git status -z -uall [4ms]
2025-04-10 06:01:27.337 [info] > git for-each-ref --sort -committerdate --format %(refname)%00%(objectname)%00%(*objectname) [2ms]
