2025-03-31T03:57:09.667Z - info: [ui] [AppStore] loading 1 repositories from store
2025-03-31T03:57:09.725Z - info: [ui] launching: 3.4.2-linux1 (Linux 6.12.15-xanmod1)
2025-03-31T03:57:09.729Z - info: [ui] execPath: '/nix/store/6sndrkg2lkc6fxghykyc2vhzcyrjghvj-github-desktop-3.4.2/opt/github-desktop'
2025-03-31T03:57:10.530Z - info: [ui] Stats reported.
2025-03-31T03:57:21.655Z - info: [ui] [AppStore] adding repository at /home/roxor/matrixx/android_frameworks_base to store
2025-03-31T03:57:39.531Z - info: [main] opening in browser: https://code.visualstudio.com
2025-03-31T03:57:49.692Z - info: [ui] [SignInStore] initializing OAuth flow
2025-03-31T03:57:49.696Z - info: [main] opening in browser: https://github.com/login/oauth/authorize?client_id=3a723b10ac5575cc5bb9&scope=repo%20user%20workflow&state=d354d9f2-2ab3-49ab-ab63-00b63b64d033
2025-03-31T03:57:49.696Z - info: [ui] [SignInStore] account resolved
2025-03-31T03:57:53.274Z - info: [main] Received possible protocol arguments: 3
2025-03-31T03:57:53.274Z - info: [main] Processing protocol url
2025-03-31T03:57:53.363Z - info: [main] Received possible protocol arguments: 2
2025-03-31T03:57:53.367Z - info: [main] Processing protocol url
2025-03-31T03:57:54.688Z - info: [ui] [SignInStore] initializing OAuth flow
2025-03-31T03:57:54.692Z - info: [main] opening in browser: https://github.com/login/oauth/authorize?client_id=3a723b10ac5575cc5bb9&scope=repo%20user%20workflow&state=0168d755-3a0e-4e12-b622-43a6bad8a9d0
2025-03-31T03:57:54.692Z - info: [ui] [SignInStore] account resolved
2025-03-31T03:57:54.702Z - info: [ui] [AppStore] adding account kshitij-vk (Kshitij Koyande ) to store
2025-03-31T03:57:54.715Z - error: [ui] Error adding account 'kshitij-vk'
Error: Object does not exist at path “/org/freedesktop/secrets/collection/login”
2025-03-31T04:00:42.813Z - info: [ui] [RepositoryIndicatorUpdater]: Refreshing sidebar indicators for 1 repositories took 1.9s of which 61.4s paused, total 63.3s
2025-03-31T04:19:37.833Z - info: [ui] [AppStore] loading 1 repositories from store
2025-03-31T04:19:37.937Z - info: [ui] launching: 3.4.2-linux1 (Linux 6.12.15-xanmod1)
2025-03-31T04:19:37.938Z - info: [ui] execPath: '/nix/store/6sndrkg2lkc6fxghykyc2vhzcyrjghvj-github-desktop-3.4.2/opt/github-desktop'
2025-03-31T04:19:43.253Z - info: [ui] [SignInStore] initializing OAuth flow
2025-03-31T04:19:43.257Z - info: [main] opening in browser: https://github.com/login/oauth/authorize?client_id=3a723b10ac5575cc5bb9&scope=repo%20user%20workflow&state=4647bd17-7549-4a87-b4cd-0d8ae320746d
2025-03-31T04:19:43.257Z - info: [ui] [SignInStore] account resolved
2025-03-31T04:19:48.919Z - info: [main] Received possible protocol arguments: 3
2025-03-31T04:19:48.919Z - info: [main] Processing protocol url
2025-03-31T04:19:48.919Z - warn: [ui] requestAuthenticatedUser was not called with valid OAuth state. This is likely due to a browser reloading the callback URL. Contact GitHub Support if you believe this is an error
2025-03-31T04:19:49.014Z - info: [main] Received possible protocol arguments: 2
2025-03-31T04:19:49.018Z - info: [main] Processing protocol url
2025-03-31T04:19:51.750Z - info: [main] Received possible protocol arguments: 3
2025-03-31T04:19:51.750Z - info: [main] Processing protocol url
2025-03-31T04:19:51.845Z - info: [main] Received possible protocol arguments: 2
2025-03-31T04:19:51.850Z - info: [main] Processing protocol url
2025-03-31T04:19:52.785Z - info: [ui] [AppStore] adding account kshitij-vk (Kshitij Koyande ) to store
2025-03-31T04:19:52.799Z - error: [ui] Error adding account 'kshitij-vk'
Error: Object does not exist at path “/org/freedesktop/secrets/collection/login”
2025-03-31T04:21:04.847Z - info: [ui] [AppStore] loading 1 repositories from store
2025-03-31T04:21:04.987Z - info: [ui] launching: 3.4.2-linux1 (Linux 6.12.15-xanmod1)
2025-03-31T04:21:04.988Z - info: [ui] execPath: '/nix/store/6sndrkg2lkc6fxghykyc2vhzcyrjghvj-github-desktop-3.4.2/opt/github-desktop'
2025-03-31T04:21:14.261Z - info: [ui] [SignInStore] initializing OAuth flow
2025-03-31T04:21:14.265Z - info: [main] opening in browser: https://github.com/login/oauth/authorize?client_id=3a723b10ac5575cc5bb9&scope=repo%20user%20workflow&state=8f3f5cac-de33-405d-8f1e-547114e75ff3
2025-03-31T04:21:14.265Z - info: [ui] [SignInStore] account resolved
2025-03-31T04:21:48.318Z - info: [main] Received possible protocol arguments: 4
2025-03-31T04:21:48.318Z - info: [main] Processing protocol url
2025-03-31T04:21:48.425Z - info: [main] Received possible protocol arguments: 2
2025-03-31T04:21:48.429Z - info: [main] Processing protocol url
2025-03-31T04:21:49.385Z - info: [ui] [AppStore] adding account kshitij-vk (Kshitij Koyande ) to store
2025-03-31T04:21:49.924Z - info: [ui] Subscribed 'kshitij-vk' to Alive channel
2025-03-31T04:22:25.509Z - info: [ui] [AppStore] loading 1 repositories from store
2025-03-31T04:22:25.512Z - info: [ui] [AppStore] found account: kshitij-vk (Kshitij Koyande )
2025-03-31T04:22:25.882Z - warn: [ui] Error refreshing account 'kshitij-vk'
Error: Cannot update an account which doesn't have a token: kshitij-vk
    at at (/home/roxor/webpack:/app/src/lib/fatal-error.ts:3:9)
    at /home/roxor/webpack:/app/src/lib/stores/accounts-store.ts:216:12
    at Lp.tryUpdateAccount (/home/roxor/webpack:/app/src/lib/stores/accounts-store.ts:135:20)
    at /home/roxor/webpack:/app/src/lib/stores/accounts-store.ts:115:37
    at Array.map (<anonymous>)
    at Lp.refresh (/home/roxor/webpack:/app/src/lib/stores/accounts-store.ts:115:21)
    at Lp.loadInitialState (/home/roxor/webpack:/app/src/lib/stores/app-store.ts:2259:24)
2025-03-31T04:22:26.179Z - warn: [ui] Alive channel request failed: Error: Not Found
2025-03-31T04:22:26.181Z - info: [ui] launching: 3.4.2-linux1 (Linux 6.12.15-xanmod1)
2025-03-31T04:22:26.181Z - info: [ui] execPath: '/nix/store/6sndrkg2lkc6fxghykyc2vhzcyrjghvj-github-desktop-3.4.2/opt/github-desktop'
2025-03-31T04:22:26.229Z - warn: [ui] Alive channel request failed: Error: Not Found
2025-03-31T04:22:26.233Z - warn: [ui] Alive channel request failed: Error: Not Found
2025-03-31T04:22:26.259Z - warn: [ui] Alive channel request failed: Error: Not Found
2025-03-31T04:26:24.728Z - error: [ui] Could not load old contents for syntax highlighting
RangeError [ERR_CHILD_PROCESS_STDIO_MAXBUFFER]: stdout maxBuffer length exceeded
    at Socket.onChildStdout (node:child_process:490:14)
    at Socket.emit (node:events:531:35)
    at addChunk (node:internal/streams/readable:559:12)
    at readableAddChunkPushByteMode (node:internal/streams/readable:510:3)
    at Socket.Readable.push (node:internal/streams/readable:390:5)
    at Pipe.onStreamRead (node:internal/stream_base_commons:191:23)
2025-03-31T04:26:34.491Z - error: [ui] Could not load old contents for syntax highlighting
RangeError [ERR_CHILD_PROCESS_STDIO_MAXBUFFER]: stdout maxBuffer length exceeded
    at Socket.onChildStdout (node:child_process:490:14)
    at Socket.emit (node:events:531:35)
    at addChunk (node:internal/streams/readable:559:12)
    at readableAddChunkPushByteMode (node:internal/streams/readable:510:3)
    at Socket.Readable.push (node:internal/streams/readable:390:5)
    at Pipe.onStreamRead (node:internal/stream_base_commons:191:23)
2025-03-31T04:28:12.622Z - error: [ui] Could not load old contents for syntax highlighting
RangeError [ERR_CHILD_PROCESS_STDIO_MAXBUFFER]: stdout maxBuffer length exceeded
    at Socket.onChildStdout (node:child_process:490:14)
    at Socket.emit (node:events:531:35)
    at addChunk (node:internal/streams/readable:559:12)
    at readableAddChunkPushByteMode (node:internal/streams/readable:510:3)
    at Socket.Readable.push (node:internal/streams/readable:390:5)
    at Pipe.onStreamRead (node:internal/stream_base_commons:191:23)
2025-03-31T04:35:49.801Z - error: [ui] Could not load old contents for syntax highlighting
RangeError [ERR_CHILD_PROCESS_STDIO_MAXBUFFER]: stdout maxBuffer length exceeded
    at Socket.onChildStdout (node:child_process:490:14)
    at Socket.emit (node:events:531:35)
    at addChunk (node:internal/streams/readable:559:12)
    at readableAddChunkPushByteMode (node:internal/streams/readable:510:3)
    at Socket.Readable.push (node:internal/streams/readable:390:5)
    at Pipe.onStreamRead (node:internal/stream_base_commons:191:23)
2025-03-31T05:10:29.363Z - error: [ui] Could not load old contents for syntax highlighting
RangeError [ERR_CHILD_PROCESS_STDIO_MAXBUFFER]: stdout maxBuffer length exceeded
    at Socket.onChildStdout (node:child_process:490:14)
    at Socket.emit (node:events:531:35)
    at addChunk (node:internal/streams/readable:559:12)
    at readableAddChunkPushByteMode (node:internal/streams/readable:510:3)
    at Socket.Readable.push (node:internal/streams/readable:390:5)
    at Pipe.onStreamRead (node:internal/stream_base_commons:191:23)
2025-03-31T05:32:57.073Z - error: [ui] Could not load old contents for syntax highlighting
RangeError [ERR_CHILD_PROCESS_STDIO_MAXBUFFER]: stdout maxBuffer length exceeded
    at Socket.onChildStdout (node:child_process:490:14)
    at Socket.emit (node:events:531:35)
    at addChunk (node:internal/streams/readable:559:12)
    at readableAddChunkPushByteMode (node:internal/streams/readable:510:3)
    at Socket.Readable.push (node:internal/streams/readable:390:5)
    at Pipe.onStreamRead (node:internal/stream_base_commons:191:23)
2025-03-31T05:35:43.014Z - error: [ui] Could not load old contents for syntax highlighting
RangeError [ERR_CHILD_PROCESS_STDIO_MAXBUFFER]: stdout maxBuffer length exceeded
    at Socket.onChildStdout (node:child_process:490:14)
    at Socket.emit (node:events:531:35)
    at addChunk (node:internal/streams/readable:559:12)
    at readableAddChunkPushByteMode (node:internal/streams/readable:510:3)
    at Socket.Readable.push (node:internal/streams/readable:390:5)
    at Pipe.onStreamRead (node:internal/stream_base_commons:191:23)
2025-03-31T05:39:26.209Z - error: [ui] Could not load old contents for syntax highlighting
RangeError [ERR_CHILD_PROCESS_STDIO_MAXBUFFER]: stdout maxBuffer length exceeded
    at Socket.onChildStdout (node:child_process:490:14)
    at Socket.emit (node:events:531:35)
    at addChunk (node:internal/streams/readable:559:12)
    at readableAddChunkPushByteMode (node:internal/streams/readable:510:3)
    at Socket.Readable.push (node:internal/streams/readable:390:5)
    at Pipe.onStreamRead (node:internal/stream_base_commons:191:23)
2025-03-31T05:39:26.209Z - error: [ui] Could not load new contents for syntax highlighting
RangeError [ERR_CHILD_PROCESS_STDIO_MAXBUFFER]: stdout maxBuffer length exceeded
    at Socket.onChildStdout (node:child_process:490:14)
    at Socket.emit (node:events:531:35)
    at addChunk (node:internal/streams/readable:559:12)
    at readableAddChunkPushByteMode (node:internal/streams/readable:510:3)
    at Socket.Readable.push (node:internal/streams/readable:390:5)
    at Pipe.onStreamRead (node:internal/stream_base_commons:191:23)
2025-03-31T06:10:25.771Z - info: [ui] Executing updateRemoteHEAD: git remote set-head -a origin (took 3.050s)
2025-03-31T06:33:21.994Z - error: [ui] Could not load old contents for syntax highlighting
RangeError [ERR_CHILD_PROCESS_STDIO_MAXBUFFER]: stdout maxBuffer length exceeded
    at Socket.onChildStdout (node:child_process:490:14)
    at Socket.emit (node:events:531:35)
    at addChunk (node:internal/streams/readable:559:12)
    at readableAddChunkPushByteMode (node:internal/streams/readable:510:3)
    at Socket.Readable.push (node:internal/streams/readable:390:5)
    at Pipe.onStreamRead (node:internal/stream_base_commons:191:23)
2025-03-31T07:11:01.382Z - error: [ui] Could not load old contents for syntax highlighting
RangeError [ERR_CHILD_PROCESS_STDIO_MAXBUFFER]: stdout maxBuffer length exceeded
    at Socket.onChildStdout (node:child_process:490:14)
    at Socket.emit (node:events:531:35)
    at addChunk (node:internal/streams/readable:559:12)
    at readableAddChunkPushByteMode (node:internal/streams/readable:510:3)
    at Socket.Readable.push (node:internal/streams/readable:390:5)
    at Pipe.onStreamRead (node:internal/stream_base_commons:191:23)
2025-03-31T07:11:01.382Z - error: [ui] Could not load new contents for syntax highlighting
RangeError [ERR_CHILD_PROCESS_STDIO_MAXBUFFER]: stdout maxBuffer length exceeded
    at Socket.onChildStdout (node:child_process:490:14)
    at Socket.emit (node:events:531:35)
    at addChunk (node:internal/streams/readable:559:12)
    at readableAddChunkPushByteMode (node:internal/streams/readable:510:3)
    at Socket.Readable.push (node:internal/streams/readable:390:5)
    at Pipe.onStreamRead (node:internal/stream_base_commons:191:23)
2025-03-31T07:11:47.514Z - error: [ui] Could not load old contents for syntax highlighting
RangeError [ERR_CHILD_PROCESS_STDIO_MAXBUFFER]: stdout maxBuffer length exceeded
    at Socket.onChildStdout (node:child_process:490:14)
    at Socket.emit (node:events:531:35)
    at addChunk (node:internal/streams/readable:559:12)
    at readableAddChunkPushByteMode (node:internal/streams/readable:510:3)
    at Socket.Readable.push (node:internal/streams/readable:390:5)
    at Pipe.onStreamRead (node:internal/stream_base_commons:191:23)
2025-03-31T07:11:47.514Z - error: [ui] Could not load new contents for syntax highlighting
RangeError [ERR_CHILD_PROCESS_STDIO_MAXBUFFER]: stdout maxBuffer length exceeded
    at Socket.onChildStdout (node:child_process:490:14)
    at Socket.emit (node:events:531:35)
    at addChunk (node:internal/streams/readable:559:12)
    at readableAddChunkPushByteMode (node:internal/streams/readable:510:3)
    at Socket.Readable.push (node:internal/streams/readable:390:5)
    at Pipe.onStreamRead (node:internal/stream_base_commons:191:23)
2025-03-31T07:11:48.674Z - error: [ui] Could not load old contents for syntax highlighting
RangeError [ERR_CHILD_PROCESS_STDIO_MAXBUFFER]: stdout maxBuffer length exceeded
    at Socket.onChildStdout (node:child_process:490:14)
    at Socket.emit (node:events:531:35)
    at addChunk (node:internal/streams/readable:559:12)
    at readableAddChunkPushByteMode (node:internal/streams/readable:510:3)
    at Socket.Readable.push (node:internal/streams/readable:390:5)
    at Pipe.onStreamRead (node:internal/stream_base_commons:191:23)
2025-03-31T07:11:48.674Z - error: [ui] Could not load new contents for syntax highlighting
RangeError [ERR_CHILD_PROCESS_STDIO_MAXBUFFER]: stdout maxBuffer length exceeded
    at Socket.onChildStdout (node:child_process:490:14)
    at Socket.emit (node:events:531:35)
    at addChunk (node:internal/streams/readable:559:12)
    at readableAddChunkPushByteMode (node:internal/streams/readable:510:3)
    at Socket.Readable.push (node:internal/streams/readable:390:5)
    at Pipe.onStreamRead (node:internal/stream_base_commons:191:23)
2025-03-31T07:11:50.625Z - error: [ui] Could not load old contents for syntax highlighting
RangeError [ERR_CHILD_PROCESS_STDIO_MAXBUFFER]: stdout maxBuffer length exceeded
    at Socket.onChildStdout (node:child_process:490:14)
    at Socket.emit (node:events:531:35)
    at addChunk (node:internal/streams/readable:559:12)
    at readableAddChunkPushByteMode (node:internal/streams/readable:510:3)
    at Socket.Readable.push (node:internal/streams/readable:390:5)
    at Pipe.onStreamRead (node:internal/stream_base_commons:191:23)
2025-03-31T07:11:50.626Z - error: [ui] Could not load new contents for syntax highlighting
RangeError [ERR_CHILD_PROCESS_STDIO_MAXBUFFER]: stdout maxBuffer length exceeded
    at Socket.onChildStdout (node:child_process:490:14)
    at Socket.emit (node:events:531:35)
    at addChunk (node:internal/streams/readable:559:12)
    at readableAddChunkPushByteMode (node:internal/streams/readable:510:3)
    at Socket.Readable.push (node:internal/streams/readable:390:5)
    at Pipe.onStreamRead (node:internal/stream_base_commons:191:23)
2025-03-31T07:11:52.536Z - error: [ui] Could not load old contents for syntax highlighting
RangeError [ERR_CHILD_PROCESS_STDIO_MAXBUFFER]: stdout maxBuffer length exceeded
    at Socket.onChildStdout (node:child_process:490:14)
    at Socket.emit (node:events:531:35)
    at addChunk (node:internal/streams/readable:559:12)
    at readableAddChunkPushByteMode (node:internal/streams/readable:510:3)
    at Socket.Readable.push (node:internal/streams/readable:390:5)
    at Pipe.onStreamRead (node:internal/stream_base_commons:191:23)
2025-03-31T07:11:52.536Z - error: [ui] Could not load new contents for syntax highlighting
RangeError [ERR_CHILD_PROCESS_STDIO_MAXBUFFER]: stdout maxBuffer length exceeded
    at Socket.onChildStdout (node:child_process:490:14)
    at Socket.emit (node:events:531:35)
    at addChunk (node:internal/streams/readable:559:12)
    at readableAddChunkPushByteMode (node:internal/streams/readable:510:3)
    at Socket.Readable.push (node:internal/streams/readable:390:5)
    at Pipe.onStreamRead (node:internal/stream_base_commons:191:23)
2025-03-31T07:51:07.463Z - info: [ui] [AppStore] adding repository at /home/roxor/matrixx/android_packages_apps_crDroidSettings to store
2025-03-31T07:56:43.405Z - info: [ui] No submodules found. Skipping "git submodule status"
2025-03-31T08:08:38.785Z - info: [ui] [RepositoryIndicatorUpdater]: Refreshing sidebar indicators for 2 repositories took 0.8s of which 0.0s paused, total 0.8s
2025-03-31T08:08:55.267Z - info: [ui] No submodules found. Skipping "git submodule status"
2025-03-31T08:08:56.986Z - info: [ui] No submodules found. Skipping "git submodule status"
2025-03-31T09:20:16.952Z - info: [ui] [RepositoryIndicatorUpdater]: Refreshing sidebar indicators for 2 repositories took 0.8s of which 178.9s paused, total 179.8s
2025-03-31T09:27:34.537Z - info: [ui] No submodules found. Skipping "git submodule status"
2025-03-31T10:13:13.591Z - info: [ui] [RepositoryIndicatorUpdater]: Refreshing sidebar indicators for 2 repositories took 1.0s of which 272.8s paused, total 273.8s
2025-03-31T10:21:50.272Z - info: [ui] [AppStore] adding repository at /home/roxor/matrixx/android_packages_apps_Launcher3 to store
2025-03-31T10:23:52.511Z - info: [ui] [RepositoryIndicatorUpdater]: Refreshing sidebar indicators for 3 repositories took 1.2s of which 10.3s paused, total 11.5s
2025-03-31T10:38:43.283Z - info: [ui] [RepositoryIndicatorUpdater]: Refreshing sidebar indicators for 3 repositories took 1.1s of which 0.0s paused, total 1.1s
2025-03-31T10:54:26.057Z - info: [ui] [RepositoryIndicatorUpdater]: Refreshing sidebar indicators for 3 repositories took 1.1s of which 0.0s paused, total 1.1s
2025-03-31T12:21:03.074Z - info: [ui] [RepositoryIndicatorUpdater]: Refreshing sidebar indicators for 3 repositories took 2.0s of which 0.0s paused, total 2.0s
2025-03-31T12:21:06.907Z - info: [ui] No submodules found. Skipping "git submodule status"
2025-03-31T12:21:18.442Z - info: [ui] No submodules found. Skipping "git submodule status"
2025-03-31T12:21:20.713Z - info: [ui] No submodules found. Skipping "git submodule status"
2025-03-31T13:26:53.975Z - info: [ui] [RepositoryIndicatorUpdater]: Refreshing sidebar indicators for 3 repositories took 1.9s of which 6.2s paused, total 8.0s
2025-03-31T14:21:50.668Z - info: [ui] [BranchPruner] Last prune took place 4 hours ago - skipping
2025-03-31T14:41:07.119Z - info: [ui] Executing updateRemoteHEAD: git remote set-head -a origin (took 1.743s)
2025-03-31T15:31:57.037Z - info: [ui] [RepositoryIndicatorUpdater]: Refreshing sidebar indicators for 3 repositories took 1.2s of which 2026.0s paused, total 2027.2s
2025-03-31T15:45:56.372Z - info: [ui] Executing fetch: git fetch --progress --prune --recurse-submodules=on-demand origin (took 3.600s)
2025-03-31T15:45:59.331Z - info: [ui] Executing updateRemoteHEAD: git remote set-head -a origin (took 2.951s)
2025-03-31T17:31:32.761Z - info: [ui] [RepositoryIndicatorUpdater]: Refreshing sidebar indicators for 3 repositories took 1.1s of which 0.0s paused, total 1.1s
2025-03-31T18:21:50.661Z - info: [ui] [BranchPruner] Last prune took place 8 hours ago - skipping
2025-03-31T18:27:59.912Z - info: [ui] Executing fetch: git fetch --progress --prune --recurse-submodules=on-demand origin (took 5.672s)
2025-03-31T18:29:38.170Z - info: [ui] [RepositoryIndicatorUpdater]: Refreshing sidebar indicators for 3 repositories took 1.2s of which 0.0s paused, total 1.2s
2025-03-31T18:55:21.489Z - info: [ui] [RepositoryIndicatorUpdater]: Refreshing sidebar indicators for 3 repositories took 1.2s of which 26.3s paused, total 27.5s
