2025-04-09 14:26:33.227 [info] Reading sessions from keychain...
2025-04-09 14:26:33.227 [info] Getting sessions for all scopes...
2025-04-09 14:26:33.227 [info] Getting sessions for all scopes...
2025-04-09 14:26:33.263 [info] Getting sessions for all scopes...
2025-04-09 14:26:33.263 [info] Getting sessions for all scopes...
2025-04-09 14:26:33.263 [info] Getting sessions for all scopes...
2025-04-09 14:26:33.263 [info] Getting sessions for all scopes...
2025-04-09 14:26:33.263 [info] Getting sessions for all scopes...
2025-04-09 14:26:33.344 [info] Got stored sessions!
2025-04-09 14:26:33.344 [info] Got 1 verified sessions.
2025-04-09 14:26:33.345 [info] Got 1 sessions for ...
2025-04-09 14:26:33.345 [info] Got 1 sessions for ...
2025-04-09 14:26:33.345 [info] Got 1 sessions for ...
2025-04-09 14:26:33.345 [info] Got 1 sessions for ...
2025-04-09 14:26:33.345 [info] Got 1 sessions for ...
2025-04-09 14:26:33.345 [info] Got 1 sessions for ...
2025-04-09 14:26:33.345 [info] Got 1 sessions for ...
2025-04-09 14:26:33.410 [info] Getting sessions for all scopes...
2025-04-09 14:26:33.410 [info] Got 1 sessions for ...
2025-04-09 14:26:33.502 [info] Getting sessions for user:email...
2025-04-09 14:26:33.502 [info] Got 1 sessions for user:email...
2025-04-09 14:26:35.082 [info] Getting sessions for read:user,repo,user:email...
2025-04-09 14:26:35.082 [info] Got 0 sessions for read:user,repo,user:email...
2025-04-09 14:26:35.082 [info] Getting sessions for read:user,repo,user:email,workflow...
2025-04-09 14:26:35.082 [info] Got 0 sessions for read:user,repo,user:email,workflow...
2025-04-09 14:26:35.136 [info] Getting sessions for all scopes...
2025-04-09 14:26:35.136 [info] Got 1 sessions for ...
2025-04-09 14:26:35.137 [info] Getting sessions for all scopes...
2025-04-09 14:26:35.137 [info] Got 1 sessions for ...
2025-04-09 14:26:35.137 [info] Getting sessions for all scopes...
2025-04-09 14:26:35.137 [info] Got 1 sessions for ...
2025-04-09 14:26:35.210 [info] Getting sessions for read:user...
2025-04-09 14:26:35.210 [info] Got 0 sessions for read:user...
2025-04-09 14:26:35.227 [info] Getting sessions for read:user,repo,user:email,workflow...
2025-04-09 14:26:35.227 [info] Got 0 sessions for read:user,repo,user:email,workflow...
2025-04-09 14:26:35.230 [info] Getting sessions for user:email...
2025-04-09 14:26:35.230 [info] Got 1 sessions for user:email...
2025-04-09 14:26:35.230 [info] Getting sessions for user:email...
2025-04-09 14:26:35.231 [info] Got 1 sessions for user:email...
2025-04-09 14:26:35.237 [info] Getting sessions for all scopes...
2025-04-09 14:26:35.237 [info] Got 1 sessions for ...
2025-04-09 14:26:36.113 [info] Getting sessions for read:user,repo,user:email,workflow...
2025-04-09 14:26:36.114 [info] Got 0 sessions for read:user,repo,user:email,workflow...
2025-04-09 14:26:36.115 [info] Getting sessions for user:email...
2025-04-09 14:26:36.115 [info] Got 1 sessions for user:email...
2025-04-09 14:26:36.116 [info] Getting sessions for all scopes...
2025-04-09 14:26:36.116 [info] Got 1 sessions for ...
2025-04-09 14:26:36.126 [info] Getting sessions for read:user,repo,user:email,workflow...
2025-04-09 14:26:36.126 [info] Got 0 sessions for read:user,repo,user:email,workflow...
2025-04-09 14:26:36.130 [info] Getting sessions for user:email...
2025-04-09 14:26:36.130 [info] Got 1 sessions for user:email...
2025-04-09 14:26:36.249 [info] Getting sessions for all scopes...
2025-04-09 14:26:36.249 [info] Got 1 sessions for ...
2025-04-09 14:26:36.250 [info] Getting sessions for read:user,repo,user:email,workflow...
2025-04-09 14:26:36.250 [info] Got 0 sessions for read:user,repo,user:email,workflow...
2025-04-09 14:26:36.250 [info] Getting sessions for user:email...
2025-04-09 14:26:36.250 [info] Got 1 sessions for user:email...
2025-04-09 14:26:36.931 [info] Getting sessions for all scopes...
2025-04-09 14:26:36.931 [info] Got 1 sessions for ...
2025-04-09 14:26:36.932 [info] Getting sessions for all scopes...
2025-04-09 14:26:36.932 [info] Got 1 sessions for ...
2025-04-09 14:26:36.943 [info] Getting sessions for read:user,repo,user:email,workflow...
2025-04-09 14:26:36.943 [info] Got 0 sessions for read:user,repo,user:email,workflow...
2025-04-09 14:26:36.944 [info] Getting sessions for user:email...
2025-04-09 14:26:36.944 [info] Got 1 sessions for user:email...
2025-04-09 14:26:36.945 [info] Getting sessions for all scopes...
2025-04-09 14:26:36.945 [info] Got 1 sessions for ...
2025-04-09 14:26:36.945 [info] Getting sessions for read:user,repo,user:email,workflow...
2025-04-09 14:26:36.945 [info] Got 0 sessions for read:user,repo,user:email,workflow...
2025-04-09 14:26:36.946 [info] Getting sessions for user:email...
2025-04-09 14:26:36.946 [info] Got 1 sessions for user:email...
2025-04-09 14:26:37.007 [info] Getting sessions for all scopes...
2025-04-09 14:26:37.007 [info] Got 1 sessions for ...
2025-04-09 14:26:37.008 [info] Getting sessions for read:user,repo,user:email,workflow...
2025-04-09 14:26:37.008 [info] Got 0 sessions for read:user,repo,user:email,workflow...
2025-04-09 14:26:37.008 [info] Getting sessions for user:email...
2025-04-09 14:26:37.008 [info] Got 1 sessions for user:email...
2025-04-09 14:26:38.008 [info] Getting sessions for all scopes...
2025-04-09 14:26:38.008 [info] Got 1 sessions for ...
2025-04-09 14:26:38.009 [info] Getting sessions for read:user,repo,user:email,workflow...
2025-04-09 14:26:38.009 [info] Got 0 sessions for read:user,repo,user:email,workflow...
2025-04-09 14:26:38.009 [info] Getting sessions for user:email...
2025-04-09 14:26:38.009 [info] Got 1 sessions for user:email...
2025-04-09 14:41:38.012 [info] Getting sessions for all scopes...
2025-04-09 14:41:38.012 [info] Got 1 sessions for ...
2025-04-09 14:41:38.013 [info] Getting sessions for read:user,repo,user:email,workflow...
2025-04-09 14:41:38.013 [info] Got 0 sessions for read:user,repo,user:email,workflow...
2025-04-09 14:41:38.013 [info] Getting sessions for user:email...
2025-04-09 14:41:38.013 [info] Got 1 sessions for user:email...
2025-04-09 14:51:36.923 [info] Getting sessions for all scopes...
2025-04-09 14:51:36.923 [info] Got 1 sessions for ...
2025-04-09 14:51:36.924 [info] Getting sessions for read:user,repo,user:email,workflow...
2025-04-09 14:51:36.924 [info] Got 0 sessions for read:user,repo,user:email,workflow...
2025-04-09 14:51:36.924 [info] Getting sessions for user:email...
2025-04-09 14:51:36.924 [info] Got 1 sessions for user:email...
2025-04-09 14:51:38.400 [info] Getting sessions for all scopes...
2025-04-09 14:51:38.400 [info] Got 1 sessions for ...
2025-04-09 14:51:38.400 [info] Getting sessions for all scopes...
2025-04-09 14:51:38.400 [info] Got 1 sessions for ...
2025-04-09 14:51:38.400 [info] Getting sessions for read:user,repo,user:email,workflow...
2025-04-09 14:51:38.400 [info] Got 0 sessions for read:user,repo,user:email,workflow...
2025-04-09 14:51:38.401 [info] Getting sessions for user:email...
2025-04-09 14:51:38.401 [info] Got 1 sessions for user:email...
2025-04-09 14:51:38.401 [info] Getting sessions for all scopes...
2025-04-09 14:51:38.401 [info] Got 1 sessions for ...
2025-04-09 14:51:38.402 [info] Getting sessions for read:user,repo,user:email,workflow...
2025-04-09 14:51:38.402 [info] Got 0 sessions for read:user,repo,user:email,workflow...
2025-04-09 14:51:38.402 [info] Getting sessions for user:email...
2025-04-09 14:51:38.403 [info] Got 1 sessions for user:email...
2025-04-09 14:51:38.406 [info] Getting sessions for all scopes...
2025-04-09 14:51:38.406 [info] Got 1 sessions for ...
2025-04-09 14:51:38.407 [info] Getting sessions for read:user,repo,user:email,workflow...
2025-04-09 14:51:38.407 [info] Got 0 sessions for read:user,repo,user:email,workflow...
2025-04-09 14:51:38.407 [info] Getting sessions for user:email...
2025-04-09 14:51:38.407 [info] Got 1 sessions for user:email...
2025-04-09 15:06:38.410 [info] Getting sessions for all scopes...
2025-04-09 15:06:38.410 [info] Got 1 sessions for ...
2025-04-09 15:06:38.411 [info] Getting sessions for read:user,repo,user:email,workflow...
2025-04-09 15:06:38.411 [info] Got 0 sessions for read:user,repo,user:email,workflow...
2025-04-09 15:06:38.411 [info] Getting sessions for user:email...
2025-04-09 15:06:38.411 [info] Got 1 sessions for user:email...
2025-04-09 15:16:38.403 [info] Getting sessions for all scopes...
2025-04-09 15:16:38.403 [info] Got 1 sessions for ...
2025-04-09 15:16:38.404 [info] Getting sessions for read:user,repo,user:email,workflow...
2025-04-09 15:16:38.404 [info] Got 0 sessions for read:user,repo,user:email,workflow...
2025-04-09 15:16:38.404 [info] Getting sessions for user:email...
2025-04-09 15:16:38.404 [info] Got 1 sessions for user:email...
2025-04-09 15:16:39.097 [info] Getting sessions for all scopes...
2025-04-09 15:16:39.097 [info] Got 1 sessions for ...
2025-04-09 15:16:39.097 [info] Getting sessions for all scopes...
2025-04-09 15:16:39.097 [info] Got 1 sessions for ...
2025-04-09 15:16:39.098 [info] Getting sessions for read:user,repo,user:email,workflow...
2025-04-09 15:16:39.098 [info] Got 0 sessions for read:user,repo,user:email,workflow...
2025-04-09 15:16:39.098 [info] Getting sessions for user:email...
2025-04-09 15:16:39.098 [info] Got 1 sessions for user:email...
2025-04-09 15:16:39.099 [info] Getting sessions for all scopes...
2025-04-09 15:16:39.099 [info] Got 1 sessions for ...
2025-04-09 15:16:39.099 [info] Getting sessions for read:user,repo,user:email,workflow...
2025-04-09 15:16:39.099 [info] Got 0 sessions for read:user,repo,user:email,workflow...
2025-04-09 15:16:39.100 [info] Getting sessions for user:email...
2025-04-09 15:16:39.100 [info] Got 1 sessions for user:email...
2025-04-09 15:16:39.104 [info] Getting sessions for all scopes...
2025-04-09 15:16:39.104 [info] Got 1 sessions for ...
2025-04-09 15:16:39.104 [info] Getting sessions for read:user,repo,user:email,workflow...
2025-04-09 15:16:39.104 [info] Got 0 sessions for read:user,repo,user:email,workflow...
2025-04-09 15:16:39.105 [info] Getting sessions for user:email...
2025-04-09 15:16:39.105 [info] Got 1 sessions for user:email...
2025-04-09 15:31:39.106 [info] Getting sessions for all scopes...
2025-04-09 15:31:39.106 [info] Got 1 sessions for ...
2025-04-09 15:31:39.107 [info] Getting sessions for read:user,repo,user:email,workflow...
2025-04-09 15:31:39.107 [info] Got 0 sessions for read:user,repo,user:email,workflow...
2025-04-09 15:31:39.108 [info] Getting sessions for user:email...
2025-04-09 15:31:39.108 [info] Got 1 sessions for user:email...
2025-04-09 15:41:39.098 [info] Getting sessions for all scopes...
2025-04-09 15:41:39.098 [info] Got 1 sessions for ...
2025-04-09 15:41:39.099 [info] Getting sessions for read:user,repo,user:email,workflow...
2025-04-09 15:41:39.099 [info] Got 0 sessions for read:user,repo,user:email,workflow...
2025-04-09 15:41:39.099 [info] Getting sessions for user:email...
2025-04-09 15:41:39.099 [info] Got 1 sessions for user:email...
2025-04-09 15:41:39.803 [info] Getting sessions for all scopes...
2025-04-09 15:41:39.803 [info] Got 1 sessions for ...
2025-04-09 15:41:39.804 [info] Getting sessions for all scopes...
2025-04-09 15:41:39.804 [info] Got 1 sessions for ...
2025-04-09 15:41:39.804 [info] Getting sessions for read:user,repo,user:email,workflow...
2025-04-09 15:41:39.804 [info] Got 0 sessions for read:user,repo,user:email,workflow...
2025-04-09 15:41:39.804 [info] Getting sessions for user:email...
2025-04-09 15:41:39.804 [info] Got 1 sessions for user:email...
2025-04-09 15:41:39.805 [info] Getting sessions for all scopes...
2025-04-09 15:41:39.805 [info] Got 1 sessions for ...
2025-04-09 15:41:39.806 [info] Getting sessions for read:user,repo,user:email,workflow...
2025-04-09 15:41:39.806 [info] Got 0 sessions for read:user,repo,user:email,workflow...
2025-04-09 15:41:39.806 [info] Getting sessions for user:email...
2025-04-09 15:41:39.806 [info] Got 1 sessions for user:email...
2025-04-09 15:41:39.810 [info] Getting sessions for all scopes...
2025-04-09 15:41:39.810 [info] Got 1 sessions for ...
2025-04-09 15:41:39.810 [info] Getting sessions for read:user,repo,user:email,workflow...
2025-04-09 15:41:39.810 [info] Got 0 sessions for read:user,repo,user:email,workflow...
2025-04-09 15:41:39.811 [info] Getting sessions for user:email...
2025-04-09 15:41:39.811 [info] Got 1 sessions for user:email...
2025-04-09 15:56:39.850 [info] Getting sessions for all scopes...
2025-04-09 15:56:39.852 [info] Got 1 sessions for ...
2025-04-09 15:56:41.199 [info] Getting sessions for read:user,repo,user:email,workflow...
2025-04-09 15:56:41.203 [info] Got 0 sessions for read:user,repo,user:email,workflow...
2025-04-09 15:56:41.216 [info] Getting sessions for user:email...
2025-04-09 15:56:41.216 [info] Got 1 sessions for user:email...
2025-04-09 16:06:39.856 [info] Getting sessions for all scopes...
2025-04-09 16:06:39.858 [info] Got 1 sessions for ...
2025-04-09 16:06:39.866 [info] Getting sessions for read:user,repo,user:email,workflow...
2025-04-09 16:06:39.867 [info] Got 0 sessions for read:user,repo,user:email,workflow...
2025-04-09 16:06:39.871 [info] Getting sessions for user:email...
2025-04-09 16:06:39.871 [info] Got 1 sessions for user:email...
2025-04-09 16:06:41.021 [info] Getting sessions for all scopes...
2025-04-09 16:06:41.021 [info] Got 1 sessions for ...
2025-04-09 16:06:41.021 [info] Getting sessions for all scopes...
2025-04-09 16:06:41.021 [info] Got 1 sessions for ...
2025-04-09 16:06:41.022 [info] Getting sessions for read:user,repo,user:email,workflow...
2025-04-09 16:06:41.022 [info] Got 0 sessions for read:user,repo,user:email,workflow...
2025-04-09 16:06:41.023 [info] Getting sessions for user:email...
2025-04-09 16:06:41.023 [info] Got 1 sessions for user:email...
2025-04-09 16:06:41.024 [info] Getting sessions for all scopes...
2025-04-09 16:06:41.024 [info] Got 1 sessions for ...
2025-04-09 16:06:41.041 [info] Getting sessions for read:user,repo,user:email,workflow...
2025-04-09 16:06:41.041 [info] Got 0 sessions for read:user,repo,user:email,workflow...
2025-04-09 16:06:41.086 [info] Getting sessions for user:email...
2025-04-09 16:06:41.086 [info] Got 1 sessions for user:email...
2025-04-09 16:06:41.232 [info] Getting sessions for all scopes...
2025-04-09 16:06:41.232 [info] Got 1 sessions for ...
2025-04-09 16:06:41.233 [info] Getting sessions for read:user,repo,user:email,workflow...
2025-04-09 16:06:41.233 [info] Got 0 sessions for read:user,repo,user:email,workflow...
2025-04-09 16:06:41.233 [info] Getting sessions for user:email...
2025-04-09 16:06:41.233 [info] Got 1 sessions for user:email...
2025-04-09 16:21:41.523 [info] Getting sessions for all scopes...
2025-04-09 16:21:41.524 [info] Got 1 sessions for ...
2025-04-09 16:21:41.529 [info] Getting sessions for read:user,repo,user:email,workflow...
2025-04-09 16:21:41.529 [info] Got 0 sessions for read:user,repo,user:email,workflow...
2025-04-09 16:21:41.531 [info] Getting sessions for user:email...
2025-04-09 16:21:41.531 [info] Got 1 sessions for user:email...
2025-04-09 16:23:44.068 [info] Getting sessions for read:user,repo,user:email,workflow...
2025-04-09 16:23:44.069 [info] Got 0 sessions for read:user,repo,user:email,workflow...
2025-04-09 16:23:44.070 [info] Getting sessions for read:user...
2025-04-09 16:23:44.070 [info] Got 0 sessions for read:user...
2025-04-09 16:23:44.072 [info] Getting sessions for user:email...
2025-04-09 16:23:44.072 [info] Got 1 sessions for user:email...
