2025-04-07 10:45:09.833 [info] Reading sessions from keychain...
2025-04-07 10:45:09.833 [info] Getting sessions for all scopes...
2025-04-07 10:45:09.833 [info] Getting sessions for all scopes...
2025-04-07 10:45:09.833 [info] Getting sessions for all scopes...
2025-04-07 10:45:09.833 [info] Getting sessions for all scopes...
2025-04-07 10:45:09.833 [info] Getting sessions for all scopes...
2025-04-07 10:45:09.833 [info] Getting sessions for all scopes...
2025-04-07 10:45:09.833 [info] Getting sessions for all scopes...
2025-04-07 10:45:09.845 [info] Got stored sessions!
2025-04-07 10:45:09.845 [info] Got 1 verified sessions.
2025-04-07 10:45:09.845 [info] Got 1 sessions for ...
2025-04-07 10:45:09.845 [info] Got 1 sessions for ...
2025-04-07 10:45:09.845 [info] Got 1 sessions for ...
2025-04-07 10:45:09.845 [info] Got 1 sessions for ...
2025-04-07 10:45:09.845 [info] Got 1 sessions for ...
2025-04-07 10:45:09.845 [info] Got 1 sessions for ...
2025-04-07 10:45:09.845 [info] Got 1 sessions for ...
2025-04-07 10:45:09.881 [info] Getting sessions for all scopes...
2025-04-07 10:45:09.881 [info] Got 1 sessions for ...
2025-04-07 10:45:10.085 [info] Getting sessions for user:email...
2025-04-07 10:45:10.085 [info] Got 1 sessions for user:email...
2025-04-07 10:45:10.212 [info] Getting sessions for read:user,repo,user:email...
2025-04-07 10:45:10.213 [info] Got 0 sessions for read:user,repo,user:email...
2025-04-07 10:45:11.804 [info] Getting sessions for all scopes...
2025-04-07 10:45:11.805 [info] Got 1 sessions for ...
