2025-04-10 07:55:31.571 [info] [main] Log level: Info
2025-04-10 07:55:31.571 [info] [main] Validating found git in: "git"
2025-04-10 07:55:31.571 [info] [main] Using git "2.49.0" from "git"
2025-04-10 07:55:31.571 [info] [Model][doInitialScan] Initial repository scan started
2025-04-10 07:55:31.580 [info] > git rev-parse --show-toplevel [3ms]
2025-04-10 07:55:31.602 [info] > git rev-parse --git-dir --git-common-dir [1ms]
2025-04-10 07:55:31.608 [info] [Model][openRepository] Opened repository: /home/roxor/android
2025-04-10 07:55:31.619 [info] > git rev-parse --show-toplevel [2ms]
2025-04-10 07:55:31.619 [info] [Model][doInitialScan] Initial repository scan completed - repositories (1), closed repositories (0), parent repositories (0), unsafe repositories (0)
2025-04-10 07:55:31.619 [info] > git config --get commit.template [6ms]
2025-04-10 07:55:31.648 [info] > git for-each-ref --format=%(refname)%00%(upstream:short)%00%(objectname)%00%(upstream:track)%00%(upstream:remotename)%00%(upstream:remoteref) refs/heads/15.0 refs/remotes/15.0 [10ms]
2025-04-10 07:55:31.657 [info] > git status -z -uall [5ms]
2025-04-10 07:55:31.659 [info] > git for-each-ref --sort -committerdate --format %(refname)%00%(objectname)%00%(*objectname) [3ms]
2025-04-10 07:55:31.679 [info] > git for-each-ref --format=%(refname)%00%(upstream:short)%00%(objectname)%00%(upstream:track)%00%(upstream:remotename)%00%(upstream:remoteref) refs/heads/15.0 refs/remotes/15.0 [7ms]
2025-04-10 07:55:31.684 [info] > git config --get --local branch.15.0.vscode-merge-base [1ms]
2025-04-10 07:55:31.688 [info] > git config --get commit.template [12ms]
2025-04-10 07:55:31.707 [info] > git for-each-ref --format=%(refname)%00%(upstream:short)%00%(objectname)%00%(upstream:track)%00%(upstream:remotename)%00%(upstream:remoteref) refs/heads/origin/15.0 refs/remotes/origin/15.0 [19ms]
2025-04-10 07:55:31.710 [info] > git for-each-ref --format=%(refname)%00%(upstream:short)%00%(objectname)%00%(upstream:track)%00%(upstream:remotename)%00%(upstream:remoteref) refs/heads/15.0 refs/remotes/15.0 [3ms]
2025-04-10 07:55:31.719 [info] > git status -z -uall [4ms]
2025-04-10 07:55:31.720 [info] > git for-each-ref --sort -committerdate --format %(refname)%00%(objectname)%00%(*objectname) [2ms]
2025-04-10 07:55:32.127 [info] > git check-ignore -v -z --stdin [1ms]
2025-04-10 07:55:34.696 [info] > git show --textconv :snippets/lineage.xml [4ms]
2025-04-10 07:55:34.697 [info] > git ls-files --stage -- snippets/lineage.xml [1ms]
2025-04-10 07:55:34.701 [info] > git cat-file -s 89d160a597c4ec79fd2ecc75b173cf8bb75d9d8c [1ms]
2025-04-10 07:55:35.832 [info] > git show --textconv :snippets/crdroid.xml [4ms]
2025-04-10 07:55:35.833 [info] > git ls-files --stage -- snippets/crdroid.xml [1ms]
2025-04-10 07:55:35.837 [info] > git cat-file -s 6853144b4113009e00ce8e90285e995756b72704 [1ms]
2025-04-10 07:55:35.853 [info] > git blame --root --incremental d5ec24080ddbddd79859051a22b9bd1c3e454828 -- snippets/crdroid.xml [7ms]
2025-04-10 07:57:36.020 [info] > git show --textconv :snippets/matrixx.xml [5ms]
2025-04-10 07:57:36.021 [info] > git ls-files --stage -- snippets/matrixx.xml [1ms]
2025-04-10 07:57:36.026 [info] > git cat-file -s 582a60e6f38686ec76e259be7c4f8dc34ac509d8 [1ms]
2025-04-10 07:57:36.035 [info] > git blame --root --incremental d5ec24080ddbddd79859051a22b9bd1c3e454828 -- snippets/matrixx.xml [3ms]
2025-04-10 07:57:48.724 [info] > git config --get commit.template [5ms]
2025-04-10 07:57:48.724 [info] > git for-each-ref --format=%(refname)%00%(upstream:short)%00%(objectname)%00%(upstream:track)%00%(upstream:remotename)%00%(upstream:remoteref) refs/heads/15.0 refs/remotes/15.0 [1ms]
2025-04-10 07:57:48.732 [info] > git status -z -uall [4ms]
2025-04-10 07:57:48.733 [info] > git for-each-ref --sort -committerdate --format %(refname)%00%(objectname)%00%(*objectname) [1ms]
2025-04-10 07:57:55.866 [info] > git show --textconv :snippets/crdroid.xml [5ms]
2025-04-10 07:57:55.866 [info] > git ls-files --stage -- snippets/crdroid.xml [1ms]
2025-04-10 07:57:55.871 [info] > git cat-file -s 6853144b4113009e00ce8e90285e995756b72704 [1ms]
2025-04-10 07:58:01.759 [info] > git show --textconv :snippets/matrixx.xml [5ms]
2025-04-10 07:58:01.760 [info] > git ls-files --stage -- snippets/matrixx.xml [1ms]
2025-04-10 07:58:01.765 [info] > git cat-file -s 582a60e6f38686ec76e259be7c4f8dc34ac509d8 [2ms]
2025-04-10 07:58:12.296 [info] > git show --textconv :snippets/crdroid.xml [4ms]
2025-04-10 07:58:12.297 [info] > git ls-files --stage -- snippets/crdroid.xml [1ms]
2025-04-10 07:58:12.301 [info] > git cat-file -s 6853144b4113009e00ce8e90285e995756b72704 [1ms]
2025-04-10 07:58:20.213 [info] > git config --get commit.template [5ms]
2025-04-10 07:58:20.213 [info] > git for-each-ref --format=%(refname)%00%(upstream:short)%00%(objectname)%00%(upstream:track)%00%(upstream:remotename)%00%(upstream:remoteref) refs/heads/15.0 refs/remotes/15.0 [1ms]
2025-04-10 07:58:20.221 [info] > git status -z -uall [4ms]
2025-04-10 07:58:20.222 [info] > git for-each-ref --sort -committerdate --format %(refname)%00%(objectname)%00%(*objectname) [1ms]
2025-04-10 07:58:26.080 [info] > git config --get commit.template [4ms]
2025-04-10 07:58:26.081 [info] > git for-each-ref --format=%(refname)%00%(upstream:short)%00%(objectname)%00%(upstream:track)%00%(upstream:remotename)%00%(upstream:remoteref) refs/heads/15.0 refs/remotes/15.0 [1ms]
2025-04-10 07:58:26.089 [info] > git status -z -uall [5ms]
2025-04-10 07:58:26.089 [info] > git for-each-ref --sort -committerdate --format %(refname)%00%(objectname)%00%(*objectname) [1ms]
2025-04-10 07:58:41.844 [info] > git config --get commit.template [5ms]
2025-04-10 07:58:41.844 [info] > git for-each-ref --format=%(refname)%00%(upstream:short)%00%(objectname)%00%(upstream:track)%00%(upstream:remotename)%00%(upstream:remoteref) refs/heads/15.0 refs/remotes/15.0 [1ms]
2025-04-10 07:58:41.852 [info] > git status -z -uall [4ms]
2025-04-10 07:58:41.853 [info] > git for-each-ref --sort -committerdate --format %(refname)%00%(objectname)%00%(*objectname) [1ms]
2025-04-10 07:58:58.733 [info] > git config --get commit.template [4ms]
2025-04-10 07:58:58.734 [info] > git for-each-ref --format=%(refname)%00%(upstream:short)%00%(objectname)%00%(upstream:track)%00%(upstream:remotename)%00%(upstream:remoteref) refs/heads/15.0 refs/remotes/15.0 [1ms]
2025-04-10 07:58:58.742 [info] > git status -z -uall [4ms]
2025-04-10 07:58:58.743 [info] > git for-each-ref --sort -committerdate --format %(refname)%00%(objectname)%00%(*objectname) [1ms]
