2025-04-09 18:49:39.812 [info] Reading sessions from keychain...
2025-04-09 18:49:39.812 [info] Getting sessions for all scopes...
2025-04-09 18:49:39.812 [info] Getting sessions for all scopes...
2025-04-09 18:49:39.812 [info] Got stored sessions!
2025-04-09 18:49:39.812 [info] Got 1 verified sessions.
2025-04-09 18:49:39.812 [info] Got 1 sessions for ...
2025-04-09 18:49:39.812 [info] Got 1 sessions for ...
2025-04-09 18:49:39.815 [info] Getting sessions for user:email...
2025-04-09 18:49:39.815 [info] Got 1 sessions for user:email...
2025-04-09 18:49:39.816 [info] Getting sessions for all scopes...
2025-04-09 18:49:39.816 [info] Got 1 sessions for ...
2025-04-09 18:49:39.816 [info] Getting sessions for all scopes...
2025-04-09 18:49:39.816 [info] Got 1 sessions for ...
2025-04-09 18:49:39.816 [info] Getting sessions for all scopes...
2025-04-09 18:49:39.816 [info] Got 1 sessions for ...
2025-04-09 18:49:39.816 [info] Getting sessions for all scopes...
2025-04-09 18:49:39.816 [info] Got 1 sessions for ...
2025-04-09 18:49:39.816 [info] Getting sessions for all scopes...
2025-04-09 18:49:39.816 [info] Got 1 sessions for ...
2025-04-09 18:49:41.701 [info] Getting sessions for all scopes...
2025-04-09 18:49:41.701 [info] Got 1 sessions for ...
2025-04-09 18:49:41.810 [info] Getting sessions for read:user,repo,user:email...
2025-04-09 18:49:41.810 [info] Got 0 sessions for read:user,repo,user:email...
2025-04-09 18:49:41.811 [info] Getting sessions for read:user,repo,user:email,workflow...
2025-04-09 18:49:41.811 [info] Got 0 sessions for read:user,repo,user:email,workflow...
2025-04-09 18:49:41.860 [info] Getting sessions for all scopes...
2025-04-09 18:49:41.860 [info] Got 1 sessions for ...
2025-04-09 18:49:41.861 [info] Getting sessions for all scopes...
2025-04-09 18:49:41.861 [info] Got 1 sessions for ...
2025-04-09 18:49:42.007 [info] Getting sessions for read:user...
2025-04-09 18:49:42.007 [info] Got 0 sessions for read:user...
2025-04-09 18:49:42.007 [info] Getting sessions for read:user,repo,user:email,workflow...
2025-04-09 18:49:42.007 [info] Got 0 sessions for read:user,repo,user:email,workflow...
2025-04-09 18:49:42.013 [info] Getting sessions for user:email...
2025-04-09 18:49:42.013 [info] Got 1 sessions for user:email...
2025-04-09 18:49:42.016 [info] Getting sessions for user:email...
2025-04-09 18:49:42.016 [info] Got 1 sessions for user:email...
2025-04-09 18:49:42.023 [info] Getting sessions for all scopes...
2025-04-09 18:49:42.023 [info] Got 1 sessions for ...
2025-04-09 18:49:42.024 [info] Getting sessions for read:user,repo,user:email,workflow...
2025-04-09 18:49:42.024 [info] Got 0 sessions for read:user,repo,user:email,workflow...
2025-04-09 18:49:43.098 [info] Getting sessions for user:email...
2025-04-09 18:49:43.098 [info] Got 1 sessions for user:email...
2025-04-09 18:49:43.133 [info] Getting sessions for all scopes...
2025-04-09 18:49:43.133 [info] Got 1 sessions for ...
2025-04-09 18:49:43.139 [info] Getting sessions for read:user,repo,user:email,workflow...
2025-04-09 18:49:43.139 [info] Got 0 sessions for read:user,repo,user:email,workflow...
2025-04-09 18:49:43.140 [info] Getting sessions for user:email...
2025-04-09 18:49:43.140 [info] Got 1 sessions for user:email...
2025-04-09 18:49:43.218 [info] Getting sessions for all scopes...
2025-04-09 18:49:43.218 [info] Got 1 sessions for ...
2025-04-09 18:49:43.219 [info] Getting sessions for read:user,repo,user:email,workflow...
2025-04-09 18:49:43.219 [info] Got 0 sessions for read:user,repo,user:email,workflow...
2025-04-09 18:49:43.220 [info] Getting sessions for user:email...
2025-04-09 18:49:43.220 [info] Got 1 sessions for user:email...
2025-04-09 18:49:43.900 [info] Getting sessions for all scopes...
2025-04-09 18:49:43.900 [info] Got 1 sessions for ...
2025-04-09 18:49:43.901 [info] Getting sessions for all scopes...
2025-04-09 18:49:43.901 [info] Got 1 sessions for ...
2025-04-09 18:49:43.912 [info] Getting sessions for read:user,repo,user:email,workflow...
2025-04-09 18:49:43.912 [info] Got 0 sessions for read:user,repo,user:email,workflow...
2025-04-09 18:49:43.912 [info] Getting sessions for user:email...
2025-04-09 18:49:43.912 [info] Got 1 sessions for user:email...
2025-04-09 18:49:43.914 [info] Getting sessions for all scopes...
2025-04-09 18:49:43.914 [info] Got 1 sessions for ...
2025-04-09 18:49:43.914 [info] Getting sessions for read:user,repo,user:email,workflow...
2025-04-09 18:49:43.914 [info] Got 0 sessions for read:user,repo,user:email,workflow...
2025-04-09 18:49:43.915 [info] Getting sessions for user:email...
2025-04-09 18:49:43.915 [info] Got 1 sessions for user:email...
2025-04-09 18:49:43.960 [info] Getting sessions for all scopes...
2025-04-09 18:49:43.960 [info] Got 1 sessions for ...
2025-04-09 18:49:43.960 [info] Getting sessions for read:user,repo,user:email,workflow...
2025-04-09 18:49:43.960 [info] Got 0 sessions for read:user,repo,user:email,workflow...
2025-04-09 18:49:43.961 [info] Getting sessions for user:email...
2025-04-09 18:49:43.961 [info] Got 1 sessions for user:email...
2025-04-09 18:49:44.979 [info] Getting sessions for all scopes...
2025-04-09 18:49:44.979 [info] Got 1 sessions for ...
2025-04-09 18:49:44.980 [info] Getting sessions for read:user,repo,user:email,workflow...
2025-04-09 18:49:44.980 [info] Got 0 sessions for read:user,repo,user:email,workflow...
2025-04-09 18:49:44.981 [info] Getting sessions for user:email...
2025-04-09 18:49:44.981 [info] Got 1 sessions for user:email...
2025-04-09 18:50:35.520 [info] Reading sessions from keychain...
2025-04-09 18:50:35.521 [info] Getting sessions for all scopes...
2025-04-09 18:50:35.521 [info] Getting sessions for all scopes...
2025-04-09 18:50:35.521 [info] Getting sessions for all scopes...
2025-04-09 18:50:35.521 [info] Getting sessions for user:email...
2025-04-09 18:50:35.521 [info] Got stored sessions!
2025-04-09 18:50:35.521 [info] Got 1 verified sessions.
2025-04-09 18:50:35.521 [info] Got 1 sessions for ...
2025-04-09 18:50:35.521 [info] Got 1 sessions for ...
2025-04-09 18:50:35.521 [info] Got 1 sessions for ...
2025-04-09 18:50:35.521 [info] Got 1 sessions for user:email...
2025-04-09 18:50:37.599 [info] Getting sessions for read:user,repo,user:email...
2025-04-09 18:50:37.599 [info] Got 0 sessions for read:user,repo,user:email...
2025-04-09 18:50:37.599 [info] Getting sessions for read:user,repo,user:email,workflow...
2025-04-09 18:50:37.599 [info] Got 0 sessions for read:user,repo,user:email,workflow...
2025-04-09 18:50:37.602 [info] Getting sessions for all scopes...
2025-04-09 18:50:37.602 [info] Got 1 sessions for ...
2025-04-09 18:50:37.602 [info] Getting sessions for all scopes...
2025-04-09 18:50:37.602 [info] Got 1 sessions for ...
2025-04-09 18:50:37.620 [info] Getting sessions for read:user...
2025-04-09 18:50:37.620 [info] Got 0 sessions for read:user...
2025-04-09 18:50:37.620 [info] Getting sessions for read:user,repo,user:email,workflow...
2025-04-09 18:50:37.620 [info] Got 0 sessions for read:user,repo,user:email,workflow...
2025-04-09 18:50:37.622 [info] Getting sessions for user:email...
2025-04-09 18:50:37.622 [info] Got 1 sessions for user:email...
2025-04-09 18:50:37.622 [info] Getting sessions for user:email...
2025-04-09 18:50:37.622 [info] Got 1 sessions for user:email...
2025-04-09 18:50:37.625 [info] Getting sessions for all scopes...
2025-04-09 18:50:37.625 [info] Got 1 sessions for ...
2025-04-09 18:50:37.626 [info] Getting sessions for read:user,repo,user:email,workflow...
2025-04-09 18:50:37.626 [info] Got 0 sessions for read:user,repo,user:email,workflow...
2025-04-09 18:50:37.632 [info] Getting sessions for user:email...
2025-04-09 18:50:37.632 [info] Got 1 sessions for user:email...
2025-04-09 18:50:38.803 [info] Getting sessions for all scopes...
2025-04-09 18:50:38.803 [info] Got 1 sessions for ...
2025-04-09 18:50:38.803 [info] Getting sessions for all scopes...
2025-04-09 18:50:38.803 [info] Got 1 sessions for ...
2025-04-09 18:50:38.807 [info] Getting sessions for read:user,repo,user:email,workflow...
2025-04-09 18:50:38.807 [info] Got 0 sessions for read:user,repo,user:email,workflow...
2025-04-09 18:50:38.807 [info] Getting sessions for user:email...
2025-04-09 18:50:38.807 [info] Got 1 sessions for user:email...
2025-04-09 18:50:39.531 [info] Getting sessions for all scopes...
2025-04-09 18:50:39.531 [info] Got 1 sessions for ...
2025-04-09 18:50:39.531 [info] Getting sessions for all scopes...
2025-04-09 18:50:39.531 [info] Got 1 sessions for ...
2025-04-09 18:50:39.545 [info] Getting sessions for read:user,repo,user:email,workflow...
2025-04-09 18:50:39.545 [info] Got 0 sessions for read:user,repo,user:email,workflow...
2025-04-09 18:50:39.546 [info] Getting sessions for user:email...
2025-04-09 18:50:39.546 [info] Got 1 sessions for user:email...
2025-04-09 18:50:39.547 [info] Getting sessions for all scopes...
2025-04-09 18:50:39.547 [info] Got 1 sessions for ...
2025-04-09 18:50:39.548 [info] Getting sessions for read:user,repo,user:email,workflow...
2025-04-09 18:50:39.548 [info] Got 0 sessions for read:user,repo,user:email,workflow...
2025-04-09 18:50:39.548 [info] Getting sessions for user:email...
2025-04-09 18:50:39.548 [info] Got 1 sessions for user:email...
2025-04-09 18:50:39.598 [info] Getting sessions for all scopes...
2025-04-09 18:50:39.598 [info] Got 1 sessions for ...
2025-04-09 18:50:39.601 [info] Getting sessions for read:user,repo,user:email,workflow...
2025-04-09 18:50:39.601 [info] Got 0 sessions for read:user,repo,user:email,workflow...
2025-04-09 18:50:39.602 [info] Getting sessions for user:email...
2025-04-09 18:50:39.602 [info] Got 1 sessions for user:email...
2025-04-09 18:50:40.075 [info] Getting sessions for all scopes...
2025-04-09 18:50:40.075 [info] Got 1 sessions for ...
2025-04-09 18:50:40.119 [info] Getting sessions for read:user,repo,user:email,workflow...
2025-04-09 18:50:40.119 [info] Got 0 sessions for read:user,repo,user:email,workflow...
2025-04-09 18:50:40.119 [info] Getting sessions for user:email...
2025-04-09 18:50:40.119 [info] Got 1 sessions for user:email...
2025-04-09 19:05:40.140 [info] Getting sessions for all scopes...
2025-04-09 19:05:40.141 [info] Got 1 sessions for ...
2025-04-09 19:05:40.146 [info] Getting sessions for read:user,repo,user:email,workflow...
2025-04-09 19:05:40.146 [info] Got 0 sessions for read:user,repo,user:email,workflow...
2025-04-09 19:05:40.147 [info] Getting sessions for user:email...
2025-04-09 19:05:40.147 [info] Got 1 sessions for user:email...
2025-04-09 19:15:39.603 [info] Getting sessions for all scopes...
2025-04-09 19:15:39.605 [info] Got 1 sessions for ...
2025-04-09 19:15:39.615 [info] Getting sessions for read:user,repo,user:email,workflow...
2025-04-09 19:15:39.616 [info] Got 0 sessions for read:user,repo,user:email,workflow...
2025-04-09 19:15:39.617 [info] Getting sessions for user:email...
2025-04-09 19:15:39.617 [info] Got 1 sessions for user:email...
2025-04-09 19:15:40.587 [info] Getting sessions for all scopes...
2025-04-09 19:15:40.587 [info] Got 1 sessions for ...
2025-04-09 19:15:40.588 [info] Getting sessions for all scopes...
2025-04-09 19:15:40.588 [info] Got 1 sessions for ...
2025-04-09 19:15:40.588 [info] Getting sessions for read:user,repo,user:email,workflow...
2025-04-09 19:15:40.588 [info] Got 0 sessions for read:user,repo,user:email,workflow...
2025-04-09 19:15:40.589 [info] Getting sessions for user:email...
2025-04-09 19:15:40.589 [info] Got 1 sessions for user:email...
2025-04-09 19:15:40.590 [info] Getting sessions for all scopes...
2025-04-09 19:15:40.590 [info] Got 1 sessions for ...
2025-04-09 19:15:40.591 [info] Getting sessions for read:user,repo,user:email,workflow...
2025-04-09 19:15:40.591 [info] Got 0 sessions for read:user,repo,user:email,workflow...
2025-04-09 19:15:40.592 [info] Getting sessions for user:email...
2025-04-09 19:15:40.592 [info] Got 1 sessions for user:email...
2025-04-09 19:15:40.788 [info] Getting sessions for all scopes...
2025-04-09 19:15:40.788 [info] Got 1 sessions for ...
2025-04-09 19:15:40.789 [info] Getting sessions for read:user,repo,user:email,workflow...
2025-04-09 19:15:40.789 [info] Got 0 sessions for read:user,repo,user:email,workflow...
2025-04-09 19:15:40.789 [info] Getting sessions for user:email...
2025-04-09 19:15:40.789 [info] Got 1 sessions for user:email...
2025-04-09 19:19:23.212 [info] Getting sessions for read:user,repo,user:email,workflow...
2025-04-09 19:19:23.212 [info] Got 0 sessions for read:user,repo,user:email,workflow...
2025-04-09 19:19:23.213 [info] Getting sessions for read:user...
2025-04-09 19:19:23.213 [info] Got 0 sessions for read:user...
2025-04-09 19:19:23.213 [info] Getting sessions for user:email...
2025-04-09 19:19:23.213 [info] Got 1 sessions for user:email...
2025-04-09 19:30:40.802 [info] Getting sessions for all scopes...
2025-04-09 19:30:40.803 [info] Got 1 sessions for ...
2025-04-09 19:30:40.803 [info] Getting sessions for read:user,repo,user:email,workflow...
2025-04-09 19:30:40.803 [info] Got 0 sessions for read:user,repo,user:email,workflow...
2025-04-09 19:30:40.804 [info] Getting sessions for user:email...
2025-04-09 19:30:40.804 [info] Got 1 sessions for user:email...
2025-04-09 19:40:40.587 [info] Getting sessions for all scopes...
2025-04-09 19:40:40.587 [info] Got 1 sessions for ...
2025-04-09 19:40:40.587 [info] Getting sessions for read:user,repo,user:email,workflow...
2025-04-09 19:40:40.587 [info] Got 0 sessions for read:user,repo,user:email,workflow...
2025-04-09 19:40:40.589 [info] Getting sessions for user:email...
2025-04-09 19:40:40.589 [info] Got 1 sessions for user:email...
2025-04-09 19:40:41.428 [info] Getting sessions for all scopes...
2025-04-09 19:40:41.428 [info] Got 1 sessions for ...
2025-04-09 19:40:41.428 [info] Getting sessions for all scopes...
2025-04-09 19:40:41.428 [info] Got 1 sessions for ...
2025-04-09 19:40:41.429 [info] Getting sessions for read:user,repo,user:email,workflow...
2025-04-09 19:40:41.429 [info] Got 0 sessions for read:user,repo,user:email,workflow...
2025-04-09 19:40:41.429 [info] Getting sessions for user:email...
2025-04-09 19:40:41.429 [info] Got 1 sessions for user:email...
2025-04-09 19:40:41.430 [info] Getting sessions for all scopes...
2025-04-09 19:40:41.430 [info] Got 1 sessions for ...
2025-04-09 19:40:41.430 [info] Getting sessions for read:user,repo,user:email,workflow...
2025-04-09 19:40:41.430 [info] Got 0 sessions for read:user,repo,user:email,workflow...
2025-04-09 19:40:41.431 [info] Getting sessions for user:email...
2025-04-09 19:40:41.431 [info] Got 1 sessions for user:email...
2025-04-09 19:40:41.435 [info] Getting sessions for all scopes...
2025-04-09 19:40:41.435 [info] Got 1 sessions for ...
2025-04-09 19:40:41.436 [info] Getting sessions for read:user,repo,user:email,workflow...
2025-04-09 19:40:41.436 [info] Got 0 sessions for read:user,repo,user:email,workflow...
2025-04-09 19:40:41.436 [info] Getting sessions for user:email...
2025-04-09 19:40:41.436 [info] Got 1 sessions for user:email...
2025-04-09 19:55:41.438 [info] Getting sessions for all scopes...
2025-04-09 19:55:41.438 [info] Got 1 sessions for ...
2025-04-09 19:55:41.439 [info] Getting sessions for read:user,repo,user:email,workflow...
2025-04-09 19:55:41.439 [info] Got 0 sessions for read:user,repo,user:email,workflow...
2025-04-09 19:55:41.439 [info] Getting sessions for user:email...
2025-04-09 19:55:41.439 [info] Got 1 sessions for user:email...
2025-04-09 20:05:41.429 [info] Getting sessions for all scopes...
2025-04-09 20:05:41.429 [info] Got 1 sessions for ...
2025-04-09 20:05:41.430 [info] Getting sessions for read:user,repo,user:email,workflow...
2025-04-09 20:05:41.430 [info] Got 0 sessions for read:user,repo,user:email,workflow...
2025-04-09 20:05:41.431 [info] Getting sessions for user:email...
2025-04-09 20:05:41.431 [info] Got 1 sessions for user:email...
2025-04-09 20:05:42.392 [info] Getting sessions for all scopes...
2025-04-09 20:05:42.392 [info] Got 1 sessions for ...
2025-04-09 20:05:42.392 [info] Getting sessions for all scopes...
2025-04-09 20:05:42.392 [info] Got 1 sessions for ...
2025-04-09 20:05:42.392 [info] Getting sessions for read:user,repo,user:email,workflow...
2025-04-09 20:05:42.392 [info] Got 0 sessions for read:user,repo,user:email,workflow...
2025-04-09 20:05:42.393 [info] Getting sessions for user:email...
2025-04-09 20:05:42.393 [info] Got 1 sessions for user:email...
2025-04-09 20:05:42.394 [info] Getting sessions for all scopes...
2025-04-09 20:05:42.394 [info] Got 1 sessions for ...
2025-04-09 20:05:42.394 [info] Getting sessions for read:user,repo,user:email,workflow...
2025-04-09 20:05:42.394 [info] Got 0 sessions for read:user,repo,user:email,workflow...
2025-04-09 20:05:42.395 [info] Getting sessions for user:email...
2025-04-09 20:05:42.395 [info] Got 1 sessions for user:email...
2025-04-09 20:05:42.399 [info] Getting sessions for all scopes...
2025-04-09 20:05:42.399 [info] Got 1 sessions for ...
2025-04-09 20:05:42.400 [info] Getting sessions for read:user,repo,user:email,workflow...
2025-04-09 20:05:42.400 [info] Got 0 sessions for read:user,repo,user:email,workflow...
2025-04-09 20:05:42.400 [info] Getting sessions for user:email...
2025-04-09 20:05:42.400 [info] Got 1 sessions for user:email...
2025-04-09 20:20:42.403 [info] Getting sessions for all scopes...
2025-04-09 20:20:42.403 [info] Got 1 sessions for ...
2025-04-09 20:20:42.403 [info] Getting sessions for read:user,repo,user:email,workflow...
2025-04-09 20:20:42.403 [info] Got 0 sessions for read:user,repo,user:email,workflow...
2025-04-09 20:20:42.404 [info] Getting sessions for user:email...
2025-04-09 20:20:42.404 [info] Got 1 sessions for user:email...
2025-04-09 20:30:42.393 [info] Getting sessions for all scopes...
2025-04-09 20:30:42.393 [info] Got 1 sessions for ...
2025-04-09 20:30:42.394 [info] Getting sessions for read:user,repo,user:email,workflow...
2025-04-09 20:30:42.394 [info] Got 0 sessions for read:user,repo,user:email,workflow...
2025-04-09 20:30:42.395 [info] Getting sessions for user:email...
2025-04-09 20:30:42.395 [info] Got 1 sessions for user:email...
2025-04-09 20:30:43.181 [info] Getting sessions for all scopes...
2025-04-09 20:30:43.181 [info] Got 1 sessions for ...
2025-04-09 20:30:43.181 [info] Getting sessions for all scopes...
2025-04-09 20:30:43.181 [info] Got 1 sessions for ...
2025-04-09 20:30:43.181 [info] Getting sessions for read:user,repo,user:email,workflow...
2025-04-09 20:30:43.181 [info] Got 0 sessions for read:user,repo,user:email,workflow...
2025-04-09 20:30:43.182 [info] Getting sessions for user:email...
2025-04-09 20:30:43.182 [info] Got 1 sessions for user:email...
2025-04-09 20:30:43.182 [info] Getting sessions for all scopes...
2025-04-09 20:30:43.182 [info] Got 1 sessions for ...
2025-04-09 20:30:43.183 [info] Getting sessions for read:user,repo,user:email,workflow...
2025-04-09 20:30:43.183 [info] Got 0 sessions for read:user,repo,user:email,workflow...
2025-04-09 20:30:43.183 [info] Getting sessions for user:email...
2025-04-09 20:30:43.183 [info] Got 1 sessions for user:email...
2025-04-09 20:30:43.187 [info] Getting sessions for all scopes...
2025-04-09 20:30:43.187 [info] Got 1 sessions for ...
2025-04-09 20:30:43.187 [info] Getting sessions for read:user,repo,user:email,workflow...
2025-04-09 20:30:43.187 [info] Got 0 sessions for read:user,repo,user:email,workflow...
2025-04-09 20:30:43.189 [info] Getting sessions for user:email...
2025-04-09 20:30:43.189 [info] Got 1 sessions for user:email...
2025-04-09 20:45:43.193 [info] Getting sessions for all scopes...
2025-04-09 20:45:43.193 [info] Got 1 sessions for ...
2025-04-09 20:45:43.194 [info] Getting sessions for read:user,repo,user:email,workflow...
2025-04-09 20:45:43.194 [info] Got 0 sessions for read:user,repo,user:email,workflow...
2025-04-09 20:45:43.194 [info] Getting sessions for user:email...
2025-04-09 20:45:43.194 [info] Got 1 sessions for user:email...
