2025-04-07 16:01:35.556 [info] Reading sessions from keychain...
2025-04-07 16:01:35.556 [info] Getting sessions for all scopes...
2025-04-07 16:01:35.556 [info] Getting sessions for all scopes...
2025-04-07 16:01:35.556 [info] Getting sessions for all scopes...
2025-04-07 16:01:35.556 [info] Got stored sessions!
2025-04-07 16:01:35.556 [info] Got 1 verified sessions.
2025-04-07 16:01:35.556 [info] Got 1 sessions for ...
2025-04-07 16:01:35.556 [info] Got 1 sessions for ...
2025-04-07 16:01:35.556 [info] Got 1 sessions for ...
2025-04-07 16:01:35.557 [info] Getting sessions for user:email...
2025-04-07 16:01:35.557 [info] Got 1 sessions for user:email...
2025-04-07 16:01:35.558 [info] Getting sessions for all scopes...
2025-04-07 16:01:35.558 [info] Got 1 sessions for ...
2025-04-07 16:01:35.558 [info] Getting sessions for all scopes...
2025-04-07 16:01:35.558 [info] Got 1 sessions for ...
2025-04-07 16:01:35.558 [info] Getting sessions for all scopes...
2025-04-07 16:01:35.558 [info] Got 1 sessions for ...
2025-04-07 16:01:35.558 [info] Getting sessions for all scopes...
2025-04-07 16:01:35.558 [info] Got 1 sessions for ...
2025-04-07 16:01:35.558 [info] Getting sessions for all scopes...
2025-04-07 16:01:35.558 [info] Got 1 sessions for ...
2025-04-07 16:01:36.096 [info] Getting sessions for read:user,repo,user:email...
2025-04-07 16:01:36.096 [info] Got 0 sessions for read:user,repo,user:email...
