2024-12-17T12:30:37.226Z - info: [ui] [AppStore] loading 0 repositories from store
2024-12-17T12:30:37.295Z - info: [ui] [Welcome] no sign in step found. ignoring...
2024-12-17T12:30:37.298Z - info: [ui] launching: 3.4.2-linux1 (Linux 6.12.1-zen1)
2024-12-17T12:30:37.299Z - info: [ui] execPath: '/nix/store/w2m5ijgrsgki21yd9qjx3wrw2b3scjv1-github-desktop-3.4.2/opt/github-desktop'
2024-12-17T12:30:37.464Z - info: [ui] [Welcome] no sign in step found. ignoring...
2024-12-17T12:30:39.015Z - info: [ui] [Welcome] advancing to step: SignInToDotComWithBrowser
2024-12-17T12:30:39.015Z - info: [ui] [SignInStore] initializing OAuth flow
2024-12-17T12:30:39.018Z - info: [main] opening in browser: https://github.com/login/oauth/authorize?client_id=3a723b10ac5575cc5bb9&scope=repo%20user%20workflow&state=5b8f2b03-635e-4cd2-80c5-0057de01d68a
2024-12-17T12:30:39.018Z - info: [ui] [SignInStore] account resolved
2024-12-17T12:30:39.018Z - info: [ui] [Welcome] current sign in state not found. ignoring...
2024-12-17T12:30:39.700Z - info: [ui] [Welcome] kind Authentication is the same as Authentication. ignoring...
2024-12-17T12:30:43.574Z - info: [ui] [Welcome] kind Authentication is the same as Authentication. ignoring...
2024-12-17T12:30:56.726Z - error: [ui] Error reporting opt in:
TypeError: Failed to fetch
    at hU.constructor.Dx [as post] (/home/roxor/webpack:/app/src/lib/stats/stats-store.ts:434:3)
    at hU.constructor.sendOptInStatusPing (/home/roxor/webpack:/app/src/lib/stats/stats-store.ts:1164:35)
    at new hU.constructor (/home/roxor/webpack:/app/src/lib/stats/stats-store.ts:459:12)
    at /home/roxor/webpack:/app/src/ui/index.tsx:223:20
    at /home/roxor/webpack:/app/src/ui/index.tsx:388:27
    at /home/roxor/webpack:/app/src/ui/index.tsx:388:27
2024-12-17T12:31:10.202Z - info: [main] Received possible protocol arguments: 3
2024-12-17T12:31:10.203Z - info: [main] Processing protocol url
2024-12-17T12:31:10.204Z - info: [ui] [Welcome] kind Authentication is the same as Authentication. ignoring...
2024-12-17T12:31:10.279Z - info: [ui] [Welcome] kind Authentication is the same as Authentication. ignoring...
2024-12-17T12:31:10.279Z - info: [main] Received possible protocol arguments: 2
2024-12-17T12:31:10.284Z - info: [main] Processing protocol url
2024-12-17T12:31:11.252Z - info: [ui] [AppStore] adding account kshitij-vk (Roxor-007) to store
2024-12-17T12:31:11.252Z - info: [ui] [Welcome] advancing to step: ConfigureGit
2024-12-17T12:31:11.279Z - error: [ui] Error adding account 'kshitij-vk'
Error: Object does not exist at path “/org/freedesktop/secrets/collection/login”
2024-12-17T12:31:11.283Z - info: [ui] [Welcome] no sign in step found. ignoring...
2024-12-17T12:31:42.271Z - info: [main] Received possible protocol arguments: 3
2024-12-17T12:31:42.271Z - info: [main] Processing protocol url
2024-12-17T12:31:42.343Z - info: [main] Received possible protocol arguments: 2
2024-12-17T12:31:42.347Z - info: [main] Processing protocol url
2024-12-17T12:31:46.918Z - info: [main] Received possible protocol arguments: 3
2024-12-17T12:31:46.918Z - info: [main] Processing protocol url
2024-12-17T12:31:46.987Z - info: [main] Received possible protocol arguments: 2
2024-12-17T12:31:46.991Z - info: [main] Processing protocol url
2024-12-17T12:31:50.839Z - info: [main] Received possible protocol arguments: 3
2024-12-17T12:31:50.839Z - info: [main] Processing protocol url
2024-12-17T12:31:50.910Z - info: [main] Received possible protocol arguments: 2
2024-12-17T12:31:50.914Z - info: [main] Processing protocol url
2024-12-17T12:31:56.226Z - info: [ui] [SignInStore] initializing OAuth flow
2024-12-17T12:31:56.230Z - info: [main] opening in browser: https://github.com/login/oauth/authorize?client_id=3a723b10ac5575cc5bb9&scope=repo%20user%20workflow&state=2d244c24-f340-485b-b724-6f4b83f8106d
2024-12-17T12:31:56.230Z - info: [ui] [SignInStore] account resolved
2024-12-17T12:32:01.629Z - info: [main] Received possible protocol arguments: 3
2024-12-17T12:32:01.629Z - info: [main] Processing protocol url
2024-12-17T12:32:01.698Z - info: [main] Received possible protocol arguments: 2
2024-12-17T12:32:01.702Z - info: [main] Processing protocol url
2024-12-17T12:32:02.707Z - info: [ui] [AppStore] adding account kshitij-vk (Roxor-007) to store
2024-12-17T12:32:02.713Z - error: [ui] Error adding account 'kshitij-vk'
Error: Object does not exist at path “/org/freedesktop/secrets/collection/login”
2024-12-17T12:35:00.532Z - info: [ui] [AppStore] loading 0 repositories from store
2024-12-17T12:35:00.563Z - info: [ui] launching: 3.4.2-linux1 (Linux 6.12.1-zen1)
2024-12-17T12:35:00.563Z - info: [ui] execPath: '/nix/store/w2m5ijgrsgki21yd9qjx3wrw2b3scjv1-github-desktop-3.4.2/opt/github-desktop'
2024-12-17T12:35:05.290Z - info: [ui] [SignInStore] initializing OAuth flow
2024-12-17T12:35:05.293Z - info: [main] opening in browser: https://github.com/login/oauth/authorize?client_id=3a723b10ac5575cc5bb9&scope=repo%20user%20workflow&state=a1d3900b-5cbd-4c55-88db-912dd74d3e15
2024-12-17T12:35:05.293Z - info: [ui] [SignInStore] account resolved
2024-12-17T12:35:06.248Z - info: [ui] Opt in reported.
2024-12-17T12:35:06.248Z - info: [ui] Stats reported.
2024-12-17T12:35:08.981Z - info: [main] Received possible protocol arguments: 3
2024-12-17T12:35:08.981Z - info: [main] Processing protocol url
2024-12-17T12:35:09.054Z - info: [main] Received possible protocol arguments: 2
2024-12-17T12:35:09.057Z - info: [main] Processing protocol url
2024-12-17T12:35:09.997Z - info: [ui] [AppStore] adding account kshitij-vk (Roxor-007) to store
2024-12-17T12:35:10.009Z - error: [ui] Error adding account 'kshitij-vk'
Error: Object does not exist at path “/org/freedesktop/secrets/collection/login”
2024-12-17T12:42:29.990Z - info: [ui] [AppStore] loading 0 repositories from store
2024-12-17T12:42:30.027Z - info: [ui] launching: 3.4.2-linux1 (Linux 6.12.1-zen1)
2024-12-17T12:42:30.028Z - info: [ui] execPath: '/nix/store/w2m5ijgrsgki21yd9qjx3wrw2b3scjv1-github-desktop-3.4.2/opt/github-desktop'
2024-12-17T12:42:34.519Z - info: [ui] [SignInStore] initializing OAuth flow
2024-12-17T12:42:34.523Z - info: [main] opening in browser: https://github.com/login/oauth/authorize?client_id=3a723b10ac5575cc5bb9&scope=repo%20user%20workflow&state=d0ad89c7-f5a6-457d-8423-a32ff399507a
2024-12-17T12:42:34.523Z - info: [ui] [SignInStore] account resolved
2024-12-17T12:42:57.580Z - info: [main] Received possible protocol arguments: 3
2024-12-17T12:42:57.581Z - info: [main] Processing protocol url
2024-12-17T12:42:57.651Z - info: [main] Received possible protocol arguments: 2
2024-12-17T12:42:57.655Z - info: [main] Processing protocol url
2024-12-17T12:42:58.699Z - info: [ui] [AppStore] adding account kshitij-vk (Roxor-007) to store
2024-12-17T12:42:58.711Z - error: [ui] Error adding account 'kshitij-vk'
Error: Object does not exist at path “/org/freedesktop/secrets/collection/login”
2024-12-17T12:58:59.187Z - info: [ui] [AppStore] loading 0 repositories from store
2024-12-17T12:58:59.210Z - info: [ui] launching: 3.4.2-linux1 (Linux 6.12.1-zen1)
2024-12-17T12:58:59.211Z - info: [ui] execPath: '/nix/store/w2m5ijgrsgki21yd9qjx3wrw2b3scjv1-github-desktop-3.4.2/opt/github-desktop'
2024-12-17T12:59:04.378Z - info: [ui] [SignInStore] initializing OAuth flow
2024-12-17T12:59:04.381Z - info: [main] opening in browser: https://github.com/login/oauth/authorize?client_id=3a723b10ac5575cc5bb9&scope=repo%20user%20workflow&state=010a1011-2c18-4712-a949-e82143914087
2024-12-17T12:59:04.381Z - info: [ui] [SignInStore] account resolved
2024-12-17T12:59:48.042Z - info: [ui] [SignInStore] initializing OAuth flow
2024-12-17T12:59:48.045Z - info: [main] opening in browser: https://github.com/login/oauth/authorize?client_id=3a723b10ac5575cc5bb9&scope=repo%20user%20workflow&state=ab240b0d-6b31-4adf-9dad-c141bfe26398
2024-12-17T12:59:48.045Z - info: [ui] [SignInStore] account resolved
2024-12-17T12:59:50.587Z - info: [main] Received possible protocol arguments: 4
2024-12-17T12:59:50.587Z - info: [main] Processing protocol url
2024-12-17T12:59:50.588Z - warn: [ui] requestAuthenticatedUser was not called with valid OAuth state. This is likely due to a browser reloading the callback URL. Contact GitHub Support if you believe this is an error
2024-12-17T12:59:50.669Z - info: [main] Received possible protocol arguments: 2
2024-12-17T12:59:50.673Z - info: [main] Processing protocol url
2024-12-17T13:00:03.380Z - info: [main] Received possible protocol arguments: 4
2024-12-17T13:00:03.381Z - info: [main] Processing protocol url
2024-12-17T13:00:03.464Z - info: [main] Received possible protocol arguments: 2
2024-12-17T13:00:03.467Z - info: [main] Processing protocol url
2024-12-17T13:00:04.607Z - info: [ui] [AppStore] adding account kshitij-vk (Roxor-007) to store
2024-12-17T13:00:05.234Z - info: [ui] Subscribed 'kshitij-vk' to Alive channel
2024-12-17T13:00:15.138Z - warn: [ui] fetchAll: 'user/repos' returned a 502
2024-12-17T13:00:51.663Z - info: [ui] [AppStore] loading 0 repositories from store
2024-12-17T13:00:51.665Z - info: [ui] [AppStore] found account: kshitij-vk (Roxor-007)
2024-12-17T13:00:51.974Z - warn: [ui] Error refreshing account 'kshitij-vk'
Error: Cannot update an account which doesn't have a token: kshitij-vk
    at at (/home/roxor/webpack:/app/src/lib/fatal-error.ts:3:9)
    at /home/roxor/webpack:/app/src/lib/stores/accounts-store.ts:216:12
    at Lp.tryUpdateAccount (/home/roxor/webpack:/app/src/lib/stores/accounts-store.ts:135:20)
    at /home/roxor/webpack:/app/src/lib/stores/accounts-store.ts:115:37
    at Array.map (<anonymous>)
    at Lp.refresh (/home/roxor/webpack:/app/src/lib/stores/accounts-store.ts:115:21)
    at Lp.loadInitialState (/home/roxor/webpack:/app/src/lib/stores/app-store.ts:2259:24)
2024-12-17T13:00:52.011Z - info: [ui] launching: 3.4.2-linux1 (Linux 6.12.1-zen1)
2024-12-17T13:00:52.012Z - info: [ui] execPath: '/nix/store/w2m5ijgrsgki21yd9qjx3wrw2b3scjv1-github-desktop-3.4.2/opt/github-desktop'
2024-12-17T13:00:58.027Z - info: [ui] [AppStore] removing account kshitij-vk (Roxor-007) from store
2024-12-17T13:00:58.027Z - warn: [ui] fetchAll: 'user/repos' returned a 401
2024-12-17T13:00:58.290Z - warn: [ui] Alive channel request failed: Error: Not Found
2024-12-17T13:00:58.311Z - warn: [ui] Alive channel request failed: Error: Not Found
2024-12-17T13:00:58.324Z - warn: [ui] Alive channel request failed: Error: Not Found
2024-12-17T13:00:58.334Z - warn: [ui] Alive channel request failed: Error: Not Found
2024-12-17T13:01:12.522Z - info: [ui] [SignInStore] initializing OAuth flow
2024-12-17T13:01:12.526Z - info: [main] opening in browser: https://github.com/login/oauth/authorize?client_id=3a723b10ac5575cc5bb9&scope=repo%20user%20workflow&state=978b6636-d62c-4f92-80c0-de2b2ea5db05
2024-12-17T13:01:12.526Z - info: [ui] [SignInStore] account resolved
2024-12-17T13:01:16.047Z - info: [main] Received possible protocol arguments: 3
2024-12-17T13:01:16.047Z - info: [main] Processing protocol url
2024-12-17T13:01:16.119Z - info: [main] Received possible protocol arguments: 2
2024-12-17T13:01:16.122Z - info: [main] Processing protocol url
2024-12-17T13:01:17.045Z - info: [ui] [AppStore] adding account kshitij-vk (Roxor-007) to store
2024-12-17T13:01:17.052Z - error: [ui] Error adding account 'kshitij-vk'
Error: Object does not exist at path “/org/freedesktop/secrets/collection/login”
2024-12-17T13:01:28.170Z - info: [main] Received possible protocol arguments: 3
2024-12-17T13:01:28.170Z - info: [main] Processing protocol url
2024-12-17T13:01:28.240Z - info: [main] Received possible protocol arguments: 2
2024-12-17T13:01:28.243Z - info: [main] Processing protocol url
2024-12-17T13:01:43.358Z - info: [ui] [AppStore] adding repository at /home/roxor/source/tenx/device/xiaomi/sm8250-common to store
2024-12-17T13:01:46.871Z - info: [ui] [Timing] Action 'checkout branch from list' for 'sm8250-common' took 0.110s
2024-12-17T13:02:06.792Z - info: [ui] [cherryPick] starting cherry-pick for 15 at a71969f62fc6074b70550960249091133e9af322
2024-12-17T13:02:06.792Z - info: [ui] [cherryPick] to restore the previous state if this completed cherry-pick is unsatisfactory:
2024-12-17T13:02:06.792Z - info: [ui] [cherryPick] - git checkout 15
2024-12-17T13:02:06.792Z - info: [ui] [cherryPick] - git reset a71969f62fc6074b70550960249091133e9af322 --hard
2024-12-17T13:02:06.826Z - warn: [ui] Attempted to add a popup of already existing type - MultiCommitOperation.
2024-12-17T13:02:43.589Z - warn: [ui] Attempted to add a popup of already existing type - MultiCommitOperation.
2024-12-17T13:13:35.816Z - info: [ui] Executing fetch: git fetch --progress --prune --recurse-submodules=on-demand origin (took 2.529s)
2024-12-17T13:13:38.288Z - info: [ui] Executing updateRemoteHEAD: git remote set-head -a origin (took 2.472s)
2024-12-17T13:14:02.692Z - info: [ui] [RepositoryIndicatorUpdater]: Refreshing sidebar indicators for 1 repositories took 5.1s of which 24.4s paused, total 29.5s
