2024-12-20T05:16:08.869Z - info: [ui] [AppStore] loading 3 repositories from store
2024-12-20T05:16:08.986Z - info: [ui] launching: 3.4.2-linux1 (Linux 6.12.1-zen1)
2024-12-20T05:16:08.986Z - info: [ui] execPath: '/nix/store/w2m5ijgrsgki21yd9qjx3wrw2b3scjv1-github-desktop-3.4.2/opt/github-desktop'
2024-12-20T05:16:15.916Z - error: [ui] Could not load new contents for syntax highlighting
RangeError [ERR_CHILD_PROCESS_STDIO_MAXBUFFER]: stdout maxBuffer length exceeded
    at Socket.onChildStdout (node:child_process:490:14)
    at Socket.emit (node:events:531:35)
    at addChunk (node:internal/streams/readable:559:12)
    at readableAddChunkPushByteMode (node:internal/streams/readable:510:3)
    at Socket.Readable.push (node:internal/streams/readable:390:5)
    at Pipe.onStreamRead (node:internal/stream_base_commons:191:23)
2024-12-20T05:16:15.917Z - error: [ui] Could not load old contents for syntax highlighting
RangeError [ERR_CHILD_PROCESS_STDIO_MAXBUFFER]: stdout maxBuffer length exceeded
    at Socket.onChildStdout (node:child_process:490:14)
    at Socket.emit (node:events:531:35)
    at addChunk (node:internal/streams/readable:559:12)
    at readableAddChunkPushByteMode (node:internal/streams/readable:510:3)
    at Socket.Readable.push (node:internal/streams/readable:390:5)
    at Pipe.onStreamRead (node:internal/stream_base_commons:191:23)
2024-12-20T05:16:19.504Z - error: [ui] Could not load old contents for syntax highlighting
RangeError [ERR_CHILD_PROCESS_STDIO_MAXBUFFER]: stdout maxBuffer length exceeded
    at Socket.onChildStdout (node:child_process:490:14)
    at Socket.emit (node:events:531:35)
    at addChunk (node:internal/streams/readable:559:12)
    at readableAddChunkPushByteMode (node:internal/streams/readable:510:3)
    at Socket.Readable.push (node:internal/streams/readable:390:5)
    at Pipe.onStreamRead (node:internal/stream_base_commons:191:23)
2024-12-20T05:16:19.505Z - error: [ui] Could not load new contents for syntax highlighting
RangeError [ERR_CHILD_PROCESS_STDIO_MAXBUFFER]: stdout maxBuffer length exceeded
    at Socket.onChildStdout (node:child_process:490:14)
    at Socket.emit (node:events:531:35)
    at addChunk (node:internal/streams/readable:559:12)
    at readableAddChunkPushByteMode (node:internal/streams/readable:510:3)
    at Socket.Readable.push (node:internal/streams/readable:390:5)
    at Pipe.onStreamRead (node:internal/stream_base_commons:191:23)
2024-12-20T05:16:28.472Z - info: [ui] Executing fetch: git fetch --progress --prune --recurse-submodules=on-demand github (took 1.195s)
2024-12-20T05:16:29.556Z - info: [ui] Executing updateRemoteHEAD: git remote set-head -a github (took 1.083s)
2024-12-20T05:16:31.893Z - info: [ui] Executing fetch: git fetch --progress --prune --recurse-submodules=on-demand origin (took 2.337s)
2024-12-20T05:16:34.319Z - info: [ui] Executing updateRemoteHEAD: git remote set-head -a origin (took 2.426s)
2024-12-20T05:16:44.992Z - info: [ui] Executing fetch: git fetch --progress --prune --recurse-submodules=on-demand origin (took 5.532s)
2024-12-20T05:16:45.491Z - info: [ui] [RepositoryIndicatorUpdater]: Refreshing sidebar indicators for 2 repositories took 13.2s of which 5.1s paused, total 18.3s
2024-12-20T06:38:02.529Z - info: [ui] Executing fetch: git fetch --progress --prune --recurse-submodules=on-demand origin (took 2.500s)
2024-12-20T06:38:04.890Z - info: [ui] Executing updateRemoteHEAD: git remote set-head -a origin (took 2.364s)
2024-12-20T06:38:15.266Z - info: [ui] [RepositoryIndicatorUpdater]: Refreshing sidebar indicators for 2 repositories took 7.5s of which 9.3s paused, total 16.8s
2024-12-20T06:43:46.907Z - error: [ui] Could not load old contents for syntax highlighting
RangeError [ERR_CHILD_PROCESS_STDIO_MAXBUFFER]: stdout maxBuffer length exceeded
    at Socket.onChildStdout (node:child_process:490:14)
    at Socket.emit (node:events:531:35)
    at addChunk (node:internal/streams/readable:559:12)
    at readableAddChunkPushByteMode (node:internal/streams/readable:510:3)
    at Socket.Readable.push (node:internal/streams/readable:390:5)
    at Pipe.onStreamRead (node:internal/stream_base_commons:191:23)
2024-12-20T06:44:54.953Z - error: [ui] Could not load old contents for syntax highlighting
RangeError [ERR_CHILD_PROCESS_STDIO_MAXBUFFER]: stdout maxBuffer length exceeded
    at Socket.onChildStdout (node:child_process:490:14)
    at Socket.emit (node:events:531:35)
    at addChunk (node:internal/streams/readable:559:12)
    at readableAddChunkPushByteMode (node:internal/streams/readable:510:3)
    at Socket.Readable.push (node:internal/streams/readable:390:5)
    at Pipe.onStreamRead (node:internal/stream_base_commons:191:23)
2024-12-20T06:44:58.219Z - error: [ui] Could not load new contents for syntax highlighting
RangeError [ERR_CHILD_PROCESS_STDIO_MAXBUFFER]: stdout maxBuffer length exceeded
    at Socket.onChildStdout (node:child_process:490:14)
    at Socket.emit (node:events:531:35)
    at addChunk (node:internal/streams/readable:559:12)
    at readableAddChunkPushByteMode (node:internal/streams/readable:510:3)
    at Socket.Readable.push (node:internal/streams/readable:390:5)
    at Pipe.onStreamRead (node:internal/stream_base_commons:191:23)
2024-12-20T06:44:58.219Z - error: [ui] Could not load old contents for syntax highlighting
RangeError [ERR_CHILD_PROCESS_STDIO_MAXBUFFER]: stdout maxBuffer length exceeded
    at Socket.onChildStdout (node:child_process:490:14)
    at Socket.emit (node:events:531:35)
    at addChunk (node:internal/streams/readable:559:12)
    at readableAddChunkPushByteMode (node:internal/streams/readable:510:3)
    at Socket.Readable.push (node:internal/streams/readable:390:5)
    at Pipe.onStreamRead (node:internal/stream_base_commons:191:23)
2024-12-20T06:44:59.666Z - error: [ui] Could not load old contents for syntax highlighting
RangeError [ERR_CHILD_PROCESS_STDIO_MAXBUFFER]: stdout maxBuffer length exceeded
    at Socket.onChildStdout (node:child_process:490:14)
    at Socket.emit (node:events:531:35)
    at addChunk (node:internal/streams/readable:559:12)
    at readableAddChunkPushByteMode (node:internal/streams/readable:510:3)
    at Socket.Readable.push (node:internal/streams/readable:390:5)
    at Pipe.onStreamRead (node:internal/stream_base_commons:191:23)
2024-12-20T06:45:02.093Z - info: [ui] [Timing] Action 'create commit' for 'base' took 0.380s
2024-12-20T06:45:07.932Z - error: [ui] Could not load old contents for syntax highlighting
RangeError [ERR_CHILD_PROCESS_STDIO_MAXBUFFER]: stdout maxBuffer length exceeded
    at Socket.onChildStdout (node:child_process:490:14)
    at Socket.emit (node:events:531:35)
    at addChunk (node:internal/streams/readable:559:12)
    at readableAddChunkPushByteMode (node:internal/streams/readable:510:3)
    at Socket.Readable.push (node:internal/streams/readable:390:5)
    at Pipe.onStreamRead (node:internal/stream_base_commons:191:23)
2024-12-20T06:45:50.324Z - error: [ui] `git revert f942927c94def773ed7ed95b6f279f547506ec24` exited with an unexpected code: 1.
stdout:
Auto-merging res/values/tenx_strings.xml
CONFLICT (content): Merge conflict in res/values/tenx_strings.xml

stderr:
error: could not revert f942927c94d... Settings: Remove IME space under keyboard feature [2/2]
hint: After resolving the conflicts, mark them with
hint: "git add/rm <pathspec>", then run
hint: "git revert --continue".
hint: You can instead skip this commit with "git revert --skip".
hint: To abort and get back to the state before "git revert",
hint: run "git revert --abort".
hint: Disable this message with "git config advice.mergeConflict false"
Recorded preimage for 'res/values/tenx_strings.xml'

(The error was parsed as 8: We found some conflicts while trying to merge. Please resolve the conflicts and commit the changes.)
2024-12-20T08:55:33.970Z - info: [ui] Executing fetch: git fetch --progress --prune --recurse-submodules=on-demand github (took 5.601s)
2024-12-20T08:55:37.184Z - info: [ui] Executing fetch: git fetch --progress --prune --recurse-submodules=on-demand origin (took 2.479s)
2024-12-20T08:55:39.541Z - info: [ui] Executing updateRemoteHEAD: git remote set-head -a origin (took 2.356s)
2024-12-20T09:10:37.111Z - info: [ui] [RepositoryIndicatorUpdater]: Refreshing sidebar indicators for 2 repositories took 13.3s of which 896.2s paused, total 909.6s
2024-12-20T11:47:41.144Z - info: [ui] [AppStore] loading 3 repositories from store
2024-12-20T11:47:41.248Z - info: [ui] launching: 3.4.2-linux1 (Linux 6.12.1-zen1)
2024-12-20T11:47:41.249Z - info: [ui] execPath: '/nix/store/w2m5ijgrsgki21yd9qjx3wrw2b3scjv1-github-desktop-3.4.2/opt/github-desktop'
2024-12-20T11:47:47.026Z - info: [ui] Stats reported.
2024-12-20T11:48:21.762Z - info: [ui] [RepositoryIndicatorUpdater]: Refreshing sidebar indicators for 2 repositories took 0.4s of which 0.0s paused, total 0.4s
2024-12-20T12:04:52.061Z - info: [ui] Executing fetch: git fetch --progress --prune --recurse-submodules=on-demand github (took 32.526s)
2024-12-20T12:04:57.731Z - info: [ui] Executing updateRemoteHEAD: git remote set-head -a github (took 5.670s)
2024-12-20T12:12:41.816Z - info: [ui] [RepositoryIndicatorUpdater]: Refreshing sidebar indicators for 2 repositories took 38.5s of which 464.1s paused, total 502.5s
2024-12-20T12:12:53.598Z - info: [ui] [AppStore] adding repository at /home/roxor/source/tenx/frameworks/av to store
2024-12-20T12:17:48.430Z - error: [ui] Could not load old contents for syntax highlighting
RangeError [ERR_CHILD_PROCESS_STDIO_MAXBUFFER]: stdout maxBuffer length exceeded
    at Socket.onChildStdout (node:child_process:490:14)
    at Socket.emit (node:events:531:35)
    at addChunk (node:internal/streams/readable:559:12)
    at readableAddChunkPushByteMode (node:internal/streams/readable:510:3)
    at Socket.Readable.push (node:internal/streams/readable:390:5)
    at Pipe.onStreamRead (node:internal/stream_base_commons:191:23)
2024-12-20T12:17:55.985Z - error: [ui] Could not load old contents for syntax highlighting
RangeError [ERR_CHILD_PROCESS_STDIO_MAXBUFFER]: stdout maxBuffer length exceeded
    at Socket.onChildStdout (node:child_process:490:14)
    at Socket.emit (node:events:531:35)
    at addChunk (node:internal/streams/readable:559:12)
    at readableAddChunkPushByteMode (node:internal/streams/readable:510:3)
    at Socket.Readable.push (node:internal/streams/readable:390:5)
    at Pipe.onStreamRead (node:internal/stream_base_commons:191:23)
2024-12-20T12:18:56.668Z - info: [ui] [squash] - invalid tip state - could not perform squash.
2024-12-20T12:18:56.668Z - info: [ui] [Timing] Action 'create commit' for 'av' took 0.000s
2024-12-20T12:19:47.445Z - info: [ui] [Timing] Action 'checkout branch from list' for 'av' took 0.262s
2024-12-20T12:19:47.519Z - error: [ui] Could not load old contents for syntax highlighting
RangeError [ERR_CHILD_PROCESS_STDIO_MAXBUFFER]: stdout maxBuffer length exceeded
    at Socket.onChildStdout (node:child_process:490:14)
    at Socket.emit (node:events:531:35)
    at addChunk (node:internal/streams/readable:559:12)
    at readableAddChunkPushByteMode (node:internal/streams/readable:510:3)
    at Socket.Readable.push (node:internal/streams/readable:390:5)
    at Pipe.onStreamRead (node:internal/stream_base_commons:191:23)
2024-12-20T12:19:47.519Z - error: [ui] Could not load new contents for syntax highlighting
RangeError [ERR_CHILD_PROCESS_STDIO_MAXBUFFER]: stdout maxBuffer length exceeded
    at Socket.onChildStdout (node:child_process:490:14)
    at Socket.emit (node:events:531:35)
    at addChunk (node:internal/streams/readable:559:12)
    at readableAddChunkPushByteMode (node:internal/streams/readable:510:3)
    at Socket.Readable.push (node:internal/streams/readable:390:5)
    at Pipe.onStreamRead (node:internal/stream_base_commons:191:23)
2024-12-20T12:20:23.346Z - info: [ui] [cherryPick] starting cherry-pick for fifteen at 9341d14d125c1e8146c1fdb15f9d6b57df17b4aa
2024-12-20T12:20:23.346Z - info: [ui] [cherryPick] to restore the previous state if this completed cherry-pick is unsatisfactory:
2024-12-20T12:20:23.346Z - info: [ui] [cherryPick] - git checkout fifteen
2024-12-20T12:20:23.346Z - info: [ui] [cherryPick] - git reset 9341d14d125c1e8146c1fdb15f9d6b57df17b4aa --hard
2024-12-20T12:20:23.416Z - warn: [ui] Attempted to add a popup of already existing type - MultiCommitOperation.
2024-12-20T12:20:26.081Z - warn: [ui] Attempted to add a popup of already existing type - MultiCommitOperation.
2024-12-20T12:20:38.777Z - info: [ui] Executing fetch: git fetch --progress --prune --recurse-submodules=on-demand github (took 53.700s)
2024-12-20T12:20:39.522Z - info: [ui] [RepositoryIndicatorUpdater]: Refreshing sidebar indicators for 4 repositories took 55.8s of which 0.0s paused, total 55.8s
2024-12-20T12:24:42.923Z - warn: [ui] [cherryPick] no tracked changes to commit, continuing cherry-pick but skipping this commit
2024-12-20T12:24:43.177Z - error: [ui] Could not load old contents for syntax highlighting
RangeError [ERR_CHILD_PROCESS_STDIO_MAXBUFFER]: stdout maxBuffer length exceeded
    at Socket.onChildStdout (node:child_process:490:14)
    at Socket.emit (node:events:531:35)
    at addChunk (node:internal/streams/readable:559:12)
    at readableAddChunkPushByteMode (node:internal/streams/readable:510:3)
    at Socket.Readable.push (node:internal/streams/readable:390:5)
    at Pipe.onStreamRead (node:internal/stream_base_commons:191:23)
2024-12-20T12:24:43.177Z - error: [ui] Could not load new contents for syntax highlighting
RangeError [ERR_CHILD_PROCESS_STDIO_MAXBUFFER]: stdout maxBuffer length exceeded
    at Socket.onChildStdout (node:child_process:490:14)
    at Socket.emit (node:events:531:35)
    at addChunk (node:internal/streams/readable:559:12)
    at readableAddChunkPushByteMode (node:internal/streams/readable:510:3)
    at Socket.Readable.push (node:internal/streams/readable:390:5)
    at Pipe.onStreamRead (node:internal/stream_base_commons:191:23)
2024-12-20T12:25:01.455Z - info: [ui] [AppStore] adding repository at /home/roxor/source/tenx/frameworks/native to store
2024-12-20T12:35:14.844Z - info: [ui] [RepositoryIndicatorUpdater]: Refreshing sidebar indicators for 5 repositories took 1.4s of which 0.0s paused, total 1.4s
2024-12-20T12:36:49.440Z - info: [main] opening in browser: https://code.visualstudio.com
2024-12-20T12:58:10.006Z - info: [ui] [AppStore] loading 5 repositories from store
2024-12-20T12:58:10.247Z - info: [ui] launching: 3.4.2-linux1 (Linux 6.12.1-zen1)
2024-12-20T12:58:10.248Z - info: [ui] execPath: '/nix/store/w2m5ijgrsgki21yd9qjx3wrw2b3scjv1-github-desktop-3.4.2/opt/github-desktop'
2024-12-20T12:58:20.151Z - info: [ui] Executing fetch: git fetch --progress --prune --recurse-submodules=on-demand origin (took 5.559s)
2024-12-20T12:58:31.167Z - info: [ui] [AppStore] adding repository at /home/roxor/source/tenx/frameworks/base to store
2024-12-20T12:58:31.381Z - info: [ui] [RepositoryIndicatorUpdater]: Refreshing sidebar indicators for 5 repositories took 7.4s of which 9.4s paused, total 16.8s
2024-12-20T13:21:32.529Z - error: [ui] Could not load old contents for syntax highlighting
RangeError [ERR_CHILD_PROCESS_STDIO_MAXBUFFER]: stdout maxBuffer length exceeded
    at Socket.onChildStdout (node:child_process:490:14)
    at Socket.emit (node:events:531:35)
    at addChunk (node:internal/streams/readable:559:12)
    at readableAddChunkPushByteMode (node:internal/streams/readable:510:3)
    at Socket.Readable.push (node:internal/streams/readable:390:5)
    at Pipe.onStreamRead (node:internal/stream_base_commons:191:23)
2024-12-20T13:21:34.492Z - info: [ui] [RepositoryIndicatorUpdater]: Refreshing sidebar indicators for 4 repositories took 2.3s of which 0.0s paused, total 2.3s
2024-12-20T13:37:41.152Z - info: [ui] [RepositoryIndicatorUpdater]: Refreshing sidebar indicators for 4 repositories took 2.2s of which 0.0s paused, total 2.2s
2024-12-20T13:39:41.632Z - error: [ui] Could not load old contents for syntax highlighting
RangeError [ERR_CHILD_PROCESS_STDIO_MAXBUFFER]: stdout maxBuffer length exceeded
    at Socket.onChildStdout (node:child_process:490:14)
    at Socket.emit (node:events:531:35)
    at addChunk (node:internal/streams/readable:559:12)
    at readableAddChunkPushByteMode (node:internal/streams/readable:510:3)
    at Socket.Readable.push (node:internal/streams/readable:390:5)
    at Pipe.onStreamRead (node:internal/stream_base_commons:191:23)
2024-12-20T13:39:55.424Z - error: [ui] Could not load old contents for syntax highlighting
RangeError [ERR_CHILD_PROCESS_STDIO_MAXBUFFER]: stdout maxBuffer length exceeded
    at Socket.onChildStdout (node:child_process:490:14)
    at Socket.emit (node:events:531:35)
    at addChunk (node:internal/streams/readable:559:12)
    at readableAddChunkPushByteMode (node:internal/streams/readable:510:3)
    at Socket.Readable.push (node:internal/streams/readable:390:5)
    at Pipe.onStreamRead (node:internal/stream_base_commons:191:23)
2024-12-20T13:40:05.197Z - info: [ui] No submodules found. Skipping "git submodule status"
2024-12-20T13:47:59.130Z - error: [ui] Could not load old contents for syntax highlighting
RangeError [ERR_CHILD_PROCESS_STDIO_MAXBUFFER]: stdout maxBuffer length exceeded
    at Socket.onChildStdout (node:child_process:490:14)
    at Socket.emit (node:events:531:35)
    at addChunk (node:internal/streams/readable:559:12)
    at readableAddChunkPushByteMode (node:internal/streams/readable:510:3)
    at Socket.Readable.push (node:internal/streams/readable:390:5)
    at Pipe.onStreamRead (node:internal/stream_base_commons:191:23)
2024-12-20T13:48:41.422Z - error: [ui] Could not load old contents for syntax highlighting
RangeError [ERR_CHILD_PROCESS_STDIO_MAXBUFFER]: stdout maxBuffer length exceeded
    at Socket.onChildStdout (node:child_process:490:14)
    at Socket.emit (node:events:531:35)
    at addChunk (node:internal/streams/readable:559:12)
    at readableAddChunkPushByteMode (node:internal/streams/readable:510:3)
    at Socket.Readable.push (node:internal/streams/readable:390:5)
    at Pipe.onStreamRead (node:internal/stream_base_commons:191:23)
2024-12-20T13:49:16.881Z - error: [ui] Could not load old contents for syntax highlighting
RangeError [ERR_CHILD_PROCESS_STDIO_MAXBUFFER]: stdout maxBuffer length exceeded
    at Socket.onChildStdout (node:child_process:490:14)
    at Socket.emit (node:events:531:35)
    at addChunk (node:internal/streams/readable:559:12)
    at readableAddChunkPushByteMode (node:internal/streams/readable:510:3)
    at Socket.Readable.push (node:internal/streams/readable:390:5)
    at Pipe.onStreamRead (node:internal/stream_base_commons:191:23)
2024-12-20T13:51:14.661Z - error: [ui] Could not load old contents for syntax highlighting
RangeError [ERR_CHILD_PROCESS_STDIO_MAXBUFFER]: stdout maxBuffer length exceeded
    at Socket.onChildStdout (node:child_process:490:14)
    at Socket.emit (node:events:531:35)
    at addChunk (node:internal/streams/readable:559:12)
    at readableAddChunkPushByteMode (node:internal/streams/readable:510:3)
    at Socket.Readable.push (node:internal/streams/readable:390:5)
    at Pipe.onStreamRead (node:internal/stream_base_commons:191:23)
2024-12-20T13:54:14.989Z - info: [ui] [RepositoryIndicatorUpdater]: Refreshing sidebar indicators for 4 repositories took 2.5s of which 1.0s paused, total 3.5s
2024-12-20T13:55:39.630Z - error: [ui] Could not load old contents for syntax highlighting
RangeError [ERR_CHILD_PROCESS_STDIO_MAXBUFFER]: stdout maxBuffer length exceeded
    at Socket.onChildStdout (node:child_process:490:14)
    at Socket.emit (node:events:531:35)
    at addChunk (node:internal/streams/readable:559:12)
    at readableAddChunkPushByteMode (node:internal/streams/readable:510:3)
    at Socket.Readable.push (node:internal/streams/readable:390:5)
    at Pipe.onStreamRead (node:internal/stream_base_commons:191:23)
2024-12-20T13:56:03.467Z - info: [ui] No submodules found. Skipping "git submodule status"
2024-12-20T13:56:07.852Z - error: [ui] Could not load old contents for syntax highlighting
RangeError [ERR_CHILD_PROCESS_STDIO_MAXBUFFER]: stdout maxBuffer length exceeded
    at Socket.onChildStdout (node:child_process:490:14)
    at Socket.emit (node:events:531:35)
    at addChunk (node:internal/streams/readable:559:12)
    at readableAddChunkPushByteMode (node:internal/streams/readable:510:3)
    at Socket.Readable.push (node:internal/streams/readable:390:5)
    at Pipe.onStreamRead (node:internal/stream_base_commons:191:23)
2024-12-20T13:56:07.852Z - error: [ui] Could not load new contents for syntax highlighting
RangeError [ERR_CHILD_PROCESS_STDIO_MAXBUFFER]: stdout maxBuffer length exceeded
    at Socket.onChildStdout (node:child_process:490:14)
    at Socket.emit (node:events:531:35)
    at addChunk (node:internal/streams/readable:559:12)
    at readableAddChunkPushByteMode (node:internal/streams/readable:510:3)
    at Socket.Readable.push (node:internal/streams/readable:390:5)
    at Pipe.onStreamRead (node:internal/stream_base_commons:191:23)
2024-12-20T13:56:08.280Z - error: [ui] Could not load old contents for syntax highlighting
RangeError [ERR_CHILD_PROCESS_STDIO_MAXBUFFER]: stdout maxBuffer length exceeded
    at Socket.onChildStdout (node:child_process:490:14)
    at Socket.emit (node:events:531:35)
    at addChunk (node:internal/streams/readable:559:12)
    at readableAddChunkPushByteMode (node:internal/streams/readable:510:3)
    at Socket.Readable.push (node:internal/streams/readable:390:5)
    at Pipe.onStreamRead (node:internal/stream_base_commons:191:23)
2024-12-20T13:56:08.281Z - error: [ui] Could not load new contents for syntax highlighting
RangeError [ERR_CHILD_PROCESS_STDIO_MAXBUFFER]: stdout maxBuffer length exceeded
    at Socket.onChildStdout (node:child_process:490:14)
    at Socket.emit (node:events:531:35)
    at addChunk (node:internal/streams/readable:559:12)
    at readableAddChunkPushByteMode (node:internal/streams/readable:510:3)
    at Socket.Readable.push (node:internal/streams/readable:390:5)
    at Pipe.onStreamRead (node:internal/stream_base_commons:191:23)
2024-12-20T13:56:10.391Z - error: [ui] Could not load old contents for syntax highlighting
RangeError [ERR_CHILD_PROCESS_STDIO_MAXBUFFER]: stdout maxBuffer length exceeded
    at Socket.onChildStdout (node:child_process:490:14)
    at Socket.emit (node:events:531:35)
    at addChunk (node:internal/streams/readable:559:12)
    at readableAddChunkPushByteMode (node:internal/streams/readable:510:3)
    at Socket.Readable.push (node:internal/streams/readable:390:5)
    at Pipe.onStreamRead (node:internal/stream_base_commons:191:23)
2024-12-20T13:56:10.391Z - error: [ui] Could not load new contents for syntax highlighting
RangeError [ERR_CHILD_PROCESS_STDIO_MAXBUFFER]: stdout maxBuffer length exceeded
    at Socket.onChildStdout (node:child_process:490:14)
    at Socket.emit (node:events:531:35)
    at addChunk (node:internal/streams/readable:559:12)
    at readableAddChunkPushByteMode (node:internal/streams/readable:510:3)
    at Socket.Readable.push (node:internal/streams/readable:390:5)
    at Pipe.onStreamRead (node:internal/stream_base_commons:191:23)
2024-12-20T13:56:10.728Z - error: [ui] Could not load old contents for syntax highlighting
RangeError [ERR_CHILD_PROCESS_STDIO_MAXBUFFER]: stdout maxBuffer length exceeded
    at Socket.onChildStdout (node:child_process:490:14)
    at Socket.emit (node:events:531:35)
    at addChunk (node:internal/streams/readable:559:12)
    at readableAddChunkPushByteMode (node:internal/streams/readable:510:3)
    at Socket.Readable.push (node:internal/streams/readable:390:5)
    at Pipe.onStreamRead (node:internal/stream_base_commons:191:23)
2024-12-20T13:56:10.728Z - error: [ui] Could not load new contents for syntax highlighting
RangeError [ERR_CHILD_PROCESS_STDIO_MAXBUFFER]: stdout maxBuffer length exceeded
    at Socket.onChildStdout (node:child_process:490:14)
    at Socket.emit (node:events:531:35)
    at addChunk (node:internal/streams/readable:559:12)
    at readableAddChunkPushByteMode (node:internal/streams/readable:510:3)
    at Socket.Readable.push (node:internal/streams/readable:390:5)
    at Pipe.onStreamRead (node:internal/stream_base_commons:191:23)
2024-12-20T13:56:11.106Z - error: [ui] Could not load old contents for syntax highlighting
RangeError [ERR_CHILD_PROCESS_STDIO_MAXBUFFER]: stdout maxBuffer length exceeded
    at Socket.onChildStdout (node:child_process:490:14)
    at Socket.emit (node:events:531:35)
    at addChunk (node:internal/streams/readable:559:12)
    at readableAddChunkPushByteMode (node:internal/streams/readable:510:3)
    at Socket.Readable.push (node:internal/streams/readable:390:5)
    at Pipe.onStreamRead (node:internal/stream_base_commons:191:23)
2024-12-20T13:56:11.107Z - error: [ui] Could not load new contents for syntax highlighting
RangeError [ERR_CHILD_PROCESS_STDIO_MAXBUFFER]: stdout maxBuffer length exceeded
    at Socket.onChildStdout (node:child_process:490:14)
    at Socket.emit (node:events:531:35)
    at addChunk (node:internal/streams/readable:559:12)
    at readableAddChunkPushByteMode (node:internal/streams/readable:510:3)
    at Socket.Readable.push (node:internal/streams/readable:390:5)
    at Pipe.onStreamRead (node:internal/stream_base_commons:191:23)
2024-12-20T13:56:11.640Z - error: [ui] Could not load old contents for syntax highlighting
RangeError [ERR_CHILD_PROCESS_STDIO_MAXBUFFER]: stdout maxBuffer length exceeded
    at Socket.onChildStdout (node:child_process:490:14)
    at Socket.emit (node:events:531:35)
    at addChunk (node:internal/streams/readable:559:12)
    at readableAddChunkPushByteMode (node:internal/streams/readable:510:3)
    at Socket.Readable.push (node:internal/streams/readable:390:5)
    at Pipe.onStreamRead (node:internal/stream_base_commons:191:23)
2024-12-20T13:56:11.641Z - error: [ui] Could not load new contents for syntax highlighting
RangeError [ERR_CHILD_PROCESS_STDIO_MAXBUFFER]: stdout maxBuffer length exceeded
    at Socket.onChildStdout (node:child_process:490:14)
    at Socket.emit (node:events:531:35)
    at addChunk (node:internal/streams/readable:559:12)
    at readableAddChunkPushByteMode (node:internal/streams/readable:510:3)
    at Socket.Readable.push (node:internal/streams/readable:390:5)
    at Pipe.onStreamRead (node:internal/stream_base_commons:191:23)
2024-12-20T13:56:12.377Z - error: [ui] Could not load old contents for syntax highlighting
RangeError [ERR_CHILD_PROCESS_STDIO_MAXBUFFER]: stdout maxBuffer length exceeded
    at Socket.onChildStdout (node:child_process:490:14)
    at Socket.emit (node:events:531:35)
    at addChunk (node:internal/streams/readable:559:12)
    at readableAddChunkPushByteMode (node:internal/streams/readable:510:3)
    at Socket.Readable.push (node:internal/streams/readable:390:5)
    at Pipe.onStreamRead (node:internal/stream_base_commons:191:23)
2024-12-20T13:56:12.378Z - error: [ui] Could not load new contents for syntax highlighting
RangeError [ERR_CHILD_PROCESS_STDIO_MAXBUFFER]: stdout maxBuffer length exceeded
    at Socket.onChildStdout (node:child_process:490:14)
    at Socket.emit (node:events:531:35)
    at addChunk (node:internal/streams/readable:559:12)
    at readableAddChunkPushByteMode (node:internal/streams/readable:510:3)
    at Socket.Readable.push (node:internal/streams/readable:390:5)
    at Pipe.onStreamRead (node:internal/stream_base_commons:191:23)
2024-12-20T13:56:12.763Z - error: [ui] Could not load old contents for syntax highlighting
RangeError [ERR_CHILD_PROCESS_STDIO_MAXBUFFER]: stdout maxBuffer length exceeded
    at Socket.onChildStdout (node:child_process:490:14)
    at Socket.emit (node:events:531:35)
    at addChunk (node:internal/streams/readable:559:12)
    at readableAddChunkPushByteMode (node:internal/streams/readable:510:3)
    at Socket.Readable.push (node:internal/streams/readable:390:5)
    at Pipe.onStreamRead (node:internal/stream_base_commons:191:23)
2024-12-20T13:56:12.763Z - error: [ui] Could not load new contents for syntax highlighting
RangeError [ERR_CHILD_PROCESS_STDIO_MAXBUFFER]: stdout maxBuffer length exceeded
    at Socket.onChildStdout (node:child_process:490:14)
    at Socket.emit (node:events:531:35)
    at addChunk (node:internal/streams/readable:559:12)
    at readableAddChunkPushByteMode (node:internal/streams/readable:510:3)
    at Socket.Readable.push (node:internal/streams/readable:390:5)
    at Pipe.onStreamRead (node:internal/stream_base_commons:191:23)
2024-12-20T13:56:13.204Z - error: [ui] Could not load old contents for syntax highlighting
RangeError [ERR_CHILD_PROCESS_STDIO_MAXBUFFER]: stdout maxBuffer length exceeded
    at Socket.onChildStdout (node:child_process:490:14)
    at Socket.emit (node:events:531:35)
    at addChunk (node:internal/streams/readable:559:12)
    at readableAddChunkPushByteMode (node:internal/streams/readable:510:3)
    at Socket.Readable.push (node:internal/streams/readable:390:5)
    at Pipe.onStreamRead (node:internal/stream_base_commons:191:23)
2024-12-20T13:56:13.205Z - error: [ui] Could not load new contents for syntax highlighting
RangeError [ERR_CHILD_PROCESS_STDIO_MAXBUFFER]: stdout maxBuffer length exceeded
    at Socket.onChildStdout (node:child_process:490:14)
    at Socket.emit (node:events:531:35)
    at addChunk (node:internal/streams/readable:559:12)
    at readableAddChunkPushByteMode (node:internal/streams/readable:510:3)
    at Socket.Readable.push (node:internal/streams/readable:390:5)
    at Pipe.onStreamRead (node:internal/stream_base_commons:191:23)
2024-12-20T13:56:13.954Z - error: [ui] Could not load old contents for syntax highlighting
RangeError [ERR_CHILD_PROCESS_STDIO_MAXBUFFER]: stdout maxBuffer length exceeded
    at Socket.onChildStdout (node:child_process:490:14)
    at Socket.emit (node:events:531:35)
    at addChunk (node:internal/streams/readable:559:12)
    at readableAddChunkPushByteMode (node:internal/streams/readable:510:3)
    at Socket.Readable.push (node:internal/streams/readable:390:5)
    at Pipe.onStreamRead (node:internal/stream_base_commons:191:23)
2024-12-20T13:56:13.954Z - error: [ui] Could not load new contents for syntax highlighting
RangeError [ERR_CHILD_PROCESS_STDIO_MAXBUFFER]: stdout maxBuffer length exceeded
    at Socket.onChildStdout (node:child_process:490:14)
    at Socket.emit (node:events:531:35)
    at addChunk (node:internal/streams/readable:559:12)
    at readableAddChunkPushByteMode (node:internal/streams/readable:510:3)
    at Socket.Readable.push (node:internal/streams/readable:390:5)
    at Pipe.onStreamRead (node:internal/stream_base_commons:191:23)
2024-12-20T13:56:14.371Z - error: [ui] Could not load old contents for syntax highlighting
RangeError [ERR_CHILD_PROCESS_STDIO_MAXBUFFER]: stdout maxBuffer length exceeded
    at Socket.onChildStdout (node:child_process:490:14)
    at Socket.emit (node:events:531:35)
    at addChunk (node:internal/streams/readable:559:12)
    at readableAddChunkPushByteMode (node:internal/streams/readable:510:3)
    at Socket.Readable.push (node:internal/streams/readable:390:5)
    at Pipe.onStreamRead (node:internal/stream_base_commons:191:23)
2024-12-20T13:56:14.371Z - error: [ui] Could not load new contents for syntax highlighting
RangeError [ERR_CHILD_PROCESS_STDIO_MAXBUFFER]: stdout maxBuffer length exceeded
    at Socket.onChildStdout (node:child_process:490:14)
    at Socket.emit (node:events:531:35)
    at addChunk (node:internal/streams/readable:559:12)
    at readableAddChunkPushByteMode (node:internal/streams/readable:510:3)
    at Socket.Readable.push (node:internal/streams/readable:390:5)
    at Pipe.onStreamRead (node:internal/stream_base_commons:191:23)
2024-12-20T13:56:15.091Z - error: [ui] Could not load old contents for syntax highlighting
RangeError [ERR_CHILD_PROCESS_STDIO_MAXBUFFER]: stdout maxBuffer length exceeded
    at Socket.onChildStdout (node:child_process:490:14)
    at Socket.emit (node:events:531:35)
    at addChunk (node:internal/streams/readable:559:12)
    at readableAddChunkPushByteMode (node:internal/streams/readable:510:3)
    at Socket.Readable.push (node:internal/streams/readable:390:5)
    at Pipe.onStreamRead (node:internal/stream_base_commons:191:23)
2024-12-20T13:56:15.091Z - error: [ui] Could not load new contents for syntax highlighting
RangeError [ERR_CHILD_PROCESS_STDIO_MAXBUFFER]: stdout maxBuffer length exceeded
    at Socket.onChildStdout (node:child_process:490:14)
    at Socket.emit (node:events:531:35)
    at addChunk (node:internal/streams/readable:559:12)
    at readableAddChunkPushByteMode (node:internal/streams/readable:510:3)
    at Socket.Readable.push (node:internal/streams/readable:390:5)
    at Pipe.onStreamRead (node:internal/stream_base_commons:191:23)
2024-12-20T13:56:15.673Z - error: [ui] Could not load old contents for syntax highlighting
RangeError [ERR_CHILD_PROCESS_STDIO_MAXBUFFER]: stdout maxBuffer length exceeded
    at Socket.onChildStdout (node:child_process:490:14)
    at Socket.emit (node:events:531:35)
    at addChunk (node:internal/streams/readable:559:12)
    at readableAddChunkPushByteMode (node:internal/streams/readable:510:3)
    at Socket.Readable.push (node:internal/streams/readable:390:5)
    at Pipe.onStreamRead (node:internal/stream_base_commons:191:23)
2024-12-20T13:56:15.673Z - error: [ui] Could not load new contents for syntax highlighting
RangeError [ERR_CHILD_PROCESS_STDIO_MAXBUFFER]: stdout maxBuffer length exceeded
    at Socket.onChildStdout (node:child_process:490:14)
    at Socket.emit (node:events:531:35)
    at addChunk (node:internal/streams/readable:559:12)
    at readableAddChunkPushByteMode (node:internal/streams/readable:510:3)
    at Socket.Readable.push (node:internal/streams/readable:390:5)
    at Pipe.onStreamRead (node:internal/stream_base_commons:191:23)
2024-12-20T13:56:16.244Z - error: [ui] Could not load old contents for syntax highlighting
RangeError [ERR_CHILD_PROCESS_STDIO_MAXBUFFER]: stdout maxBuffer length exceeded
    at Socket.onChildStdout (node:child_process:490:14)
    at Socket.emit (node:events:531:35)
    at addChunk (node:internal/streams/readable:559:12)
    at readableAddChunkPushByteMode (node:internal/streams/readable:510:3)
    at Socket.Readable.push (node:internal/streams/readable:390:5)
    at Pipe.onStreamRead (node:internal/stream_base_commons:191:23)
2024-12-20T13:56:16.245Z - error: [ui] Could not load new contents for syntax highlighting
RangeError [ERR_CHILD_PROCESS_STDIO_MAXBUFFER]: stdout maxBuffer length exceeded
    at Socket.onChildStdout (node:child_process:490:14)
    at Socket.emit (node:events:531:35)
    at addChunk (node:internal/streams/readable:559:12)
    at readableAddChunkPushByteMode (node:internal/streams/readable:510:3)
    at Socket.Readable.push (node:internal/streams/readable:390:5)
    at Pipe.onStreamRead (node:internal/stream_base_commons:191:23)
2024-12-20T13:56:16.774Z - error: [ui] Could not load old contents for syntax highlighting
RangeError [ERR_CHILD_PROCESS_STDIO_MAXBUFFER]: stdout maxBuffer length exceeded
    at Socket.onChildStdout (node:child_process:490:14)
    at Socket.emit (node:events:531:35)
    at addChunk (node:internal/streams/readable:559:12)
    at readableAddChunkPushByteMode (node:internal/streams/readable:510:3)
    at Socket.Readable.push (node:internal/streams/readable:390:5)
    at Pipe.onStreamRead (node:internal/stream_base_commons:191:23)
2024-12-20T13:56:16.775Z - error: [ui] Could not load new contents for syntax highlighting
RangeError [ERR_CHILD_PROCESS_STDIO_MAXBUFFER]: stdout maxBuffer length exceeded
    at Socket.onChildStdout (node:child_process:490:14)
    at Socket.emit (node:events:531:35)
    at addChunk (node:internal/streams/readable:559:12)
    at readableAddChunkPushByteMode (node:internal/streams/readable:510:3)
    at Socket.Readable.push (node:internal/streams/readable:390:5)
    at Pipe.onStreamRead (node:internal/stream_base_commons:191:23)
2024-12-20T13:56:19.857Z - info: [ui] [squash] - invalid tip state - could not perform squash.
2024-12-20T13:56:19.857Z - info: [ui] [Timing] Action 'create commit' for 'base' took 0.000s
2024-12-20T13:59:11.771Z - error: [ui] Could not load old contents for syntax highlighting
RangeError [ERR_CHILD_PROCESS_STDIO_MAXBUFFER]: stdout maxBuffer length exceeded
    at Socket.onChildStdout (node:child_process:490:14)
    at Socket.emit (node:events:531:35)
    at addChunk (node:internal/streams/readable:559:12)
    at readableAddChunkPushByteMode (node:internal/streams/readable:510:3)
    at Socket.Readable.push (node:internal/streams/readable:390:5)
    at Pipe.onStreamRead (node:internal/stream_base_commons:191:23)
2024-12-20T14:09:20.118Z - info: [ui] Executing fetch: git fetch --progress --prune --recurse-submodules=on-demand origin (took 5.511s)
2024-12-20T14:09:21.727Z - info: [ui] [RepositoryIndicatorUpdater]: Refreshing sidebar indicators for 4 repositories took 7.1s of which 0.0s paused, total 7.1s
2024-12-20T14:39:42.788Z - info: [ui] Executing updateRemoteHEAD: git remote set-head -a github (took 1.095s)
2024-12-20T14:39:45.249Z - info: [ui] [RepositoryIndicatorUpdater]: Refreshing sidebar indicators for 4 repositories took 5.1s of which 0.0s paused, total 5.1s
2024-12-20T14:41:14.828Z - error: [ui] Could not load old contents for syntax highlighting
RangeError [ERR_CHILD_PROCESS_STDIO_MAXBUFFER]: stdout maxBuffer length exceeded
    at Socket.onChildStdout (node:child_process:490:14)
    at Socket.emit (node:events:531:35)
    at addChunk (node:internal/streams/readable:559:12)
    at readableAddChunkPushByteMode (node:internal/streams/readable:510:3)
    at Socket.Readable.push (node:internal/streams/readable:390:5)
    at Pipe.onStreamRead (node:internal/stream_base_commons:191:23)
2024-12-20T14:41:14.828Z - error: [ui] Could not load new contents for syntax highlighting
RangeError [ERR_CHILD_PROCESS_STDIO_MAXBUFFER]: stdout maxBuffer length exceeded
    at Socket.onChildStdout (node:child_process:490:14)
    at Socket.emit (node:events:531:35)
    at addChunk (node:internal/streams/readable:559:12)
    at readableAddChunkPushByteMode (node:internal/streams/readable:510:3)
    at Socket.Readable.push (node:internal/streams/readable:390:5)
    at Pipe.onStreamRead (node:internal/stream_base_commons:191:23)
2024-12-20T14:54:43.307Z - info: [ui] [RepositoryIndicatorUpdater]: Refreshing sidebar indicators for 4 repositories took 0.1s of which 0.0s paused, total 0.1s
2024-12-20T15:03:01.145Z - info: [ui] [AppStore] adding repository at /home/roxor/source/tenx/packages/apps/Settings to store
2024-12-20T15:04:37.254Z - error: [ui] Could not load old contents for syntax highlighting
RangeError [ERR_CHILD_PROCESS_STDIO_MAXBUFFER]: stdout maxBuffer length exceeded
    at Socket.onChildStdout (node:child_process:490:14)
    at Socket.emit (node:events:531:35)
    at addChunk (node:internal/streams/readable:559:12)
    at readableAddChunkPushByteMode (node:internal/streams/readable:510:3)
    at Socket.Readable.push (node:internal/streams/readable:390:5)
    at Pipe.onStreamRead (node:internal/stream_base_commons:191:23)
2024-12-20T15:04:37.255Z - error: [ui] Could not load new contents for syntax highlighting
RangeError [ERR_CHILD_PROCESS_STDIO_MAXBUFFER]: stdout maxBuffer length exceeded
    at Socket.onChildStdout (node:child_process:490:14)
    at Socket.emit (node:events:531:35)
    at addChunk (node:internal/streams/readable:559:12)
    at readableAddChunkPushByteMode (node:internal/streams/readable:510:3)
    at Socket.Readable.push (node:internal/streams/readable:390:5)
    at Pipe.onStreamRead (node:internal/stream_base_commons:191:23)
2024-12-20T15:05:56.685Z - info: [ui] No submodules found. Skipping "git submodule status"
2024-12-20T15:06:00.880Z - info: [ui] No submodules found. Skipping "git submodule status"
2024-12-20T15:06:15.110Z - error: [ui] Could not load old contents for syntax highlighting
RangeError [ERR_CHILD_PROCESS_STDIO_MAXBUFFER]: stdout maxBuffer length exceeded
    at Socket.onChildStdout (node:child_process:490:14)
    at Socket.emit (node:events:531:35)
    at addChunk (node:internal/streams/readable:559:12)
    at readableAddChunkPushByteMode (node:internal/streams/readable:510:3)
    at Socket.Readable.push (node:internal/streams/readable:390:5)
    at Pipe.onStreamRead (node:internal/stream_base_commons:191:23)
2024-12-20T15:06:15.111Z - error: [ui] Could not load new contents for syntax highlighting
RangeError [ERR_CHILD_PROCESS_STDIO_MAXBUFFER]: stdout maxBuffer length exceeded
    at Socket.onChildStdout (node:child_process:490:14)
    at Socket.emit (node:events:531:35)
    at addChunk (node:internal/streams/readable:559:12)
    at readableAddChunkPushByteMode (node:internal/streams/readable:510:3)
    at Socket.Readable.push (node:internal/streams/readable:390:5)
    at Pipe.onStreamRead (node:internal/stream_base_commons:191:23)
2024-12-20T15:10:06.921Z - info: [ui] Executing fetch: git fetch --progress --prune --recurse-submodules=on-demand origin (took 5.514s)
2024-12-20T15:10:22.068Z - info: [ui] Executing fetch: git fetch --progress --prune --recurse-submodules=on-demand origin (took 5.528s)
2024-12-20T15:10:46.897Z - error: [ui] Could not load old contents for syntax highlighting
RangeError [ERR_CHILD_PROCESS_STDIO_MAXBUFFER]: stdout maxBuffer length exceeded
    at Socket.onChildStdout (node:child_process:490:14)
    at Socket.emit (node:events:531:35)
    at addChunk (node:internal/streams/readable:559:12)
    at readableAddChunkPushByteMode (node:internal/streams/readable:510:3)
    at Socket.Readable.push (node:internal/streams/readable:390:5)
    at Pipe.onStreamRead (node:internal/stream_base_commons:191:23)
2024-12-20T15:10:52.327Z - info: [ui] Executing fetch: git fetch --progress --prune --recurse-submodules=on-demand origin (took 5.524s)
2024-12-20T15:11:07.814Z - error: [ui] Could not load old contents for syntax highlighting
RangeError [ERR_CHILD_PROCESS_STDIO_MAXBUFFER]: stdout maxBuffer length exceeded
    at Socket.onChildStdout (node:child_process:490:14)
    at Socket.emit (node:events:531:35)
    at addChunk (node:internal/streams/readable:559:12)
    at readableAddChunkPushByteMode (node:internal/streams/readable:510:3)
    at Socket.Readable.push (node:internal/streams/readable:390:5)
    at Pipe.onStreamRead (node:internal/stream_base_commons:191:23)
2024-12-20T15:11:19.868Z - info: [ui] [RepositoryIndicatorUpdater]: Refreshing sidebar indicators for 4 repositories took 19.4s of which 59.1s paused, total 78.5s
2024-12-20T15:26:41.028Z - info: [ui] [RepositoryIndicatorUpdater]: Refreshing sidebar indicators for 4 repositories took 0.2s of which 0.0s paused, total 0.2s
2024-12-20T15:49:49.755Z - info: [ui] [RepositoryIndicatorUpdater]: Refreshing sidebar indicators for 4 repositories took 4.3s of which 16.3s paused, total 20.6s
2024-12-20T15:49:50.618Z - info: [ui] [AppStore] adding repository at /home/roxor/source/tenx/packages/apps/Tenx to store
2024-12-20T15:52:20.939Z - warn: [ui] [Commit List] - Unable to lookup commit from sha - This should not happen.
2024-12-20T15:52:20.940Z - warn: [ui] [Commit List] - Unable to lookup commit from sha - This should not happen.
2024-12-20T15:52:20.940Z - warn: [ui] [Commit List] - Unable to lookup commit from sha - This should not happen.
2024-12-20T15:52:20.940Z - warn: [ui] [Commit List] - Unable to lookup commit from sha - This should not happen.
2024-12-20T15:52:20.940Z - warn: [ui] [Commit List] - Unable to lookup commit from sha - This should not happen.
2024-12-20T15:52:20.940Z - warn: [ui] [Commit List] - Unable to lookup commit from sha - This should not happen.
2024-12-20T15:52:20.940Z - warn: [ui] [Commit List] - Unable to lookup commit from sha - This should not happen.
2024-12-20T15:52:20.940Z - warn: [ui] [Commit List] - Unable to lookup commit from sha - This should not happen.
2024-12-20T15:52:20.947Z - warn: [ui] [Commit List] - Unable to lookup commit from sha - This should not happen.
2024-12-20T15:52:20.948Z - warn: [ui] [Commit List] - Unable to lookup commit from sha - This should not happen.
2024-12-20T15:52:20.948Z - warn: [ui] [Commit List] - Unable to lookup commit from sha - This should not happen.
2024-12-20T15:52:20.948Z - warn: [ui] [Commit List] - Unable to lookup commit from sha - This should not happen.
2024-12-20T15:52:20.948Z - warn: [ui] [Commit List] - Unable to lookup commit from sha - This should not happen.
2024-12-20T15:52:20.948Z - warn: [ui] [Commit List] - Unable to lookup commit from sha - This should not happen.
2024-12-20T15:52:20.948Z - warn: [ui] [Commit List] - Unable to lookup commit from sha - This should not happen.
2024-12-20T15:52:20.948Z - warn: [ui] [Commit List] - Unable to lookup commit from sha - This should not happen.
2024-12-20T15:52:20.960Z - warn: [ui] [Commit List] - Unable to lookup commit from sha - This should not happen.
2024-12-20T15:52:20.961Z - warn: [ui] [Commit List] - Unable to lookup commit from sha - This should not happen.
2024-12-20T15:52:20.961Z - warn: [ui] [Commit List] - Unable to lookup commit from sha - This should not happen.
2024-12-20T15:52:20.961Z - warn: [ui] [Commit List] - Unable to lookup commit from sha - This should not happen.
2024-12-20T15:52:20.961Z - warn: [ui] [Commit List] - Unable to lookup commit from sha - This should not happen.
2024-12-20T15:52:20.961Z - warn: [ui] [Commit List] - Unable to lookup commit from sha - This should not happen.
2024-12-20T15:52:20.961Z - warn: [ui] [Commit List] - Unable to lookup commit from sha - This should not happen.
2024-12-20T15:52:20.961Z - warn: [ui] [Commit List] - Unable to lookup commit from sha - This should not happen.
2024-12-20T15:52:20.963Z - warn: [ui] [Commit List] - Unable to lookup commit from sha - This should not happen.
2024-12-20T15:52:20.963Z - warn: [ui] [Commit List] - Unable to lookup commit from sha - This should not happen.
2024-12-20T15:52:20.963Z - warn: [ui] [Commit List] - Unable to lookup commit from sha - This should not happen.
2024-12-20T15:52:20.963Z - warn: [ui] [Commit List] - Unable to lookup commit from sha - This should not happen.
2024-12-20T15:52:20.963Z - warn: [ui] [Commit List] - Unable to lookup commit from sha - This should not happen.
2024-12-20T15:52:20.963Z - warn: [ui] [Commit List] - Unable to lookup commit from sha - This should not happen.
2024-12-20T15:52:20.963Z - warn: [ui] [Commit List] - Unable to lookup commit from sha - This should not happen.
2024-12-20T15:52:20.963Z - warn: [ui] [Commit List] - Unable to lookup commit from sha - This should not happen.
2024-12-20T15:52:20.975Z - warn: [ui] [Commit List] - Unable to lookup commit from sha - This should not happen.
2024-12-20T15:52:20.975Z - warn: [ui] [Commit List] - Unable to lookup commit from sha - This should not happen.
2024-12-20T15:52:20.975Z - warn: [ui] [Commit List] - Unable to lookup commit from sha - This should not happen.
2024-12-20T15:52:20.975Z - warn: [ui] [Commit List] - Unable to lookup commit from sha - This should not happen.
2024-12-20T15:52:20.975Z - warn: [ui] [Commit List] - Unable to lookup commit from sha - This should not happen.
2024-12-20T15:52:20.976Z - warn: [ui] [Commit List] - Unable to lookup commit from sha - This should not happen.
2024-12-20T15:52:20.976Z - warn: [ui] [Commit List] - Unable to lookup commit from sha - This should not happen.
2024-12-20T15:52:20.976Z - warn: [ui] [Commit List] - Unable to lookup commit from sha - This should not happen.
2024-12-20T15:52:20.992Z - warn: [ui] [Commit List] - Unable to lookup commit from sha - This should not happen.
2024-12-20T15:52:20.993Z - warn: [ui] [Commit List] - Unable to lookup commit from sha - This should not happen.
2024-12-20T15:52:20.993Z - warn: [ui] [Commit List] - Unable to lookup commit from sha - This should not happen.
2024-12-20T15:52:20.993Z - warn: [ui] [Commit List] - Unable to lookup commit from sha - This should not happen.
2024-12-20T15:52:20.993Z - warn: [ui] [Commit List] - Unable to lookup commit from sha - This should not happen.
2024-12-20T15:52:20.993Z - warn: [ui] [Commit List] - Unable to lookup commit from sha - This should not happen.
2024-12-20T15:52:20.993Z - warn: [ui] [Commit List] - Unable to lookup commit from sha - This should not happen.
2024-12-20T15:52:20.993Z - warn: [ui] [Commit List] - Unable to lookup commit from sha - This should not happen.
2024-12-20T15:52:21.045Z - warn: [ui] [Commit List] - Unable to lookup commit from sha - This should not happen.
2024-12-20T15:52:21.045Z - warn: [ui] [Commit List] - Unable to lookup commit from sha - This should not happen.
2024-12-20T15:52:21.045Z - warn: [ui] [Commit List] - Unable to lookup commit from sha - This should not happen.
2024-12-20T15:52:21.045Z - warn: [ui] [Commit List] - Unable to lookup commit from sha - This should not happen.
2024-12-20T15:52:21.045Z - warn: [ui] [Commit List] - Unable to lookup commit from sha - This should not happen.
2024-12-20T15:52:21.045Z - warn: [ui] [Commit List] - Unable to lookup commit from sha - This should not happen.
2024-12-20T15:52:21.046Z - warn: [ui] [Commit List] - Unable to lookup commit from sha - This should not happen.
2024-12-20T15:52:21.046Z - warn: [ui] [Commit List] - Unable to lookup commit from sha - This should not happen.
2024-12-20T16:32:22.152Z - info: [ui] Executing fetch: git fetch --progress --prune --recurse-submodules=on-demand origin (took 7.380s)
2024-12-20T16:32:24.572Z - info: [ui] Executing updateRemoteHEAD: git remote set-head -a origin (took 2.420s)
2024-12-20T17:20:49.026Z - info: [ui] [RepositoryIndicatorUpdater]: Refreshing sidebar indicators for 6 repositories took 15.5s of which 3074.7s paused, total 3090.2s
2024-12-20T17:39:25.882Z - info: [ui] Executing fetch: git fetch --progress --prune --recurse-submodules=on-demand cr (took 15.546s)
2024-12-20T17:39:28.754Z - info: [ui] Executing fetch: git fetch --progress --prune --recurse-submodules=on-demand origin (took 2.357s)
2024-12-20T17:39:31.129Z - info: [ui] Executing updateRemoteHEAD: git remote set-head -a origin (took 2.376s)
2024-12-20T17:40:09.381Z - info: [ui] [RepositoryIndicatorUpdater]: Refreshing sidebar indicators for 6 repositories took 26.7s of which 102.2s paused, total 128.8s
