2024-12-28T03:03:49.501Z - info: [ui] [AppStore] loading 11 repositories from store
2024-12-28T03:03:49.595Z - info: [ui] launching: 3.4.2-linux1 (Linux 6.11.11-xanmod1)
2024-12-28T03:03:49.596Z - info: [ui] execPath: '/nix/store/w2m5ijgrsgki21yd9qjx3wrw2b3scjv1-github-desktop-3.4.2/opt/github-desktop'
2024-12-28T03:03:49.898Z - warn: [ui] Attempted to add a popup of already existing type - MultiCommitOperation.
2024-12-28T03:06:15.661Z - info: [ui] Executing fetch: git fetch --progress --prune --recurse-submodules=on-demand origin (took 2.851s)
2024-12-28T03:06:18.532Z - info: [ui] Executing updateRemoteHEAD: git remote set-head -a origin (took 2.871s)
2024-12-28T03:06:21.622Z - info: [ui] Executing fetch: git fetch --progress --prune --recurse-submodules=on-demand origin (took 2.995s)
2024-12-28T03:06:24.231Z - info: [ui] Executing updateRemoteHEAD: git remote set-head -a origin (took 2.609s)
2024-12-28T03:06:46.676Z - info: [ui] Executing fetch: git fetch --progress --prune --recurse-submodules=on-demand origin (took 2.416s)
2024-12-28T03:06:49.094Z - info: [ui] Executing updateRemoteHEAD: git remote set-head -a origin (took 2.418s)
2024-12-28T03:07:01.449Z - error: [ui] Could not load old contents for syntax highlighting
RangeError [ERR_CHILD_PROCESS_STDIO_MAXBUFFER]: stdout maxBuffer length exceeded
    at Socket.onChildStdout (node:child_process:490:14)
    at Socket.emit (node:events:531:35)
    at addChunk (node:internal/streams/readable:559:12)
    at readableAddChunkPushByteMode (node:internal/streams/readable:510:3)
    at Socket.Readable.push (node:internal/streams/readable:390:5)
    at Pipe.onStreamRead (node:internal/stream_base_commons:191:23)
2024-12-28T03:07:04.593Z - info: [ui] Executing fetch: git fetch --progress --prune --recurse-submodules=on-demand origin (took 3.397s)
2024-12-28T03:07:06.960Z - info: [ui] Executing updateRemoteHEAD: git remote set-head -a origin (took 2.367s)
2024-12-28T03:07:28.562Z - info: [ui] Executing fetch: git fetch --progress --prune --recurse-submodules=on-demand origin (took 3.553s)
2024-12-28T03:07:30.943Z - info: [ui] Executing updateRemoteHEAD: git remote set-head -a origin (took 2.380s)
2024-12-28T03:07:47.919Z - info: [ui] Executing fetch: git fetch --progress --prune --recurse-submodules=on-demand origin (took 8.410s)
2024-12-28T03:07:50.710Z - info: [ui] Executing updateRemoteHEAD: git remote set-head -a origin (took 2.790s)
2024-12-28T03:07:59.035Z - info: [ui] Executing fetch: git fetch --progress --prune --recurse-submodules=on-demand origin (took 2.386s)
2024-12-28T03:08:01.464Z - info: [ui] Executing updateRemoteHEAD: git remote set-head -a origin (took 2.429s)
2024-12-28T03:08:15.024Z - error: [ui] Could not load old contents for syntax highlighting
RangeError [ERR_CHILD_PROCESS_STDIO_MAXBUFFER]: stdout maxBuffer length exceeded
    at Socket.onChildStdout (node:child_process:490:14)
    at Socket.emit (node:events:531:35)
    at addChunk (node:internal/streams/readable:559:12)
    at readableAddChunkPushByteMode (node:internal/streams/readable:510:3)
    at Socket.Readable.push (node:internal/streams/readable:390:5)
    at Pipe.onStreamRead (node:internal/stream_base_commons:191:23)
2024-12-28T03:08:18.646Z - info: [ui] Executing fetch: git fetch --progress --prune --recurse-submodules=on-demand origin (took 3.903s)
2024-12-28T03:08:21.034Z - info: [ui] Executing updateRemoteHEAD: git remote set-head -a origin (took 2.388s)
2024-12-28T03:08:23.861Z - info: [ui] Executing fetch: git fetch --progress --prune --recurse-submodules=on-demand origin (took 2.443s)
2024-12-28T03:08:27.731Z - info: [ui] Executing updateRemoteHEAD: git remote set-head -a origin (took 3.869s)
2024-12-28T03:08:59.184Z - info: [ui] Executing fetch: git fetch --progress --prune --recurse-submodules=on-demand origin (took 2.408s)
2024-12-28T03:09:03.345Z - info: [ui] Executing updateRemoteHEAD: git remote set-head -a origin (took 4.160s)
2024-12-28T03:09:08.113Z - info: [ui] [RepositoryIndicatorUpdater]: Refreshing sidebar indicators for 10 repositories took 64.1s of which 111.3s paused, total 175.4s
