2025-04-07 11:08:19.986 [info] Reading sessions from keychain...
2025-04-07 11:08:19.986 [info] Getting sessions for all scopes...
2025-04-07 11:08:19.986 [info] Getting sessions for all scopes...
2025-04-07 11:08:19.986 [info] Getting sessions for all scopes...
2025-04-07 11:08:19.986 [info] Getting sessions for all scopes...
2025-04-07 11:08:19.986 [info] Getting sessions for all scopes...
2025-04-07 11:08:19.986 [info] Getting sessions for all scopes...
2025-04-07 11:08:19.986 [info] Getting sessions for all scopes...
2025-04-07 11:08:20.105 [info] Got stored sessions!
2025-04-07 11:08:20.105 [info] Got 1 verified sessions.
2025-04-07 11:08:20.105 [info] Got 1 sessions for ...
2025-04-07 11:08:20.105 [info] Got 1 sessions for ...
2025-04-07 11:08:20.105 [info] Got 1 sessions for ...
2025-04-07 11:08:20.105 [info] Got 1 sessions for ...
2025-04-07 11:08:20.105 [info] Got 1 sessions for ...
2025-04-07 11:08:20.105 [info] Got 1 sessions for ...
2025-04-07 11:08:20.105 [info] Got 1 sessions for ...
2025-04-07 11:08:20.154 [info] Getting sessions for all scopes...
2025-04-07 11:08:20.154 [info] Got 1 sessions for ...
2025-04-07 11:08:20.219 [info] Getting sessions for user:email...
2025-04-07 11:08:20.220 [info] Got 1 sessions for user:email...
2025-04-07 11:08:21.073 [info] Getting sessions for read:user,repo,user:email...
2025-04-07 11:08:21.073 [info] Got 0 sessions for read:user,repo,user:email...
2025-04-07 11:08:22.319 [info] Getting sessions for all scopes...
2025-04-07 11:08:22.319 [info] Got 1 sessions for ...
