2025-04-10 13:33:21.856 [info] Reading sessions from keychain...
2025-04-10 13:33:21.856 [info] Getting sessions for all scopes...
2025-04-10 13:33:21.856 [info] Getting sessions for all scopes...
2025-04-10 13:33:21.856 [info] Getting sessions for all scopes...
2025-04-10 13:33:21.856 [info] Getting sessions for all scopes...
2025-04-10 13:33:21.856 [info] Getting sessions for all scopes...
2025-04-10 13:33:21.856 [info] Getting sessions for all scopes...
2025-04-10 13:33:21.856 [info] Getting sessions for all scopes...
2025-04-10 13:33:21.856 [info] Got stored sessions!
2025-04-10 13:33:21.856 [info] Got 1 verified sessions.
2025-04-10 13:33:21.856 [info] Got 1 sessions for ...
2025-04-10 13:33:21.856 [info] Got 1 sessions for ...
2025-04-10 13:33:21.856 [info] Got 1 sessions for ...
2025-04-10 13:33:21.856 [info] Got 1 sessions for ...
2025-04-10 13:33:21.856 [info] Got 1 sessions for ...
2025-04-10 13:33:21.856 [info] Got 1 sessions for ...
2025-04-10 13:33:21.856 [info] Got 1 sessions for ...
2025-04-10 13:33:21.961 [info] Getting sessions for all scopes...
2025-04-10 13:33:21.961 [info] Got 1 sessions for ...
2025-04-10 13:33:22.084 [info] Getting sessions for user:email...
2025-04-10 13:33:22.084 [info] Got 1 sessions for user:email...
2025-04-10 13:33:23.808 [info] Getting sessions for all scopes...
2025-04-10 13:33:23.808 [info] Got 1 sessions for ...
2025-04-10 13:33:23.888 [info] Getting sessions for read:user,repo,user:email...
2025-04-10 13:33:23.888 [info] Got 0 sessions for read:user,repo,user:email...
2025-04-10 13:33:23.889 [info] Getting sessions for read:user,repo,user:email,workflow...
2025-04-10 13:33:23.889 [info] Got 0 sessions for read:user,repo,user:email,workflow...
2025-04-10 13:33:23.889 [info] Getting sessions for all scopes...
2025-04-10 13:33:23.889 [info] Got 1 sessions for ...
2025-04-10 13:33:23.889 [info] Getting sessions for all scopes...
2025-04-10 13:33:23.889 [info] Got 1 sessions for ...
2025-04-10 13:33:23.951 [info] Getting sessions for read:user...
2025-04-10 13:33:23.951 [info] Got 0 sessions for read:user...
2025-04-10 13:33:23.951 [info] Getting sessions for read:user,repo,user:email,workflow...
2025-04-10 13:33:23.951 [info] Got 0 sessions for read:user,repo,user:email,workflow...
2025-04-10 13:33:23.970 [info] Getting sessions for user:email...
2025-04-10 13:33:23.970 [info] Got 1 sessions for user:email...
2025-04-10 13:33:23.970 [info] Getting sessions for user:email...
2025-04-10 13:33:23.970 [info] Got 1 sessions for user:email...
2025-04-10 13:33:23.976 [info] Getting sessions for all scopes...
2025-04-10 13:33:23.976 [info] Got 1 sessions for ...
2025-04-10 13:33:23.977 [info] Getting sessions for read:user,repo,user:email,workflow...
2025-04-10 13:33:23.977 [info] Got 0 sessions for read:user,repo,user:email,workflow...
2025-04-10 13:33:24.907 [info] Getting sessions for user:email...
2025-04-10 13:33:24.907 [info] Got 1 sessions for user:email...
2025-04-10 13:33:24.915 [info] Getting sessions for all scopes...
2025-04-10 13:33:24.915 [info] Got 1 sessions for ...
2025-04-10 13:33:24.916 [info] Getting sessions for read:user,repo,user:email,workflow...
2025-04-10 13:33:24.916 [info] Got 0 sessions for read:user,repo,user:email,workflow...
2025-04-10 13:33:24.927 [info] Getting sessions for user:email...
2025-04-10 13:33:24.927 [info] Got 1 sessions for user:email...
2025-04-10 13:33:25.560 [info] Getting sessions for all scopes...
2025-04-10 13:33:25.560 [info] Got 1 sessions for ...
2025-04-10 13:33:25.560 [info] Getting sessions for all scopes...
2025-04-10 13:33:25.560 [info] Got 1 sessions for ...
2025-04-10 13:33:25.571 [info] Getting sessions for read:user,repo,user:email,workflow...
2025-04-10 13:33:25.571 [info] Got 0 sessions for read:user,repo,user:email,workflow...
2025-04-10 13:33:25.572 [info] Getting sessions for user:email...
2025-04-10 13:33:25.572 [info] Got 1 sessions for user:email...
2025-04-10 13:33:25.573 [info] Getting sessions for all scopes...
2025-04-10 13:33:25.573 [info] Got 1 sessions for ...
2025-04-10 13:33:25.574 [info] Getting sessions for read:user,repo,user:email,workflow...
2025-04-10 13:33:25.574 [info] Got 0 sessions for read:user,repo,user:email,workflow...
2025-04-10 13:33:25.574 [info] Getting sessions for user:email...
2025-04-10 13:33:25.574 [info] Got 1 sessions for user:email...
2025-04-10 13:33:25.610 [info] Getting sessions for all scopes...
2025-04-10 13:33:25.610 [info] Got 1 sessions for ...
2025-04-10 13:33:25.616 [info] Getting sessions for read:user,repo,user:email,workflow...
2025-04-10 13:33:25.616 [info] Got 0 sessions for read:user,repo,user:email,workflow...
2025-04-10 13:33:25.617 [info] Getting sessions for user:email...
2025-04-10 13:33:25.617 [info] Got 1 sessions for user:email...
2025-04-10 13:33:26.609 [info] Getting sessions for all scopes...
2025-04-10 13:33:26.609 [info] Got 1 sessions for ...
2025-04-10 13:33:26.610 [info] Getting sessions for read:user,repo,user:email,workflow...
2025-04-10 13:33:26.610 [info] Got 0 sessions for read:user,repo,user:email,workflow...
2025-04-10 13:33:26.611 [info] Getting sessions for user:email...
2025-04-10 13:33:26.611 [info] Got 1 sessions for user:email...
2025-04-10 13:48:26.612 [info] Getting sessions for all scopes...
2025-04-10 13:48:26.612 [info] Got 1 sessions for ...
2025-04-10 13:48:26.613 [info] Getting sessions for read:user,repo,user:email,workflow...
2025-04-10 13:48:26.613 [info] Got 0 sessions for read:user,repo,user:email,workflow...
2025-04-10 13:48:26.613 [info] Getting sessions for user:email...
2025-04-10 13:48:26.613 [info] Got 1 sessions for user:email...
2025-04-10 13:58:25.554 [info] Getting sessions for all scopes...
2025-04-10 13:58:25.554 [info] Got 1 sessions for ...
2025-04-10 13:58:25.555 [info] Getting sessions for read:user,repo,user:email,workflow...
2025-04-10 13:58:25.555 [info] Got 0 sessions for read:user,repo,user:email,workflow...
2025-04-10 13:58:25.555 [info] Getting sessions for user:email...
2025-04-10 13:58:25.555 [info] Got 1 sessions for user:email...
2025-04-10 13:58:26.288 [info] Getting sessions for all scopes...
2025-04-10 13:58:26.288 [info] Got 1 sessions for ...
2025-04-10 13:58:26.288 [info] Getting sessions for all scopes...
2025-04-10 13:58:26.288 [info] Got 1 sessions for ...
2025-04-10 13:58:26.288 [info] Getting sessions for read:user,repo,user:email,workflow...
2025-04-10 13:58:26.288 [info] Got 0 sessions for read:user,repo,user:email,workflow...
2025-04-10 13:58:26.289 [info] Getting sessions for user:email...
2025-04-10 13:58:26.289 [info] Got 1 sessions for user:email...
2025-04-10 13:58:26.290 [info] Getting sessions for all scopes...
2025-04-10 13:58:26.290 [info] Got 1 sessions for ...
2025-04-10 13:58:26.291 [info] Getting sessions for read:user,repo,user:email,workflow...
2025-04-10 13:58:26.291 [info] Got 0 sessions for read:user,repo,user:email,workflow...
2025-04-10 13:58:26.291 [info] Getting sessions for user:email...
2025-04-10 13:58:26.291 [info] Got 1 sessions for user:email...
2025-04-10 13:58:26.295 [info] Getting sessions for all scopes...
2025-04-10 13:58:26.295 [info] Got 1 sessions for ...
2025-04-10 13:58:26.296 [info] Getting sessions for read:user,repo,user:email,workflow...
2025-04-10 13:58:26.296 [info] Got 0 sessions for read:user,repo,user:email,workflow...
2025-04-10 13:58:26.296 [info] Getting sessions for user:email...
2025-04-10 13:58:26.296 [info] Got 1 sessions for user:email...
2025-04-10 14:13:26.298 [info] Getting sessions for all scopes...
2025-04-10 14:13:26.298 [info] Got 1 sessions for ...
2025-04-10 14:13:26.299 [info] Getting sessions for read:user,repo,user:email,workflow...
2025-04-10 14:13:26.299 [info] Got 0 sessions for read:user,repo,user:email,workflow...
2025-04-10 14:13:26.300 [info] Getting sessions for user:email...
2025-04-10 14:13:26.300 [info] Got 1 sessions for user:email...
2025-04-10 14:23:26.291 [info] Getting sessions for all scopes...
2025-04-10 14:23:26.291 [info] Got 1 sessions for ...
2025-04-10 14:23:26.292 [info] Getting sessions for read:user,repo,user:email,workflow...
2025-04-10 14:23:26.292 [info] Got 0 sessions for read:user,repo,user:email,workflow...
2025-04-10 14:23:26.293 [info] Getting sessions for user:email...
2025-04-10 14:23:26.293 [info] Got 1 sessions for user:email...
2025-04-10 14:23:27.050 [info] Getting sessions for all scopes...
2025-04-10 14:23:27.050 [info] Got 1 sessions for ...
2025-04-10 14:23:27.050 [info] Getting sessions for all scopes...
2025-04-10 14:23:27.050 [info] Got 1 sessions for ...
2025-04-10 14:23:27.050 [info] Getting sessions for read:user,repo,user:email,workflow...
2025-04-10 14:23:27.050 [info] Got 0 sessions for read:user,repo,user:email,workflow...
2025-04-10 14:23:27.051 [info] Getting sessions for user:email...
2025-04-10 14:23:27.051 [info] Got 1 sessions for user:email...
2025-04-10 14:23:27.052 [info] Getting sessions for all scopes...
2025-04-10 14:23:27.052 [info] Got 1 sessions for ...
2025-04-10 14:23:27.052 [info] Getting sessions for read:user,repo,user:email,workflow...
2025-04-10 14:23:27.052 [info] Got 0 sessions for read:user,repo,user:email,workflow...
2025-04-10 14:23:27.053 [info] Getting sessions for user:email...
2025-04-10 14:23:27.053 [info] Got 1 sessions for user:email...
2025-04-10 14:23:27.057 [info] Getting sessions for all scopes...
2025-04-10 14:23:27.057 [info] Got 1 sessions for ...
2025-04-10 14:23:27.057 [info] Getting sessions for read:user,repo,user:email,workflow...
2025-04-10 14:23:27.058 [info] Got 0 sessions for read:user,repo,user:email,workflow...
2025-04-10 14:23:27.058 [info] Getting sessions for user:email...
2025-04-10 14:23:27.058 [info] Got 1 sessions for user:email...
2025-04-10 14:38:27.060 [info] Getting sessions for all scopes...
2025-04-10 14:38:27.060 [info] Got 1 sessions for ...
2025-04-10 14:38:27.061 [info] Getting sessions for read:user,repo,user:email,workflow...
2025-04-10 14:38:27.061 [info] Got 0 sessions for read:user,repo,user:email,workflow...
2025-04-10 14:38:27.061 [info] Getting sessions for user:email...
2025-04-10 14:38:27.061 [info] Got 1 sessions for user:email...
2025-04-10 14:45:46.893 [info] Getting sessions for read:user,repo,user:email,workflow...
2025-04-10 14:45:46.893 [info] Got 0 sessions for read:user,repo,user:email,workflow...
2025-04-10 14:45:46.893 [info] Getting sessions for read:user...
2025-04-10 14:45:46.893 [info] Got 0 sessions for read:user...
2025-04-10 14:45:46.894 [info] Getting sessions for user:email...
2025-04-10 14:45:46.894 [info] Got 1 sessions for user:email...
2025-04-10 14:48:27.050 [info] Getting sessions for all scopes...
2025-04-10 14:48:27.050 [info] Got 1 sessions for ...
2025-04-10 14:48:27.051 [info] Getting sessions for read:user,repo,user:email,workflow...
2025-04-10 14:48:27.051 [info] Got 0 sessions for read:user,repo,user:email,workflow...
2025-04-10 14:48:27.052 [info] Getting sessions for user:email...
2025-04-10 14:48:27.052 [info] Got 1 sessions for user:email...
2025-04-10 14:48:27.807 [info] Getting sessions for all scopes...
2025-04-10 14:48:27.807 [info] Got 1 sessions for ...
2025-04-10 14:48:27.807 [info] Getting sessions for all scopes...
2025-04-10 14:48:27.807 [info] Got 1 sessions for ...
2025-04-10 14:48:27.808 [info] Getting sessions for read:user,repo,user:email,workflow...
2025-04-10 14:48:27.808 [info] Got 0 sessions for read:user,repo,user:email,workflow...
2025-04-10 14:48:27.808 [info] Getting sessions for user:email...
2025-04-10 14:48:27.808 [info] Got 1 sessions for user:email...
2025-04-10 14:48:27.809 [info] Getting sessions for all scopes...
2025-04-10 14:48:27.809 [info] Got 1 sessions for ...
2025-04-10 14:48:27.809 [info] Getting sessions for read:user,repo,user:email,workflow...
2025-04-10 14:48:27.809 [info] Got 0 sessions for read:user,repo,user:email,workflow...
2025-04-10 14:48:27.810 [info] Getting sessions for user:email...
2025-04-10 14:48:27.810 [info] Got 1 sessions for user:email...
2025-04-10 14:48:27.813 [info] Getting sessions for all scopes...
2025-04-10 14:48:27.813 [info] Got 1 sessions for ...
2025-04-10 14:48:27.814 [info] Getting sessions for read:user,repo,user:email,workflow...
2025-04-10 14:48:27.814 [info] Got 0 sessions for read:user,repo,user:email,workflow...
2025-04-10 14:48:27.815 [info] Getting sessions for user:email...
2025-04-10 14:48:27.815 [info] Got 1 sessions for user:email...
2025-04-10 14:48:27.816 [info] Getting sessions for all scopes...
2025-04-10 14:48:27.816 [info] Got 1 sessions for ...
2025-04-10 14:48:27.816 [info] Getting sessions for read:user,repo,user:email,workflow...
2025-04-10 14:48:27.816 [info] Got 0 sessions for read:user,repo,user:email,workflow...
2025-04-10 14:48:27.817 [info] Getting sessions for user:email...
2025-04-10 14:48:27.817 [info] Got 1 sessions for user:email...
2025-04-10 14:50:59.669 [info] Getting sessions for all scopes...
2025-04-10 14:50:59.669 [info] Got 1 sessions for ...
2025-04-10 14:50:59.670 [info] Getting sessions for read:user,repo,user:email,workflow...
2025-04-10 14:50:59.670 [info] Got 0 sessions for read:user,repo,user:email,workflow...
2025-04-10 14:50:59.670 [info] Getting sessions for user:email...
2025-04-10 14:50:59.670 [info] Got 1 sessions for user:email...
2025-04-10 14:51:01.108 [info] Getting sessions for all scopes...
2025-04-10 14:51:01.108 [info] Got 1 sessions for ...
2025-04-10 14:51:01.120 [info] Getting sessions for read:user,repo,user:email,workflow...
2025-04-10 14:51:01.120 [info] Got 0 sessions for read:user,repo,user:email,workflow...
2025-04-10 14:51:01.121 [info] Getting sessions for user:email...
2025-04-10 14:51:01.121 [info] Got 1 sessions for user:email...
2025-04-10 14:51:05.208 [info] Getting sessions for all scopes...
2025-04-10 14:51:05.208 [info] Got 1 sessions for ...
2025-04-10 14:51:05.213 [info] Getting sessions for read:user,repo,user:email,workflow...
2025-04-10 14:51:05.213 [info] Got 0 sessions for read:user,repo,user:email,workflow...
2025-04-10 14:51:05.213 [info] Getting sessions for user:email...
2025-04-10 14:51:05.213 [info] Got 1 sessions for user:email...
2025-04-10 15:03:28.817 [info] Getting sessions for all scopes...
2025-04-10 15:03:28.817 [info] Got 1 sessions for ...
2025-04-10 15:03:28.817 [info] Getting sessions for read:user,repo,user:email,workflow...
2025-04-10 15:03:28.817 [info] Got 0 sessions for read:user,repo,user:email,workflow...
2025-04-10 15:03:28.818 [info] Getting sessions for user:email...
2025-04-10 15:03:28.818 [info] Got 1 sessions for user:email...
2025-04-10 15:03:28.818 [info] Getting sessions for all scopes...
2025-04-10 15:03:28.818 [info] Got 1 sessions for ...
2025-04-10 15:03:28.819 [info] Getting sessions for read:user,repo,user:email,workflow...
2025-04-10 15:03:28.819 [info] Got 0 sessions for read:user,repo,user:email,workflow...
2025-04-10 15:03:28.819 [info] Getting sessions for user:email...
2025-04-10 15:03:28.819 [info] Got 1 sessions for user:email...
2025-04-10 15:03:30.165 [info] Getting sessions for all scopes...
2025-04-10 15:03:30.165 [info] Got 1 sessions for ...
2025-04-10 15:03:30.166 [info] Getting sessions for read:user,repo,user:email,workflow...
2025-04-10 15:03:30.166 [info] Got 0 sessions for read:user,repo,user:email,workflow...
2025-04-10 15:03:30.166 [info] Getting sessions for user:email...
2025-04-10 15:03:30.166 [info] Got 1 sessions for user:email...
2025-04-10 15:03:30.184 [info] Getting sessions for all scopes...
2025-04-10 15:03:30.184 [info] Got 1 sessions for ...
2025-04-10 15:03:30.185 [info] Getting sessions for read:user,repo,user:email,workflow...
2025-04-10 15:03:30.185 [info] Got 0 sessions for read:user,repo,user:email,workflow...
2025-04-10 15:03:30.185 [info] Getting sessions for user:email...
2025-04-10 15:03:30.185 [info] Got 1 sessions for user:email...
2025-04-10 15:03:31.323 [info] Getting sessions for all scopes...
2025-04-10 15:03:31.323 [info] Got 1 sessions for ...
2025-04-10 15:03:31.449 [info] Getting sessions for read:user,repo,user:email,workflow...
2025-04-10 15:03:31.449 [info] Got 0 sessions for read:user,repo,user:email,workflow...
2025-04-10 15:03:31.483 [info] Getting sessions for user:email...
2025-04-10 15:03:31.483 [info] Got 1 sessions for user:email...
2025-04-10 15:03:32.964 [info] Getting sessions for all scopes...
2025-04-10 15:03:32.964 [info] Got 1 sessions for ...
2025-04-10 15:03:32.965 [info] Getting sessions for read:user,repo,user:email,workflow...
2025-04-10 15:03:32.965 [info] Got 0 sessions for read:user,repo,user:email,workflow...
2025-04-10 15:03:32.965 [info] Getting sessions for user:email...
2025-04-10 15:03:32.965 [info] Got 1 sessions for user:email...
2025-04-10 15:13:27.809 [info] Getting sessions for all scopes...
2025-04-10 15:13:27.809 [info] Got 1 sessions for ...
2025-04-10 15:13:27.809 [info] Getting sessions for read:user,repo,user:email,workflow...
2025-04-10 15:13:27.809 [info] Got 0 sessions for read:user,repo,user:email,workflow...
2025-04-10 15:13:27.810 [info] Getting sessions for user:email...
2025-04-10 15:13:27.810 [info] Got 1 sessions for user:email...
2025-04-10 15:13:28.476 [info] Getting sessions for all scopes...
2025-04-10 15:13:28.476 [info] Got 1 sessions for ...
2025-04-10 15:13:28.476 [info] Getting sessions for all scopes...
2025-04-10 15:13:28.476 [info] Got 1 sessions for ...
2025-04-10 15:13:28.477 [info] Getting sessions for read:user,repo,user:email,workflow...
2025-04-10 15:13:28.477 [info] Got 0 sessions for read:user,repo,user:email,workflow...
2025-04-10 15:13:28.477 [info] Getting sessions for user:email...
2025-04-10 15:13:28.477 [info] Got 1 sessions for user:email...
2025-04-10 15:13:28.478 [info] Getting sessions for all scopes...
2025-04-10 15:13:28.478 [info] Got 1 sessions for ...
2025-04-10 15:13:28.478 [info] Getting sessions for read:user,repo,user:email,workflow...
2025-04-10 15:13:28.478 [info] Got 0 sessions for read:user,repo,user:email,workflow...
2025-04-10 15:13:28.479 [info] Getting sessions for user:email...
2025-04-10 15:13:28.479 [info] Got 1 sessions for user:email...
2025-04-10 15:13:28.483 [info] Getting sessions for all scopes...
2025-04-10 15:13:28.483 [info] Got 1 sessions for ...
2025-04-10 15:13:28.484 [info] Getting sessions for read:user,repo,user:email,workflow...
2025-04-10 15:13:28.484 [info] Got 0 sessions for read:user,repo,user:email,workflow...
2025-04-10 15:13:28.484 [info] Getting sessions for user:email...
2025-04-10 15:13:28.484 [info] Got 1 sessions for user:email...
2025-04-10 15:28:28.486 [info] Getting sessions for all scopes...
2025-04-10 15:28:28.486 [info] Got 1 sessions for ...
2025-04-10 15:28:28.487 [info] Getting sessions for read:user,repo,user:email,workflow...
2025-04-10 15:28:28.487 [info] Got 0 sessions for read:user,repo,user:email,workflow...
2025-04-10 15:28:28.488 [info] Getting sessions for user:email...
2025-04-10 15:28:28.488 [info] Got 1 sessions for user:email...
