2025-04-06 11:56:01.489 [info] Reading sessions from keychain...
2025-04-06 11:56:01.489 [info] Getting sessions for all scopes...
2025-04-06 11:56:01.489 [info] Getting sessions for all scopes...
2025-04-06 11:56:01.489 [info] Getting sessions for all scopes...
2025-04-06 11:56:01.489 [info] Getting sessions for all scopes...
2025-04-06 11:56:01.489 [info] Getting sessions for all scopes...
2025-04-06 11:56:01.489 [info] Getting sessions for all scopes...
2025-04-06 11:56:01.489 [info] Getting sessions for all scopes...
2025-04-06 11:56:01.489 [info] Got stored sessions!
2025-04-06 11:56:01.489 [info] Got 1 verified sessions.
2025-04-06 11:56:01.489 [info] Got 1 sessions for ...
2025-04-06 11:56:01.489 [info] Got 1 sessions for ...
2025-04-06 11:56:01.489 [info] Got 1 sessions for ...
2025-04-06 11:56:01.489 [info] Got 1 sessions for ...
2025-04-06 11:56:01.489 [info] Got 1 sessions for ...
2025-04-06 11:56:01.489 [info] Got 1 sessions for ...
2025-04-06 11:56:01.489 [info] Got 1 sessions for ...
2025-04-06 11:56:01.520 [info] Getting sessions for all scopes...
2025-04-06 11:56:01.520 [info] Got 1 sessions for ...
2025-04-06 11:56:01.766 [info] Getting sessions for user:email...
2025-04-06 11:56:01.766 [info] Got 1 sessions for user:email...
2025-04-06 11:56:01.842 [info] Getting sessions for read:user,repo,user:email...
2025-04-06 11:56:01.842 [info] Got 0 sessions for read:user,repo,user:email...
2025-04-06 11:56:03.468 [info] Getting sessions for all scopes...
2025-04-06 11:56:03.468 [info] Got 1 sessions for ...
