2025-04-09 16:54:24.151 [info] [main] Log level: Info
2025-04-09 16:54:24.151 [info] [main] Validating found git in: "git"
2025-04-09 16:54:24.151 [info] [main] Using git "2.47.2" from "git"
2025-04-09 16:54:24.151 [info] [Model][doInitialScan] Initial repository scan started
2025-04-09 16:54:24.151 [info] > git rev-parse --show-toplevel [15ms]
2025-04-09 16:54:24.151 [info] fatal: not a git repository (or any of the parent directories): .git
2025-04-09 16:54:24.151 [info] > git rev-parse --show-toplevel [1ms]
2025-04-09 16:54:24.151 [info] fatal: not a git repository (or any of the parent directories): .git
2025-04-09 16:54:24.151 [info] [Model][doInitialScan] Initial repository scan completed - repositories (0), closed repositories (0), parent repositories (0), unsafe repositories (0)
2025-04-09 16:54:25.463 [info] > git rev-parse --show-toplevel [62ms]
2025-04-09 16:54:25.463 [info] fatal: not a git repository (or any of the parent directories): .git
2025-04-09 16:54:25.539 [info] > git rev-parse --show-toplevel [8ms]
2025-04-09 16:54:25.539 [info] fatal: not a git repository (or any of the parent directories): .git
2025-04-09 16:54:26.571 [info] > git rev-parse --show-toplevel [2ms]
2025-04-09 16:54:26.571 [info] fatal: not a git repository (or any of the parent directories): .git
2025-04-09 16:54:27.836 [info] > git rev-parse --show-toplevel [6ms]
2025-04-09 16:54:27.836 [info] fatal: not a git repository (or any of the parent directories): .git
2025-04-09 16:54:54.512 [info] > git rev-parse --show-toplevel [1ms]
2025-04-09 16:54:54.512 [info] fatal: not a git repository (or any of the parent directories): .git
2025-04-09 16:54:55.922 [info] > git rev-parse --show-toplevel [1ms]
2025-04-09 16:54:55.922 [info] fatal: not a git repository (or any of the parent directories): .git
2025-04-09 17:34:14.976 [info] > git rev-parse --show-toplevel [4ms]
2025-04-09 17:34:14.976 [info] fatal: not a git repository (or any of the parent directories): .git
