2025-04-06 11:56:01.371 [info] Extension host with pid 86004 started
2025-04-06 11:56:01.426 [info] ExtensionService#_doActivateExtension vscode.github-authentication, startup: false, activationEvent: 'onAuthenticationRequest:github'
2025-04-06 11:56:01.445 [info] ExtensionService#_doActivateExtension vscode.emmet, startup: false, activationEvent: 'onLanguage'
2025-04-06 11:56:01.489 [info] ExtensionService#_doActivateExtension vscode.git-base, startup: true, activationEvent: '*'
2025-04-06 11:56:01.492 [info] ExtensionService#_doActivateExtension vscode.github, startup: true, activationEvent: '*'
2025-04-06 11:56:01.520 [info] Eager extensions activated
2025-04-06 11:56:01.562 [info] ExtensionService#_doActivateExtension vscode.debug-auto-launch, startup: false, activationEvent: 'onStartupFinished'
2025-04-06 11:56:01.565 [info] ExtensionService#_doActivateExtension vscode.merge-conflict, startup: false, activationEvent: 'onStartupFinished'
2025-04-06 11:56:01.577 [info] ExtensionService#_doActivateExtension Catppuccin.catppuccin-vsc, startup: false, activationEvent: 'onStartupFinished'
2025-04-06 11:56:01.581 [info] ExtensionService#_doActivateExtension eamodio.gitlens, startup: false, activationEvent: 'onStartupFinished'
2025-04-06 11:56:02.213 [info] ExtensionService#_doActivateExtension vscode.configuration-editing, startup: false, activationEvent: 'onLanguage:jsonc'
2025-04-06 11:56:02.224 [info] ExtensionService#_doActivateExtension vscode.json-language-features, startup: false, activationEvent: 'onLanguage:jsonc'
2025-04-06 11:56:02.266 [info] ExtensionService#_doActivateExtension vscode.typescript-language-features, startup: false, activationEvent: 'onLanguage:jsonc'
2025-04-06 11:56:18.072 [info] Extension host terminating: renderer closed the MessagePort
2025-04-06 11:56:18.085 [error] An error occurred when disposing the subscriptions for extension 'eamodio.gitlens':
2025-04-06 11:56:18.087 [error] TypeError: Cannot read properties of undefined (reading 'dispose')
	at Object.dispose (file:///nix/store/09k7b0bhiz2rjd9980lwjj22750jrm58-vscode-1.97.2/lib/vscode/resources/app/out/vs/workbench/api/node/extensionHostProcess.js:135:120822)
	at cv.<anonymous> (file:///nix/store/09k7b0bhiz2rjd9980lwjj22750jrm58-vscode-1.97.2/lib/vscode/resources/app/out/vs/workbench/api/node/extensionHostProcess.js:106:20084)
	at cv.dispose (file:///nix/store/09k7b0bhiz2rjd9980lwjj22750jrm58-vscode-1.97.2/lib/vscode/resources/app/out/vs/workbench/api/node/extensionHostProcess.js:106:20180)
	at Object.dispose (/home/roxor/.vscode/extensions/eamodio.gitlens-17.0.1/dist/gitlens.js:30:24001)
	at /home/roxor/.vscode/extensions/eamodio.gitlens-17.0.1/dist/gitlens.js:301:15285
	at Array.forEach (<anonymous>)
	at Object.dispose (/home/roxor/.vscode/extensions/eamodio.gitlens-17.0.1/dist/gitlens.js:301:15267)
	at ui (file:///nix/store/09k7b0bhiz2rjd9980lwjj22750jrm58-vscode-1.97.2/lib/vscode/resources/app/out/vs/workbench/api/node/extensionHostProcess.js:25:699)
	at file:///nix/store/09k7b0bhiz2rjd9980lwjj22750jrm58-vscode-1.97.2/lib/vscode/resources/app/out/vs/workbench/api/node/extensionHostProcess.js:116:14992
	at file:///nix/store/09k7b0bhiz2rjd9980lwjj22750jrm58-vscode-1.97.2/lib/vscode/resources/app/out/vs/workbench/api/node/extensionHostProcess.js:25:1009
	at Object.dispose (file:///nix/store/09k7b0bhiz2rjd9980lwjj22750jrm58-vscode-1.97.2/lib/vscode/resources/app/out/vs/workbench/api/node/extensionHostProcess.js:8:705)
	at PW.eb (file:///nix/store/09k7b0bhiz2rjd9980lwjj22750jrm58-vscode-1.97.2/lib/vscode/resources/app/out/vs/workbench/api/node/extensionHostProcess.js:116:11919)
	at file:///nix/store/09k7b0bhiz2rjd9980lwjj22750jrm58-vscode-1.97.2/lib/vscode/resources/app/out/vs/workbench/api/node/extensionHostProcess.js:116:9874
	at Array.map (<anonymous>)
	at PW.$ (file:///nix/store/09k7b0bhiz2rjd9980lwjj22750jrm58-vscode-1.97.2/lib/vscode/resources/app/out/vs/workbench/api/node/extensionHostProcess.js:116:9862)
	at PW.terminate (file:///nix/store/09k7b0bhiz2rjd9980lwjj22750jrm58-vscode-1.97.2/lib/vscode/resources/app/out/vs/workbench/api/node/extensionHostProcess.js:116:10105)
	at wC.terminate (file:///nix/store/09k7b0bhiz2rjd9980lwjj22750jrm58-vscode-1.97.2/lib/vscode/resources/app/out/vs/workbench/api/node/extensionHostProcess.js:117:1434)
	at ts (file:///nix/store/09k7b0bhiz2rjd9980lwjj22750jrm58-vscode-1.97.2/lib/vscode/resources/app/out/vs/workbench/api/node/extensionHostProcess.js:190:15080)
	at MessagePortMain.<anonymous> (file:///nix/store/09k7b0bhiz2rjd9980lwjj22750jrm58-vscode-1.97.2/lib/vscode/resources/app/out/vs/workbench/api/node/extensionHostProcess.js:190:11628)
	at MessagePortMain.emit (node:events:518:28)
	at MessagePortMain._internalPort.emit (node:electron/js2c/utility_init:2:2949)
2025-04-06 11:56:18.088 [error] Canceled: Canceled
	at new XR (file:///nix/store/09k7b0bhiz2rjd9980lwjj22750jrm58-vscode-1.97.2/lib/vscode/resources/app/out/vs/workbench/api/node/extensionHostProcess.js:29:110406)
	at Uy.U (file:///nix/store/09k7b0bhiz2rjd9980lwjj22750jrm58-vscode-1.97.2/lib/vscode/resources/app/out/vs/workbench/api/node/extensionHostProcess.js:29:115016)
	at s.<computed>.n.charCodeAt.s.<computed> (file:///nix/store/09k7b0bhiz2rjd9980lwjj22750jrm58-vscode-1.97.2/lib/vscode/resources/app/out/vs/workbench/api/node/extensionHostProcess.js:29:112510)
	at mw.g (file:///nix/store/09k7b0bhiz2rjd9980lwjj22750jrm58-vscode-1.97.2/lib/vscode/resources/app/out/vs/workbench/api/node/extensionHostProcess.js:112:32221)
	at mw.executeCommand (file:///nix/store/09k7b0bhiz2rjd9980lwjj22750jrm58-vscode-1.97.2/lib/vscode/resources/app/out/vs/workbench/api/node/extensionHostProcess.js:112:31725)
	at r.registerCommand.description (file:///nix/store/09k7b0bhiz2rjd9980lwjj22750jrm58-vscode-1.97.2/lib/vscode/resources/app/out/vs/workbench/api/node/extensionHostProcess.js:112:31055)
	at mw.h (file:///nix/store/09k7b0bhiz2rjd9980lwjj22750jrm58-vscode-1.97.2/lib/vscode/resources/app/out/vs/workbench/api/node/extensionHostProcess.js:112:32741)
	at mw.g (file:///nix/store/09k7b0bhiz2rjd9980lwjj22750jrm58-vscode-1.97.2/lib/vscode/resources/app/out/vs/workbench/api/node/extensionHostProcess.js:112:31818)
	at mw.executeCommand (file:///nix/store/09k7b0bhiz2rjd9980lwjj22750jrm58-vscode-1.97.2/lib/vscode/resources/app/out/vs/workbench/api/node/extensionHostProcess.js:112:31725)
	at Object.executeCommand (file:///nix/store/09k7b0bhiz2rjd9980lwjj22750jrm58-vscode-1.97.2/lib/vscode/resources/app/out/vs/workbench/api/node/extensionHostProcess.js:172:37254)
	at w (/home/roxor/.vscode/extensions/eamodio.gitlens-17.0.1/dist/gitlens.js:365:3186)
	at c (/home/roxor/.vscode/extensions/eamodio.gitlens-17.0.1/dist/gitlens.js:1:64500)
	at ActionRunners._updateContextKeys (/home/roxor/.vscode/extensions/eamodio.gitlens-17.0.1/dist/gitlens.js:1495:30978)
	at s (/home/roxor/.vscode/extensions/eamodio.gitlens-17.0.1/dist/gitlens.js:1495:29422)
	at RegisteredActionRunner.unregister (/home/roxor/.vscode/extensions/eamodio.gitlens-17.0.1/dist/gitlens.js:1495:29565)
	at RegisteredActionRunner.dispose (/home/roxor/.vscode/extensions/eamodio.gitlens-17.0.1/dist/gitlens.js:1495:28225)
	at Object.dispose (/home/roxor/.vscode/extensions/eamodio.gitlens-17.0.1/dist/gitlens.js:1495:29659)
	at ui (file:///nix/store/09k7b0bhiz2rjd9980lwjj22750jrm58-vscode-1.97.2/lib/vscode/resources/app/out/vs/workbench/api/node/extensionHostProcess.js:25:699)
	at file:///nix/store/09k7b0bhiz2rjd9980lwjj22750jrm58-vscode-1.97.2/lib/vscode/resources/app/out/vs/workbench/api/node/extensionHostProcess.js:116:14992
	at file:///nix/store/09k7b0bhiz2rjd9980lwjj22750jrm58-vscode-1.97.2/lib/vscode/resources/app/out/vs/workbench/api/node/extensionHostProcess.js:25:1009
	at Object.dispose (file:///nix/store/09k7b0bhiz2rjd9980lwjj22750jrm58-vscode-1.97.2/lib/vscode/resources/app/out/vs/workbench/api/node/extensionHostProcess.js:8:705)
	at PW.eb (file:///nix/store/09k7b0bhiz2rjd9980lwjj22750jrm58-vscode-1.97.2/lib/vscode/resources/app/out/vs/workbench/api/node/extensionHostProcess.js:116:11919)
	at file:///nix/store/09k7b0bhiz2rjd9980lwjj22750jrm58-vscode-1.97.2/lib/vscode/resources/app/out/vs/workbench/api/node/extensionHostProcess.js:116:9874
	at Array.map (<anonymous>)
	at PW.$ (file:///nix/store/09k7b0bhiz2rjd9980lwjj22750jrm58-vscode-1.97.2/lib/vscode/resources/app/out/vs/workbench/api/node/extensionHostProcess.js:116:9862)
	at PW.terminate (file:///nix/store/09k7b0bhiz2rjd9980lwjj22750jrm58-vscode-1.97.2/lib/vscode/resources/app/out/vs/workbench/api/node/extensionHostProcess.js:116:10105)
	at wC.terminate (file:///nix/store/09k7b0bhiz2rjd9980lwjj22750jrm58-vscode-1.97.2/lib/vscode/resources/app/out/vs/workbench/api/node/extensionHostProcess.js:117:1434)
	at ts (file:///nix/store/09k7b0bhiz2rjd9980lwjj22750jrm58-vscode-1.97.2/lib/vscode/resources/app/out/vs/workbench/api/node/extensionHostProcess.js:190:15080)
	at MessagePortMain.<anonymous> (file:///nix/store/09k7b0bhiz2rjd9980lwjj22750jrm58-vscode-1.97.2/lib/vscode/resources/app/out/vs/workbench/api/node/extensionHostProcess.js:190:11628)
	at MessagePortMain.emit (node:events:518:28)
	at MessagePortMain._internalPort.emit (node:electron/js2c/utility_init:2:2949) setContext undefined
2025-04-06 11:56:18.088 [error] Canceled: Canceled
	at new XR (file:///nix/store/09k7b0bhiz2rjd9980lwjj22750jrm58-vscode-1.97.2/lib/vscode/resources/app/out/vs/workbench/api/node/extensionHostProcess.js:29:110406)
	at Uy.U (file:///nix/store/09k7b0bhiz2rjd9980lwjj22750jrm58-vscode-1.97.2/lib/vscode/resources/app/out/vs/workbench/api/node/extensionHostProcess.js:29:115016)
	at s.<computed>.n.charCodeAt.s.<computed> (file:///nix/store/09k7b0bhiz2rjd9980lwjj22750jrm58-vscode-1.97.2/lib/vscode/resources/app/out/vs/workbench/api/node/extensionHostProcess.js:29:112510)
	at mw.g (file:///nix/store/09k7b0bhiz2rjd9980lwjj22750jrm58-vscode-1.97.2/lib/vscode/resources/app/out/vs/workbench/api/node/extensionHostProcess.js:112:32221)
	at mw.executeCommand (file:///nix/store/09k7b0bhiz2rjd9980lwjj22750jrm58-vscode-1.97.2/lib/vscode/resources/app/out/vs/workbench/api/node/extensionHostProcess.js:112:31725)
	at r.registerCommand.description (file:///nix/store/09k7b0bhiz2rjd9980lwjj22750jrm58-vscode-1.97.2/lib/vscode/resources/app/out/vs/workbench/api/node/extensionHostProcess.js:112:31055)
	at mw.h (file:///nix/store/09k7b0bhiz2rjd9980lwjj22750jrm58-vscode-1.97.2/lib/vscode/resources/app/out/vs/workbench/api/node/extensionHostProcess.js:112:32741)
	at mw.g (file:///nix/store/09k7b0bhiz2rjd9980lwjj22750jrm58-vscode-1.97.2/lib/vscode/resources/app/out/vs/workbench/api/node/extensionHostProcess.js:112:31818)
	at mw.executeCommand (file:///nix/store/09k7b0bhiz2rjd9980lwjj22750jrm58-vscode-1.97.2/lib/vscode/resources/app/out/vs/workbench/api/node/extensionHostProcess.js:112:31725)
	at Object.executeCommand (file:///nix/store/09k7b0bhiz2rjd9980lwjj22750jrm58-vscode-1.97.2/lib/vscode/resources/app/out/vs/workbench/api/node/extensionHostProcess.js:172:37254)
	at w (/home/roxor/.vscode/extensions/eamodio.gitlens-17.0.1/dist/gitlens.js:365:3186)
	at c (/home/roxor/.vscode/extensions/eamodio.gitlens-17.0.1/dist/gitlens.js:1:64500)
	at ActionRunners._updateContextKeys (/home/roxor/.vscode/extensions/eamodio.gitlens-17.0.1/dist/gitlens.js:1495:30978)
	at s (/home/roxor/.vscode/extensions/eamodio.gitlens-17.0.1/dist/gitlens.js:1495:29422)
	at RegisteredActionRunner.unregister (/home/roxor/.vscode/extensions/eamodio.gitlens-17.0.1/dist/gitlens.js:1495:29565)
	at RegisteredActionRunner.dispose (/home/roxor/.vscode/extensions/eamodio.gitlens-17.0.1/dist/gitlens.js:1495:28225)
	at Object.dispose (/home/roxor/.vscode/extensions/eamodio.gitlens-17.0.1/dist/gitlens.js:1495:29659)
	at ui (file:///nix/store/09k7b0bhiz2rjd9980lwjj22750jrm58-vscode-1.97.2/lib/vscode/resources/app/out/vs/workbench/api/node/extensionHostProcess.js:25:699)
	at file:///nix/store/09k7b0bhiz2rjd9980lwjj22750jrm58-vscode-1.97.2/lib/vscode/resources/app/out/vs/workbench/api/node/extensionHostProcess.js:116:14992
	at file:///nix/store/09k7b0bhiz2rjd9980lwjj22750jrm58-vscode-1.97.2/lib/vscode/resources/app/out/vs/workbench/api/node/extensionHostProcess.js:25:1009
	at Object.dispose (file:///nix/store/09k7b0bhiz2rjd9980lwjj22750jrm58-vscode-1.97.2/lib/vscode/resources/app/out/vs/workbench/api/node/extensionHostProcess.js:8:705)
	at PW.eb (file:///nix/store/09k7b0bhiz2rjd9980lwjj22750jrm58-vscode-1.97.2/lib/vscode/resources/app/out/vs/workbench/api/node/extensionHostProcess.js:116:11919)
	at file:///nix/store/09k7b0bhiz2rjd9980lwjj22750jrm58-vscode-1.97.2/lib/vscode/resources/app/out/vs/workbench/api/node/extensionHostProcess.js:116:9874
	at Array.map (<anonymous>)
	at PW.$ (file:///nix/store/09k7b0bhiz2rjd9980lwjj22750jrm58-vscode-1.97.2/lib/vscode/resources/app/out/vs/workbench/api/node/extensionHostProcess.js:116:9862)
	at PW.terminate (file:///nix/store/09k7b0bhiz2rjd9980lwjj22750jrm58-vscode-1.97.2/lib/vscode/resources/app/out/vs/workbench/api/node/extensionHostProcess.js:116:10105)
	at wC.terminate (file:///nix/store/09k7b0bhiz2rjd9980lwjj22750jrm58-vscode-1.97.2/lib/vscode/resources/app/out/vs/workbench/api/node/extensionHostProcess.js:117:1434)
	at ts (file:///nix/store/09k7b0bhiz2rjd9980lwjj22750jrm58-vscode-1.97.2/lib/vscode/resources/app/out/vs/workbench/api/node/extensionHostProcess.js:190:15080)
	at MessagePortMain.<anonymous> (file:///nix/store/09k7b0bhiz2rjd9980lwjj22750jrm58-vscode-1.97.2/lib/vscode/resources/app/out/vs/workbench/api/node/extensionHostProcess.js:190:11628)
	at MessagePortMain.emit (node:events:518:28)
	at MessagePortMain._internalPort.emit (node:electron/js2c/utility_init:2:2949) setContext undefined
2025-04-06 11:56:18.088 [error] Canceled: Canceled
	at new XR (file:///nix/store/09k7b0bhiz2rjd9980lwjj22750jrm58-vscode-1.97.2/lib/vscode/resources/app/out/vs/workbench/api/node/extensionHostProcess.js:29:110406)
	at Uy.U (file:///nix/store/09k7b0bhiz2rjd9980lwjj22750jrm58-vscode-1.97.2/lib/vscode/resources/app/out/vs/workbench/api/node/extensionHostProcess.js:29:115016)
	at s.<computed>.n.charCodeAt.s.<computed> (file:///nix/store/09k7b0bhiz2rjd9980lwjj22750jrm58-vscode-1.97.2/lib/vscode/resources/app/out/vs/workbench/api/node/extensionHostProcess.js:29:112510)
	at mw.g (file:///nix/store/09k7b0bhiz2rjd9980lwjj22750jrm58-vscode-1.97.2/lib/vscode/resources/app/out/vs/workbench/api/node/extensionHostProcess.js:112:32221)
	at mw.executeCommand (file:///nix/store/09k7b0bhiz2rjd9980lwjj22750jrm58-vscode-1.97.2/lib/vscode/resources/app/out/vs/workbench/api/node/extensionHostProcess.js:112:31725)
	at r.registerCommand.description (file:///nix/store/09k7b0bhiz2rjd9980lwjj22750jrm58-vscode-1.97.2/lib/vscode/resources/app/out/vs/workbench/api/node/extensionHostProcess.js:112:31055)
	at mw.h (file:///nix/store/09k7b0bhiz2rjd9980lwjj22750jrm58-vscode-1.97.2/lib/vscode/resources/app/out/vs/workbench/api/node/extensionHostProcess.js:112:32741)
	at mw.g (file:///nix/store/09k7b0bhiz2rjd9980lwjj22750jrm58-vscode-1.97.2/lib/vscode/resources/app/out/vs/workbench/api/node/extensionHostProcess.js:112:31818)
	at mw.executeCommand (file:///nix/store/09k7b0bhiz2rjd9980lwjj22750jrm58-vscode-1.97.2/lib/vscode/resources/app/out/vs/workbench/api/node/extensionHostProcess.js:112:31725)
	at Object.executeCommand (file:///nix/store/09k7b0bhiz2rjd9980lwjj22750jrm58-vscode-1.97.2/lib/vscode/resources/app/out/vs/workbench/api/node/extensionHostProcess.js:172:37254)
	at w (/home/roxor/.vscode/extensions/eamodio.gitlens-17.0.1/dist/gitlens.js:365:3186)
	at c (/home/roxor/.vscode/extensions/eamodio.gitlens-17.0.1/dist/gitlens.js:1:64500)
	at ActionRunners._updateContextKeys (/home/roxor/.vscode/extensions/eamodio.gitlens-17.0.1/dist/gitlens.js:1495:30978)
	at s (/home/roxor/.vscode/extensions/eamodio.gitlens-17.0.1/dist/gitlens.js:1495:29422)
	at RegisteredActionRunner.unregister (/home/roxor/.vscode/extensions/eamodio.gitlens-17.0.1/dist/gitlens.js:1495:29565)
	at RegisteredActionRunner.dispose (/home/roxor/.vscode/extensions/eamodio.gitlens-17.0.1/dist/gitlens.js:1495:28225)
	at Object.dispose (/home/roxor/.vscode/extensions/eamodio.gitlens-17.0.1/dist/gitlens.js:1495:29659)
	at ui (file:///nix/store/09k7b0bhiz2rjd9980lwjj22750jrm58-vscode-1.97.2/lib/vscode/resources/app/out/vs/workbench/api/node/extensionHostProcess.js:25:699)
	at file:///nix/store/09k7b0bhiz2rjd9980lwjj22750jrm58-vscode-1.97.2/lib/vscode/resources/app/out/vs/workbench/api/node/extensionHostProcess.js:116:14992
	at file:///nix/store/09k7b0bhiz2rjd9980lwjj22750jrm58-vscode-1.97.2/lib/vscode/resources/app/out/vs/workbench/api/node/extensionHostProcess.js:25:1009
	at Object.dispose (file:///nix/store/09k7b0bhiz2rjd9980lwjj22750jrm58-vscode-1.97.2/lib/vscode/resources/app/out/vs/workbench/api/node/extensionHostProcess.js:8:705)
	at PW.eb (file:///nix/store/09k7b0bhiz2rjd9980lwjj22750jrm58-vscode-1.97.2/lib/vscode/resources/app/out/vs/workbench/api/node/extensionHostProcess.js:116:11919)
	at file:///nix/store/09k7b0bhiz2rjd9980lwjj22750jrm58-vscode-1.97.2/lib/vscode/resources/app/out/vs/workbench/api/node/extensionHostProcess.js:116:9874
	at Array.map (<anonymous>)
	at PW.$ (file:///nix/store/09k7b0bhiz2rjd9980lwjj22750jrm58-vscode-1.97.2/lib/vscode/resources/app/out/vs/workbench/api/node/extensionHostProcess.js:116:9862)
	at PW.terminate (file:///nix/store/09k7b0bhiz2rjd9980lwjj22750jrm58-vscode-1.97.2/lib/vscode/resources/app/out/vs/workbench/api/node/extensionHostProcess.js:116:10105)
	at wC.terminate (file:///nix/store/09k7b0bhiz2rjd9980lwjj22750jrm58-vscode-1.97.2/lib/vscode/resources/app/out/vs/workbench/api/node/extensionHostProcess.js:117:1434)
	at ts (file:///nix/store/09k7b0bhiz2rjd9980lwjj22750jrm58-vscode-1.97.2/lib/vscode/resources/app/out/vs/workbench/api/node/extensionHostProcess.js:190:15080)
	at MessagePortMain.<anonymous> (file:///nix/store/09k7b0bhiz2rjd9980lwjj22750jrm58-vscode-1.97.2/lib/vscode/resources/app/out/vs/workbench/api/node/extensionHostProcess.js:190:11628)
	at MessagePortMain.emit (node:events:518:28)
	at MessagePortMain._internalPort.emit (node:electron/js2c/utility_init:2:2949) setContext undefined
2025-04-06 11:56:18.088 [info] Extension host with pid 86004 exiting with code 0
