2025-04-09 00:03:27.967 [info] Reading sessions from keychain...
2025-04-09 00:03:27.967 [info] Getting sessions for all scopes...
2025-04-09 00:03:27.967 [info] Getting sessions for all scopes...
2025-04-09 00:03:27.967 [info] Getting sessions for all scopes...
2025-04-09 00:03:27.967 [info] Getting sessions for all scopes...
2025-04-09 00:03:27.967 [info] Getting sessions for all scopes...
2025-04-09 00:03:27.967 [info] Getting sessions for all scopes...
2025-04-09 00:03:27.967 [info] Getting sessions for all scopes...
2025-04-09 00:03:27.967 [info] Got stored sessions!
2025-04-09 00:03:27.967 [info] Got 1 verified sessions.
2025-04-09 00:03:27.967 [info] Got 1 sessions for ...
2025-04-09 00:03:27.967 [info] Got 1 sessions for ...
2025-04-09 00:03:27.967 [info] Got 1 sessions for ...
2025-04-09 00:03:27.967 [info] Got 1 sessions for ...
2025-04-09 00:03:27.967 [info] Got 1 sessions for ...
2025-04-09 00:03:27.967 [info] Got 1 sessions for ...
2025-04-09 00:03:27.967 [info] Got 1 sessions for ...
2025-04-09 00:03:28.002 [info] Getting sessions for user:email...
2025-04-09 00:03:28.002 [info] Got 1 sessions for user:email...
2025-04-09 00:03:28.344 [info] Getting sessions for read:user,repo,user:email...
2025-04-09 00:03:28.344 [info] Got 0 sessions for read:user,repo,user:email...
2025-04-09 00:03:29.802 [info] Getting sessions for all scopes...
2025-04-09 00:03:29.802 [info] Got 1 sessions for ...
2025-04-09 00:03:49.960 [info] Reading sessions from keychain...
2025-04-09 00:03:49.960 [info] Getting sessions for all scopes...
2025-04-09 00:03:49.960 [info] Getting sessions for all scopes...
2025-04-09 00:03:49.960 [info] Got stored sessions!
2025-04-09 00:03:49.960 [info] Got 1 verified sessions.
2025-04-09 00:03:49.960 [info] Got 1 sessions for ...
2025-04-09 00:03:49.960 [info] Got 1 sessions for ...
2025-04-09 00:03:49.960 [info] Getting sessions for user:email...
2025-04-09 00:03:49.960 [info] Got 1 sessions for user:email...
2025-04-09 00:03:49.960 [info] Getting sessions for all scopes...
2025-04-09 00:03:49.960 [info] Got 1 sessions for ...
2025-04-09 00:03:49.960 [info] Getting sessions for all scopes...
2025-04-09 00:03:49.960 [info] Got 1 sessions for ...
2025-04-09 00:03:49.960 [info] Getting sessions for all scopes...
2025-04-09 00:03:49.960 [info] Got 1 sessions for ...
2025-04-09 00:03:49.960 [info] Getting sessions for all scopes...
2025-04-09 00:03:49.960 [info] Got 1 sessions for ...
2025-04-09 00:03:49.960 [info] Getting sessions for all scopes...
2025-04-09 00:03:49.960 [info] Got 1 sessions for ...
2025-04-09 00:03:50.389 [info] Getting sessions for read:user,repo,user:email...
2025-04-09 00:03:50.389 [info] Got 0 sessions for read:user,repo,user:email...
2025-04-09 00:03:51.953 [info] Getting sessions for all scopes...
2025-04-09 00:03:51.953 [info] Got 1 sessions for ...
2025-04-09 00:03:53.919 [info] Getting sessions for read:user,repo,user:email,workflow...
2025-04-09 00:03:53.920 [info] Got 0 sessions for read:user,repo,user:email,workflow...
2025-04-09 00:03:53.920 [info] Getting sessions for all scopes...
2025-04-09 00:03:53.920 [info] Got 1 sessions for ...
2025-04-09 00:03:53.920 [info] Getting sessions for all scopes...
2025-04-09 00:03:53.920 [info] Got 1 sessions for ...
2025-04-09 00:03:53.936 [info] Getting sessions for read:user...
2025-04-09 00:03:53.936 [info] Got 0 sessions for read:user...
2025-04-09 00:03:53.937 [info] Getting sessions for read:user,repo,user:email,workflow...
2025-04-09 00:03:53.937 [info] Got 0 sessions for read:user,repo,user:email,workflow...
2025-04-09 00:03:53.937 [info] Getting sessions for user:email...
2025-04-09 00:03:53.937 [info] Got 1 sessions for user:email...
2025-04-09 00:03:53.937 [info] Getting sessions for user:email...
2025-04-09 00:03:53.937 [info] Got 1 sessions for user:email...
2025-04-09 00:03:53.940 [info] Getting sessions for all scopes...
2025-04-09 00:03:53.940 [info] Got 1 sessions for ...
2025-04-09 00:03:53.943 [info] Getting sessions for read:user,repo,user:email,workflow...
2025-04-09 00:03:53.943 [info] Got 0 sessions for read:user,repo,user:email,workflow...
2025-04-09 00:03:54.756 [info] Getting sessions for user:email...
2025-04-09 00:03:54.756 [info] Got 1 sessions for user:email...
2025-04-09 00:03:54.757 [info] Getting sessions for all scopes...
2025-04-09 00:03:54.757 [info] Got 1 sessions for ...
2025-04-09 00:03:54.758 [info] Getting sessions for read:user,repo,user:email,workflow...
2025-04-09 00:03:54.758 [info] Got 0 sessions for read:user,repo,user:email,workflow...
2025-04-09 00:03:54.758 [info] Getting sessions for user:email...
2025-04-09 00:03:54.758 [info] Got 1 sessions for user:email...
2025-04-09 00:03:54.830 [info] Getting sessions for all scopes...
2025-04-09 00:03:54.830 [info] Got 1 sessions for ...
2025-04-09 00:03:54.843 [info] Getting sessions for read:user,repo,user:email,workflow...
2025-04-09 00:03:54.843 [info] Got 0 sessions for read:user,repo,user:email,workflow...
2025-04-09 00:03:54.843 [info] Getting sessions for user:email...
2025-04-09 00:03:54.843 [info] Got 1 sessions for user:email...
2025-04-09 00:03:55.467 [info] Getting sessions for all scopes...
2025-04-09 00:03:55.467 [info] Got 1 sessions for ...
2025-04-09 00:03:55.467 [info] Getting sessions for all scopes...
2025-04-09 00:03:55.467 [info] Got 1 sessions for ...
2025-04-09 00:03:55.478 [info] Getting sessions for read:user,repo,user:email,workflow...
2025-04-09 00:03:55.478 [info] Got 0 sessions for read:user,repo,user:email,workflow...
2025-04-09 00:03:55.479 [info] Getting sessions for user:email...
2025-04-09 00:03:55.479 [info] Got 1 sessions for user:email...
2025-04-09 00:03:55.480 [info] Getting sessions for all scopes...
2025-04-09 00:03:55.480 [info] Got 1 sessions for ...
2025-04-09 00:03:55.481 [info] Getting sessions for read:user,repo,user:email,workflow...
2025-04-09 00:03:55.481 [info] Got 0 sessions for read:user,repo,user:email,workflow...
2025-04-09 00:03:55.481 [info] Getting sessions for user:email...
2025-04-09 00:03:55.481 [info] Got 1 sessions for user:email...
2025-04-09 00:03:55.515 [info] Getting sessions for all scopes...
2025-04-09 00:03:55.515 [info] Got 1 sessions for ...
2025-04-09 00:03:55.521 [info] Getting sessions for read:user,repo,user:email,workflow...
2025-04-09 00:03:55.521 [info] Got 0 sessions for read:user,repo,user:email,workflow...
2025-04-09 00:03:55.522 [info] Getting sessions for user:email...
2025-04-09 00:03:55.522 [info] Got 1 sessions for user:email...
2025-04-09 00:03:56.467 [info] Getting sessions for all scopes...
2025-04-09 00:03:56.467 [info] Got 1 sessions for ...
2025-04-09 00:03:56.469 [info] Getting sessions for read:user,repo,user:email,workflow...
2025-04-09 00:03:56.469 [info] Got 0 sessions for read:user,repo,user:email,workflow...
2025-04-09 00:03:56.480 [info] Getting sessions for user:email...
2025-04-09 00:03:56.480 [info] Got 1 sessions for user:email...
2025-04-09 00:15:19.679 [info] Reading sessions from keychain...
2025-04-09 00:15:19.679 [info] Getting sessions for all scopes...
2025-04-09 00:15:19.679 [info] Getting sessions for all scopes...
2025-04-09 00:15:19.679 [info] Getting sessions for all scopes...
2025-04-09 00:15:19.679 [info] Getting sessions for user:email...
2025-04-09 00:15:19.679 [info] Got stored sessions!
2025-04-09 00:15:19.679 [info] Got 1 verified sessions.
2025-04-09 00:15:19.679 [info] Got 1 sessions for ...
2025-04-09 00:15:19.679 [info] Got 1 sessions for ...
2025-04-09 00:15:19.679 [info] Got 1 sessions for ...
2025-04-09 00:15:19.679 [info] Got 1 sessions for user:email...
2025-04-09 00:15:21.351 [info] Getting sessions for read:user,repo,user:email...
2025-04-09 00:15:21.351 [info] Got 0 sessions for read:user,repo,user:email...
2025-04-09 00:15:21.352 [info] Getting sessions for read:user,repo,user:email,workflow...
2025-04-09 00:15:21.352 [info] Got 0 sessions for read:user,repo,user:email,workflow...
2025-04-09 00:15:21.352 [info] Getting sessions for all scopes...
2025-04-09 00:15:21.352 [info] Got 1 sessions for ...
2025-04-09 00:15:21.352 [info] Getting sessions for all scopes...
2025-04-09 00:15:21.352 [info] Got 1 sessions for ...
2025-04-09 00:15:21.367 [info] Getting sessions for read:user...
2025-04-09 00:15:21.367 [info] Got 0 sessions for read:user...
2025-04-09 00:15:21.368 [info] Getting sessions for read:user,repo,user:email,workflow...
2025-04-09 00:15:21.368 [info] Got 0 sessions for read:user,repo,user:email,workflow...
2025-04-09 00:15:21.369 [info] Getting sessions for user:email...
2025-04-09 00:15:21.369 [info] Got 1 sessions for user:email...
2025-04-09 00:15:21.370 [info] Getting sessions for user:email...
2025-04-09 00:15:21.370 [info] Got 1 sessions for user:email...
2025-04-09 00:15:21.375 [info] Getting sessions for all scopes...
2025-04-09 00:15:21.375 [info] Got 1 sessions for ...
2025-04-09 00:15:21.376 [info] Getting sessions for read:user,repo,user:email,workflow...
2025-04-09 00:15:21.376 [info] Got 0 sessions for read:user,repo,user:email,workflow...
2025-04-09 00:15:22.182 [info] Getting sessions for user:email...
2025-04-09 00:15:22.182 [info] Got 1 sessions for user:email...
2025-04-09 00:15:22.184 [info] Getting sessions for all scopes...
2025-04-09 00:15:22.184 [info] Got 1 sessions for ...
2025-04-09 00:15:22.195 [info] Getting sessions for read:user,repo,user:email,workflow...
2025-04-09 00:15:22.195 [info] Got 0 sessions for read:user,repo,user:email,workflow...
2025-04-09 00:15:22.198 [info] Getting sessions for user:email...
2025-04-09 00:15:22.198 [info] Got 1 sessions for user:email...
2025-04-09 00:15:32.191 [info] Getting sessions for all scopes...
2025-04-09 00:15:32.191 [info] Got 1 sessions for ...
2025-04-09 00:15:32.191 [info] Getting sessions for read:user,repo,user:email,workflow...
2025-04-09 00:15:32.191 [info] Got 0 sessions for read:user,repo,user:email,workflow...
2025-04-09 00:15:32.192 [info] Getting sessions for user:email...
2025-04-09 00:15:32.192 [info] Got 1 sessions for user:email...
2025-04-09 00:16:35.939 [info] Getting sessions for all scopes...
2025-04-09 00:16:35.939 [info] Got 1 sessions for ...
2025-04-09 00:16:35.940 [info] Getting sessions for all scopes...
2025-04-09 00:16:35.940 [info] Got 1 sessions for ...
2025-04-09 00:16:35.940 [info] Getting sessions for read:user,repo,user:email,workflow...
2025-04-09 00:16:35.940 [info] Got 0 sessions for read:user,repo,user:email,workflow...
2025-04-09 00:16:35.941 [info] Getting sessions for user:email...
2025-04-09 00:16:35.941 [info] Got 1 sessions for user:email...
2025-04-09 00:16:35.942 [info] Getting sessions for all scopes...
2025-04-09 00:16:35.942 [info] Got 1 sessions for ...
2025-04-09 00:16:35.942 [info] Getting sessions for read:user,repo,user:email,workflow...
2025-04-09 00:16:35.942 [info] Got 0 sessions for read:user,repo,user:email,workflow...
2025-04-09 00:16:35.943 [info] Getting sessions for user:email...
2025-04-09 00:16:35.943 [info] Got 1 sessions for user:email...
2025-04-09 00:16:35.981 [info] Getting sessions for all scopes...
2025-04-09 00:16:35.981 [info] Got 1 sessions for ...
2025-04-09 00:16:35.983 [info] Getting sessions for read:user,repo,user:email,workflow...
2025-04-09 00:16:35.983 [info] Got 0 sessions for read:user,repo,user:email,workflow...
2025-04-09 00:16:35.984 [info] Getting sessions for user:email...
2025-04-09 00:16:35.984 [info] Got 1 sessions for user:email...
2025-04-09 00:16:37.159 [info] Getting sessions for all scopes...
2025-04-09 00:16:37.159 [info] Got 1 sessions for ...
2025-04-09 00:16:37.160 [info] Getting sessions for read:user,repo,user:email,workflow...
2025-04-09 00:16:37.160 [info] Got 0 sessions for read:user,repo,user:email,workflow...
2025-04-09 00:16:37.160 [info] Getting sessions for user:email...
2025-04-09 00:16:37.160 [info] Got 1 sessions for user:email...
2025-04-09 00:31:37.163 [info] Getting sessions for all scopes...
2025-04-09 00:31:37.163 [info] Got 1 sessions for ...
2025-04-09 00:31:37.164 [info] Getting sessions for read:user,repo,user:email,workflow...
2025-04-09 00:31:37.164 [info] Got 0 sessions for read:user,repo,user:email,workflow...
2025-04-09 00:31:37.164 [info] Getting sessions for user:email...
2025-04-09 00:31:37.164 [info] Got 1 sessions for user:email...
2025-04-09 00:41:35.929 [info] Getting sessions for all scopes...
2025-04-09 00:41:35.929 [info] Got 1 sessions for ...
2025-04-09 00:41:35.929 [info] Getting sessions for read:user,repo,user:email,workflow...
2025-04-09 00:41:35.929 [info] Got 0 sessions for read:user,repo,user:email,workflow...
2025-04-09 00:41:35.930 [info] Getting sessions for user:email...
2025-04-09 00:41:35.930 [info] Got 1 sessions for user:email...
2025-04-09 00:41:36.646 [info] Getting sessions for all scopes...
2025-04-09 00:41:36.646 [info] Got 1 sessions for ...
2025-04-09 00:41:36.646 [info] Getting sessions for all scopes...
2025-04-09 00:41:36.646 [info] Got 1 sessions for ...
2025-04-09 00:41:36.646 [info] Getting sessions for read:user,repo,user:email,workflow...
2025-04-09 00:41:36.646 [info] Got 0 sessions for read:user,repo,user:email,workflow...
2025-04-09 00:41:36.647 [info] Getting sessions for user:email...
2025-04-09 00:41:36.647 [info] Got 1 sessions for user:email...
2025-04-09 00:41:36.647 [info] Getting sessions for all scopes...
2025-04-09 00:41:36.647 [info] Got 1 sessions for ...
2025-04-09 00:41:36.648 [info] Getting sessions for read:user,repo,user:email,workflow...
2025-04-09 00:41:36.648 [info] Got 0 sessions for read:user,repo,user:email,workflow...
2025-04-09 00:41:36.648 [info] Getting sessions for user:email...
2025-04-09 00:41:36.648 [info] Got 1 sessions for user:email...
2025-04-09 00:41:36.653 [info] Getting sessions for all scopes...
2025-04-09 00:41:36.653 [info] Got 1 sessions for ...
2025-04-09 00:41:36.654 [info] Getting sessions for read:user,repo,user:email,workflow...
2025-04-09 00:41:36.654 [info] Got 0 sessions for read:user,repo,user:email,workflow...
2025-04-09 00:41:36.654 [info] Getting sessions for user:email...
2025-04-09 00:41:36.654 [info] Got 1 sessions for user:email...
2025-04-09 00:56:36.664 [info] Getting sessions for all scopes...
2025-04-09 00:56:36.664 [info] Got 1 sessions for ...
2025-04-09 00:56:36.665 [info] Getting sessions for read:user,repo,user:email,workflow...
2025-04-09 00:56:36.665 [info] Got 0 sessions for read:user,repo,user:email,workflow...
2025-04-09 00:56:36.666 [info] Getting sessions for user:email...
2025-04-09 00:56:36.666 [info] Got 1 sessions for user:email...
2025-04-09 01:06:36.656 [info] Getting sessions for all scopes...
2025-04-09 01:06:36.656 [info] Got 1 sessions for ...
2025-04-09 01:06:36.657 [info] Getting sessions for read:user,repo,user:email,workflow...
2025-04-09 01:06:36.657 [info] Got 0 sessions for read:user,repo,user:email,workflow...
2025-04-09 01:06:36.657 [info] Getting sessions for user:email...
2025-04-09 01:06:36.658 [info] Got 1 sessions for user:email...
2025-04-09 01:06:37.334 [info] Getting sessions for all scopes...
2025-04-09 01:06:37.334 [info] Got 1 sessions for ...
2025-04-09 01:06:37.334 [info] Getting sessions for all scopes...
2025-04-09 01:06:37.334 [info] Got 1 sessions for ...
2025-04-09 01:06:37.335 [info] Getting sessions for read:user,repo,user:email,workflow...
2025-04-09 01:06:37.335 [info] Got 0 sessions for read:user,repo,user:email,workflow...
2025-04-09 01:06:37.335 [info] Getting sessions for user:email...
2025-04-09 01:06:37.335 [info] Got 1 sessions for user:email...
2025-04-09 01:06:37.336 [info] Getting sessions for all scopes...
2025-04-09 01:06:37.336 [info] Got 1 sessions for ...
2025-04-09 01:06:37.336 [info] Getting sessions for read:user,repo,user:email,workflow...
2025-04-09 01:06:37.336 [info] Got 0 sessions for read:user,repo,user:email,workflow...
2025-04-09 01:06:37.337 [info] Getting sessions for user:email...
2025-04-09 01:06:37.337 [info] Got 1 sessions for user:email...
2025-04-09 01:06:37.341 [info] Getting sessions for all scopes...
2025-04-09 01:06:37.341 [info] Got 1 sessions for ...
2025-04-09 01:06:37.341 [info] Getting sessions for read:user,repo,user:email,workflow...
2025-04-09 01:06:37.341 [info] Got 0 sessions for read:user,repo,user:email,workflow...
2025-04-09 01:06:37.342 [info] Getting sessions for user:email...
2025-04-09 01:06:37.342 [info] Got 1 sessions for user:email...
2025-04-09 01:21:37.352 [info] Getting sessions for all scopes...
2025-04-09 01:21:37.352 [info] Got 1 sessions for ...
2025-04-09 01:21:37.353 [info] Getting sessions for read:user,repo,user:email,workflow...
2025-04-09 01:21:37.353 [info] Got 0 sessions for read:user,repo,user:email,workflow...
2025-04-09 01:21:37.353 [info] Getting sessions for user:email...
2025-04-09 01:21:37.353 [info] Got 1 sessions for user:email...
2025-04-09 01:31:37.336 [info] Getting sessions for all scopes...
2025-04-09 01:31:37.336 [info] Got 1 sessions for ...
2025-04-09 01:31:37.337 [info] Getting sessions for read:user,repo,user:email,workflow...
2025-04-09 01:31:37.337 [info] Got 0 sessions for read:user,repo,user:email,workflow...
2025-04-09 01:31:37.338 [info] Getting sessions for user:email...
2025-04-09 01:31:37.338 [info] Got 1 sessions for user:email...
2025-04-09 01:31:38.040 [info] Getting sessions for all scopes...
2025-04-09 01:31:38.040 [info] Got 1 sessions for ...
2025-04-09 01:31:38.040 [info] Getting sessions for all scopes...
2025-04-09 01:31:38.040 [info] Got 1 sessions for ...
2025-04-09 01:31:38.040 [info] Getting sessions for read:user,repo,user:email,workflow...
2025-04-09 01:31:38.040 [info] Got 0 sessions for read:user,repo,user:email,workflow...
2025-04-09 01:31:38.041 [info] Getting sessions for user:email...
2025-04-09 01:31:38.041 [info] Got 1 sessions for user:email...
2025-04-09 01:31:38.042 [info] Getting sessions for all scopes...
2025-04-09 01:31:38.042 [info] Got 1 sessions for ...
2025-04-09 01:31:38.042 [info] Getting sessions for read:user,repo,user:email,workflow...
2025-04-09 01:31:38.042 [info] Got 0 sessions for read:user,repo,user:email,workflow...
2025-04-09 01:31:38.043 [info] Getting sessions for user:email...
2025-04-09 01:31:38.043 [info] Got 1 sessions for user:email...
2025-04-09 01:31:38.046 [info] Getting sessions for all scopes...
2025-04-09 01:31:38.047 [info] Got 1 sessions for ...
2025-04-09 01:31:38.047 [info] Getting sessions for read:user,repo,user:email,workflow...
2025-04-09 01:31:38.047 [info] Got 0 sessions for read:user,repo,user:email,workflow...
2025-04-09 01:31:38.047 [info] Getting sessions for user:email...
2025-04-09 01:31:38.047 [info] Got 1 sessions for user:email...
2025-04-09 01:46:38.048 [info] Getting sessions for all scopes...
2025-04-09 01:46:38.048 [info] Got 1 sessions for ...
2025-04-09 01:46:38.049 [info] Getting sessions for read:user,repo,user:email,workflow...
2025-04-09 01:46:38.049 [info] Got 0 sessions for read:user,repo,user:email,workflow...
2025-04-09 01:46:38.050 [info] Getting sessions for user:email...
2025-04-09 01:46:38.050 [info] Got 1 sessions for user:email...
2025-04-09 01:56:38.040 [info] Getting sessions for all scopes...
2025-04-09 01:56:38.040 [info] Got 1 sessions for ...
2025-04-09 01:56:38.041 [info] Getting sessions for read:user,repo,user:email,workflow...
2025-04-09 01:56:38.041 [info] Got 0 sessions for read:user,repo,user:email,workflow...
2025-04-09 01:56:38.042 [info] Getting sessions for user:email...
2025-04-09 01:56:38.042 [info] Got 1 sessions for user:email...
2025-04-09 01:58:57.165 [info] Getting sessions for all scopes...
2025-04-09 01:58:57.165 [info] Got 1 sessions for ...
2025-04-09 01:58:57.165 [info] Getting sessions for all scopes...
2025-04-09 01:58:57.165 [info] Got 1 sessions for ...
2025-04-09 01:58:57.165 [info] Getting sessions for read:user,repo,user:email,workflow...
2025-04-09 01:58:57.165 [info] Got 0 sessions for read:user,repo,user:email,workflow...
2025-04-09 01:58:57.166 [info] Getting sessions for user:email...
2025-04-09 01:58:57.166 [info] Got 1 sessions for user:email...
2025-04-09 01:58:57.166 [info] Getting sessions for all scopes...
2025-04-09 01:58:57.166 [info] Got 1 sessions for ...
2025-04-09 01:58:57.167 [info] Getting sessions for read:user,repo,user:email,workflow...
2025-04-09 01:58:57.167 [info] Got 0 sessions for read:user,repo,user:email,workflow...
2025-04-09 01:58:57.168 [info] Getting sessions for user:email...
2025-04-09 01:58:57.168 [info] Got 1 sessions for user:email...
2025-04-09 01:58:57.168 [info] Getting sessions for all scopes...
2025-04-09 01:58:57.168 [info] Got 1 sessions for ...
2025-04-09 01:58:57.169 [info] Getting sessions for read:user,repo,user:email,workflow...
2025-04-09 01:58:57.169 [info] Got 0 sessions for read:user,repo,user:email,workflow...
2025-04-09 01:58:57.169 [info] Getting sessions for user:email...
2025-04-09 01:58:57.169 [info] Got 1 sessions for user:email...
2025-04-09 02:01:16.474 [info] Getting sessions for all scopes...
2025-04-09 02:01:16.474 [info] Got 1 sessions for ...
2025-04-09 02:01:16.474 [info] Getting sessions for read:user,repo,user:email,workflow...
2025-04-09 02:01:16.474 [info] Got 0 sessions for read:user,repo,user:email,workflow...
2025-04-09 02:01:16.475 [info] Getting sessions for user:email...
2025-04-09 02:01:16.475 [info] Got 1 sessions for user:email...
2025-04-09 02:01:16.475 [info] Getting sessions for all scopes...
2025-04-09 02:01:16.475 [info] Got 1 sessions for ...
2025-04-09 02:01:16.476 [info] Getting sessions for read:user,repo,user:email,workflow...
2025-04-09 02:01:16.476 [info] Got 0 sessions for read:user,repo,user:email,workflow...
2025-04-09 02:01:16.476 [info] Getting sessions for user:email...
2025-04-09 02:01:16.476 [info] Got 1 sessions for user:email...
2025-04-09 02:01:17.168 [info] Getting sessions for all scopes...
2025-04-09 02:01:17.168 [info] Got 1 sessions for ...
2025-04-09 02:01:17.168 [info] Getting sessions for all scopes...
2025-04-09 02:01:17.168 [info] Got 1 sessions for ...
2025-04-09 02:01:17.169 [info] Getting sessions for read:user,repo,user:email,workflow...
2025-04-09 02:01:17.169 [info] Got 0 sessions for read:user,repo,user:email,workflow...
2025-04-09 02:01:17.169 [info] Getting sessions for user:email...
2025-04-09 02:01:17.169 [info] Got 1 sessions for user:email...
2025-04-09 02:01:17.170 [info] Getting sessions for all scopes...
2025-04-09 02:01:17.170 [info] Got 1 sessions for ...
2025-04-09 02:01:17.170 [info] Getting sessions for read:user,repo,user:email,workflow...
2025-04-09 02:01:17.170 [info] Got 0 sessions for read:user,repo,user:email,workflow...
2025-04-09 02:01:17.171 [info] Getting sessions for user:email...
2025-04-09 02:01:17.171 [info] Got 1 sessions for user:email...
2025-04-09 02:01:17.202 [info] Getting sessions for all scopes...
2025-04-09 02:01:17.203 [info] Got 1 sessions for ...
2025-04-09 02:01:17.206 [info] Getting sessions for read:user,repo,user:email,workflow...
2025-04-09 02:01:17.206 [info] Got 0 sessions for read:user,repo,user:email,workflow...
2025-04-09 02:01:17.206 [info] Getting sessions for user:email...
2025-04-09 02:01:17.206 [info] Got 1 sessions for user:email...
