2025-04-09 16:54:23.656 [info] Reading sessions from keychain...
2025-04-09 16:54:23.656 [info] Getting sessions for all scopes...
2025-04-09 16:54:23.656 [info] Getting sessions for all scopes...
2025-04-09 16:54:23.656 [info] Getting sessions for all scopes...
2025-04-09 16:54:23.656 [info] Getting sessions for all scopes...
2025-04-09 16:54:23.656 [info] Getting sessions for all scopes...
2025-04-09 16:54:23.656 [info] Getting sessions for all scopes...
2025-04-09 16:54:23.656 [info] Getting sessions for all scopes...
2025-04-09 16:54:23.656 [info] Got stored sessions!
2025-04-09 16:54:23.656 [info] Got 1 verified sessions.
2025-04-09 16:54:23.656 [info] Got 1 sessions for ...
2025-04-09 16:54:23.656 [info] Got 1 sessions for ...
2025-04-09 16:54:23.656 [info] Got 1 sessions for ...
2025-04-09 16:54:23.656 [info] Got 1 sessions for ...
2025-04-09 16:54:23.656 [info] Got 1 sessions for ...
2025-04-09 16:54:23.656 [info] Got 1 sessions for ...
2025-04-09 16:54:23.656 [info] Got 1 sessions for ...
2025-04-09 16:54:23.829 [info] Getting sessions for all scopes...
2025-04-09 16:54:23.829 [info] Got 1 sessions for ...
2025-04-09 16:54:23.901 [info] Getting sessions for user:email...
2025-04-09 16:54:23.901 [info] Got 1 sessions for user:email...
2025-04-09 16:54:25.405 [info] Getting sessions for read:user,repo,user:email...
2025-04-09 16:54:25.405 [info] Got 0 sessions for read:user,repo,user:email...
2025-04-09 16:54:25.422 [info] Getting sessions for read:user,repo,user:email,workflow...
2025-04-09 16:54:25.422 [info] Got 0 sessions for read:user,repo,user:email,workflow...
2025-04-09 16:54:25.462 [info] Getting sessions for all scopes...
2025-04-09 16:54:25.462 [info] Got 1 sessions for ...
2025-04-09 16:54:25.462 [info] Getting sessions for all scopes...
2025-04-09 16:54:25.462 [info] Got 1 sessions for ...
2025-04-09 16:54:25.513 [info] Getting sessions for read:user...
2025-04-09 16:54:25.513 [info] Got 0 sessions for read:user...
2025-04-09 16:54:25.536 [info] Getting sessions for all scopes...
2025-04-09 16:54:25.536 [info] Got 1 sessions for ...
2025-04-09 16:54:25.536 [info] Getting sessions for read:user,repo,user:email,workflow...
2025-04-09 16:54:25.536 [info] Got 0 sessions for read:user,repo,user:email,workflow...
2025-04-09 16:54:25.555 [info] Getting sessions for user:email...
2025-04-09 16:54:25.555 [info] Got 1 sessions for user:email...
2025-04-09 16:54:25.556 [info] Getting sessions for user:email...
2025-04-09 16:54:25.556 [info] Got 1 sessions for user:email...
2025-04-09 16:54:26.512 [info] Getting sessions for all scopes...
2025-04-09 16:54:26.512 [info] Got 1 sessions for ...
2025-04-09 16:54:26.513 [info] Getting sessions for read:user,repo,user:email,workflow...
2025-04-09 16:54:26.513 [info] Got 0 sessions for read:user,repo,user:email,workflow...
2025-04-09 16:54:26.516 [info] Getting sessions for user:email...
2025-04-09 16:54:26.516 [info] Got 1 sessions for user:email...
2025-04-09 16:54:26.517 [info] Getting sessions for all scopes...
2025-04-09 16:54:26.517 [info] Got 1 sessions for ...
2025-04-09 16:54:26.529 [info] Getting sessions for read:user,repo,user:email,workflow...
2025-04-09 16:54:26.529 [info] Got 0 sessions for read:user,repo,user:email,workflow...
2025-04-09 16:54:26.529 [info] Getting sessions for user:email...
2025-04-09 16:54:26.529 [info] Got 1 sessions for user:email...
2025-04-09 16:54:26.680 [info] Getting sessions for all scopes...
2025-04-09 16:54:26.680 [info] Got 1 sessions for ...
2025-04-09 16:54:26.681 [info] Getting sessions for read:user,repo,user:email,workflow...
2025-04-09 16:54:26.681 [info] Got 0 sessions for read:user,repo,user:email,workflow...
2025-04-09 16:54:26.682 [info] Getting sessions for user:email...
2025-04-09 16:54:26.682 [info] Got 1 sessions for user:email...
2025-04-09 16:54:27.263 [info] Getting sessions for all scopes...
2025-04-09 16:54:27.263 [info] Got 1 sessions for ...
2025-04-09 16:54:27.263 [info] Getting sessions for all scopes...
2025-04-09 16:54:27.263 [info] Got 1 sessions for ...
2025-04-09 16:54:27.275 [info] Getting sessions for read:user,repo,user:email,workflow...
2025-04-09 16:54:27.275 [info] Got 0 sessions for read:user,repo,user:email,workflow...
2025-04-09 16:54:27.276 [info] Getting sessions for user:email...
2025-04-09 16:54:27.276 [info] Got 1 sessions for user:email...
2025-04-09 16:54:27.277 [info] Getting sessions for all scopes...
2025-04-09 16:54:27.277 [info] Got 1 sessions for ...
2025-04-09 16:54:27.278 [info] Getting sessions for read:user,repo,user:email,workflow...
2025-04-09 16:54:27.278 [info] Got 0 sessions for read:user,repo,user:email,workflow...
2025-04-09 16:54:27.279 [info] Getting sessions for user:email...
2025-04-09 16:54:27.279 [info] Got 1 sessions for user:email...
2025-04-09 16:54:27.313 [info] Getting sessions for all scopes...
2025-04-09 16:54:27.313 [info] Got 1 sessions for ...
2025-04-09 16:54:27.314 [info] Getting sessions for read:user,repo,user:email,workflow...
2025-04-09 16:54:27.314 [info] Got 0 sessions for read:user,repo,user:email,workflow...
2025-04-09 16:54:27.314 [info] Getting sessions for user:email...
2025-04-09 16:54:27.314 [info] Got 1 sessions for user:email...
2025-04-09 16:54:28.282 [info] Getting sessions for all scopes...
2025-04-09 16:54:28.282 [info] Got 1 sessions for ...
2025-04-09 16:54:28.283 [info] Getting sessions for read:user,repo,user:email,workflow...
2025-04-09 16:54:28.283 [info] Got 0 sessions for read:user,repo,user:email,workflow...
2025-04-09 16:54:28.283 [info] Getting sessions for user:email...
2025-04-09 16:54:28.283 [info] Got 1 sessions for user:email...
2025-04-09 17:09:28.284 [info] Getting sessions for all scopes...
2025-04-09 17:09:28.284 [info] Got 1 sessions for ...
2025-04-09 17:09:28.285 [info] Getting sessions for read:user,repo,user:email,workflow...
2025-04-09 17:09:28.285 [info] Got 0 sessions for read:user,repo,user:email,workflow...
2025-04-09 17:09:28.286 [info] Getting sessions for user:email...
2025-04-09 17:09:28.286 [info] Got 1 sessions for user:email...
2025-04-09 17:19:27.256 [info] Getting sessions for all scopes...
2025-04-09 17:19:27.256 [info] Got 1 sessions for ...
2025-04-09 17:19:27.257 [info] Getting sessions for read:user,repo,user:email,workflow...
2025-04-09 17:19:27.257 [info] Got 0 sessions for read:user,repo,user:email,workflow...
2025-04-09 17:19:27.257 [info] Getting sessions for user:email...
2025-04-09 17:19:27.257 [info] Got 1 sessions for user:email...
2025-04-09 17:19:28.019 [info] Getting sessions for all scopes...
2025-04-09 17:19:28.019 [info] Got 1 sessions for ...
2025-04-09 17:19:28.020 [info] Getting sessions for all scopes...
2025-04-09 17:19:28.020 [info] Got 1 sessions for ...
2025-04-09 17:19:28.020 [info] Getting sessions for read:user,repo,user:email,workflow...
2025-04-09 17:19:28.020 [info] Got 0 sessions for read:user,repo,user:email,workflow...
2025-04-09 17:19:28.021 [info] Getting sessions for user:email...
2025-04-09 17:19:28.021 [info] Got 1 sessions for user:email...
2025-04-09 17:19:28.021 [info] Getting sessions for all scopes...
2025-04-09 17:19:28.021 [info] Got 1 sessions for ...
2025-04-09 17:19:28.022 [info] Getting sessions for read:user,repo,user:email,workflow...
2025-04-09 17:19:28.022 [info] Got 0 sessions for read:user,repo,user:email,workflow...
2025-04-09 17:19:28.022 [info] Getting sessions for user:email...
2025-04-09 17:19:28.022 [info] Got 1 sessions for user:email...
2025-04-09 17:19:28.027 [info] Getting sessions for all scopes...
2025-04-09 17:19:28.027 [info] Got 1 sessions for ...
2025-04-09 17:19:28.027 [info] Getting sessions for read:user,repo,user:email,workflow...
2025-04-09 17:19:28.027 [info] Got 0 sessions for read:user,repo,user:email,workflow...
2025-04-09 17:19:28.028 [info] Getting sessions for user:email...
2025-04-09 17:19:28.028 [info] Got 1 sessions for user:email...
2025-04-09 17:34:28.029 [info] Getting sessions for all scopes...
2025-04-09 17:34:28.029 [info] Got 1 sessions for ...
2025-04-09 17:34:28.030 [info] Getting sessions for read:user,repo,user:email,workflow...
2025-04-09 17:34:28.030 [info] Got 0 sessions for read:user,repo,user:email,workflow...
2025-04-09 17:34:28.031 [info] Getting sessions for user:email...
2025-04-09 17:34:28.031 [info] Got 1 sessions for user:email...
2025-04-09 17:34:28.031 [info] Getting sessions for all scopes...
2025-04-09 17:34:28.031 [info] Got 1 sessions for ...
2025-04-09 17:34:28.032 [info] Getting sessions for read:user,repo,user:email,workflow...
2025-04-09 17:34:28.032 [info] Got 0 sessions for read:user,repo,user:email,workflow...
2025-04-09 17:34:28.033 [info] Getting sessions for user:email...
2025-04-09 17:34:28.033 [info] Got 1 sessions for user:email...
2025-04-09 17:44:28.174 [info] Getting sessions for all scopes...
2025-04-09 17:44:28.176 [info] Got 1 sessions for ...
2025-04-09 17:44:28.184 [info] Getting sessions for read:user,repo,user:email,workflow...
2025-04-09 17:44:28.185 [info] Got 0 sessions for read:user,repo,user:email,workflow...
2025-04-09 17:44:28.186 [info] Getting sessions for user:email...
2025-04-09 17:44:28.186 [info] Got 1 sessions for user:email...
2025-04-09 17:44:29.172 [info] Getting sessions for all scopes...
2025-04-09 17:44:29.173 [info] Got 1 sessions for ...
2025-04-09 17:44:29.173 [info] Getting sessions for all scopes...
2025-04-09 17:44:29.173 [info] Got 1 sessions for ...
2025-04-09 17:44:29.175 [info] Getting sessions for read:user,repo,user:email,workflow...
2025-04-09 17:44:29.175 [info] Got 0 sessions for read:user,repo,user:email,workflow...
2025-04-09 17:44:29.176 [info] Getting sessions for user:email...
2025-04-09 17:44:29.176 [info] Got 1 sessions for user:email...
2025-04-09 17:44:29.178 [info] Getting sessions for all scopes...
2025-04-09 17:44:29.178 [info] Got 1 sessions for ...
2025-04-09 17:44:29.179 [info] Getting sessions for read:user,repo,user:email,workflow...
2025-04-09 17:44:29.179 [info] Got 0 sessions for read:user,repo,user:email,workflow...
2025-04-09 17:44:29.180 [info] Getting sessions for user:email...
2025-04-09 17:44:29.180 [info] Got 1 sessions for user:email...
2025-04-09 17:44:29.325 [info] Getting sessions for all scopes...
2025-04-09 17:44:29.325 [info] Got 1 sessions for ...
2025-04-09 17:44:29.327 [info] Getting sessions for read:user,repo,user:email,workflow...
2025-04-09 17:44:29.327 [info] Got 0 sessions for read:user,repo,user:email,workflow...
2025-04-09 17:44:29.328 [info] Getting sessions for user:email...
2025-04-09 17:44:29.328 [info] Got 1 sessions for user:email...
2025-04-09 17:59:29.363 [info] Getting sessions for all scopes...
2025-04-09 17:59:29.365 [info] Got 1 sessions for ...
2025-04-09 17:59:29.370 [info] Getting sessions for read:user,repo,user:email,workflow...
2025-04-09 17:59:29.371 [info] Got 0 sessions for read:user,repo,user:email,workflow...
2025-04-09 17:59:29.372 [info] Getting sessions for user:email...
2025-04-09 17:59:29.372 [info] Got 1 sessions for user:email...
2025-04-09 18:09:29.200 [info] Getting sessions for all scopes...
2025-04-09 18:09:29.202 [info] Got 1 sessions for ...
2025-04-09 18:09:29.206 [info] Getting sessions for read:user,repo,user:email,workflow...
2025-04-09 18:09:29.206 [info] Got 0 sessions for read:user,repo,user:email,workflow...
2025-04-09 18:09:29.207 [info] Getting sessions for user:email...
2025-04-09 18:09:29.207 [info] Got 1 sessions for user:email...
2025-04-09 18:09:30.016 [info] Getting sessions for all scopes...
2025-04-09 18:09:30.016 [info] Got 1 sessions for ...
2025-04-09 18:09:30.016 [info] Getting sessions for all scopes...
2025-04-09 18:09:30.016 [info] Got 1 sessions for ...
2025-04-09 18:09:30.016 [info] Getting sessions for read:user,repo,user:email,workflow...
2025-04-09 18:09:30.016 [info] Got 0 sessions for read:user,repo,user:email,workflow...
2025-04-09 18:09:30.017 [info] Getting sessions for user:email...
2025-04-09 18:09:30.017 [info] Got 1 sessions for user:email...
2025-04-09 18:09:30.018 [info] Getting sessions for all scopes...
2025-04-09 18:09:30.018 [info] Got 1 sessions for ...
2025-04-09 18:09:30.019 [info] Getting sessions for read:user,repo,user:email,workflow...
2025-04-09 18:09:30.019 [info] Got 0 sessions for read:user,repo,user:email,workflow...
2025-04-09 18:09:30.019 [info] Getting sessions for user:email...
2025-04-09 18:09:30.019 [info] Got 1 sessions for user:email...
2025-04-09 18:09:30.065 [info] Getting sessions for all scopes...
2025-04-09 18:09:30.065 [info] Got 1 sessions for ...
2025-04-09 18:09:30.079 [info] Getting sessions for read:user,repo,user:email,workflow...
2025-04-09 18:09:30.079 [info] Got 0 sessions for read:user,repo,user:email,workflow...
2025-04-09 18:09:30.079 [info] Getting sessions for user:email...
2025-04-09 18:09:30.079 [info] Got 1 sessions for user:email...
2025-04-09 18:22:45.795 [info] Getting sessions for read:user,repo,user:email,workflow...
2025-04-09 18:22:45.797 [info] Got 0 sessions for read:user,repo,user:email,workflow...
2025-04-09 18:22:45.801 [info] Getting sessions for read:user...
2025-04-09 18:22:45.801 [info] Got 0 sessions for read:user...
2025-04-09 18:22:45.804 [info] Getting sessions for user:email...
2025-04-09 18:22:45.804 [info] Got 1 sessions for user:email...
2025-04-09 18:24:30.094 [info] Getting sessions for all scopes...
2025-04-09 18:24:30.094 [info] Got 1 sessions for ...
2025-04-09 18:24:30.099 [info] Getting sessions for read:user,repo,user:email,workflow...
2025-04-09 18:24:30.099 [info] Got 0 sessions for read:user,repo,user:email,workflow...
2025-04-09 18:24:30.100 [info] Getting sessions for user:email...
2025-04-09 18:24:30.100 [info] Got 1 sessions for user:email...
2025-04-09 18:34:30.022 [info] Getting sessions for all scopes...
2025-04-09 18:34:30.025 [info] Got 1 sessions for ...
2025-04-09 18:34:30.025 [info] Getting sessions for read:user,repo,user:email,workflow...
2025-04-09 18:34:30.027 [info] Got 0 sessions for read:user,repo,user:email,workflow...
2025-04-09 18:34:30.028 [info] Getting sessions for user:email...
2025-04-09 18:34:30.028 [info] Got 1 sessions for user:email...
2025-04-09 18:34:30.827 [info] Getting sessions for all scopes...
2025-04-09 18:34:30.827 [info] Got 1 sessions for ...
2025-04-09 18:34:30.827 [info] Getting sessions for all scopes...
2025-04-09 18:34:30.827 [info] Got 1 sessions for ...
2025-04-09 18:34:30.829 [info] Getting sessions for read:user,repo,user:email,workflow...
2025-04-09 18:34:30.829 [info] Got 0 sessions for read:user,repo,user:email,workflow...
2025-04-09 18:34:30.830 [info] Getting sessions for user:email...
2025-04-09 18:34:30.830 [info] Got 1 sessions for user:email...
2025-04-09 18:34:30.831 [info] Getting sessions for all scopes...
2025-04-09 18:34:30.831 [info] Got 1 sessions for ...
2025-04-09 18:34:30.832 [info] Getting sessions for read:user,repo,user:email,workflow...
2025-04-09 18:34:30.832 [info] Got 0 sessions for read:user,repo,user:email,workflow...
2025-04-09 18:34:30.833 [info] Getting sessions for user:email...
2025-04-09 18:34:30.833 [info] Got 1 sessions for user:email...
2025-04-09 18:34:30.866 [info] Getting sessions for all scopes...
2025-04-09 18:34:30.866 [info] Got 1 sessions for ...
2025-04-09 18:34:30.867 [info] Getting sessions for read:user,repo,user:email,workflow...
2025-04-09 18:34:30.867 [info] Got 0 sessions for read:user,repo,user:email,workflow...
2025-04-09 18:34:30.868 [info] Getting sessions for user:email...
2025-04-09 18:34:30.868 [info] Got 1 sessions for user:email...
2025-04-09 18:47:46.364 [info] Getting sessions for read:user,repo,user:email,workflow...
2025-04-09 18:47:46.365 [info] Got 0 sessions for read:user,repo,user:email,workflow...
2025-04-09 18:47:46.380 [info] Getting sessions for read:user...
2025-04-09 18:47:46.380 [info] Got 0 sessions for read:user...
2025-04-09 18:47:46.381 [info] Getting sessions for user:email...
2025-04-09 18:47:46.381 [info] Got 1 sessions for user:email...
2025-04-09 18:49:30.896 [info] Getting sessions for all scopes...
2025-04-09 18:49:30.899 [info] Got 1 sessions for ...
2025-04-09 18:49:30.908 [info] Getting sessions for read:user,repo,user:email,workflow...
2025-04-09 18:49:30.909 [info] Got 0 sessions for read:user,repo,user:email,workflow...
2025-04-09 18:49:30.910 [info] Getting sessions for user:email...
2025-04-09 18:49:30.910 [info] Got 1 sessions for user:email...
2025-04-09 18:49:30.923 [info] Getting sessions for all scopes...
2025-04-09 18:49:30.923 [info] Got 1 sessions for ...
2025-04-09 18:49:30.924 [info] Getting sessions for read:user,repo,user:email,workflow...
2025-04-09 18:49:30.924 [info] Got 0 sessions for read:user,repo,user:email,workflow...
2025-04-09 18:49:30.925 [info] Getting sessions for user:email...
2025-04-09 18:49:30.925 [info] Got 1 sessions for user:email...
